c:\users\administrator\desktop\poco-1.7.5-all\poco-1.7.5-all\util\obj\util\debug_shared\vc140.pdb
c:\users\administrator\desktop\poco-1.7.5-all\poco-1.7.5-all\util\obj\util\debug_shared\vc140.idb
c:\users\administrator\desktop\poco-1.7.5-all\poco-1.7.5-all\util\obj\util\debug_shared\loggingconfigurator.obj
c:\users\administrator\desktop\poco-1.7.5-all\poco-1.7.5-all\util\obj\util\debug_shared\loggingsubsystem.obj
c:\users\administrator\desktop\poco-1.7.5-all\poco-1.7.5-all\util\obj\util\debug_shared\mapconfiguration.obj
c:\users\administrator\desktop\poco-1.7.5-all\poco-1.7.5-all\util\obj\util\debug_shared\option.obj
c:\users\administrator\desktop\poco-1.7.5-all\poco-1.7.5-all\util\obj\util\debug_shared\optioncallback.obj
c:\users\administrator\desktop\poco-1.7.5-all\poco-1.7.5-all\util\obj\util\debug_shared\optionexception.obj
c:\users\administrator\desktop\poco-1.7.5-all\poco-1.7.5-all\util\obj\util\debug_shared\optionprocessor.obj
c:\users\administrator\desktop\poco-1.7.5-all\poco-1.7.5-all\util\obj\util\debug_shared\optionset.obj
c:\users\administrator\desktop\poco-1.7.5-all\poco-1.7.5-all\util\obj\util\debug_shared\propertyfileconfiguration.obj
c:\users\administrator\desktop\poco-1.7.5-all\poco-1.7.5-all\util\obj\util\debug_shared\regexpvalidator.obj
c:\users\administrator\desktop\poco-1.7.5-all\poco-1.7.5-all\util\obj\util\debug_shared\serverapplication.obj
c:\users\administrator\desktop\poco-1.7.5-all\poco-1.7.5-all\util\obj\util\debug_shared\subsystem.obj
c:\users\administrator\desktop\poco-1.7.5-all\poco-1.7.5-all\util\obj\util\debug_shared\systemconfiguration.obj
c:\users\administrator\desktop\poco-1.7.5-all\poco-1.7.5-all\util\obj\util\debug_shared\timer.obj
c:\users\administrator\desktop\poco-1.7.5-all\poco-1.7.5-all\util\obj\util\debug_shared\timertask.obj
c:\users\administrator\desktop\poco-1.7.5-all\poco-1.7.5-all\util\obj\util\debug_shared\validator.obj
c:\users\administrator\desktop\poco-1.7.5-all\poco-1.7.5-all\util\obj\util\debug_shared\winregistryconfiguration.obj
c:\users\administrator\desktop\poco-1.7.5-all\poco-1.7.5-all\util\obj\util\debug_shared\winregistrykey.obj
c:\users\administrator\desktop\poco-1.7.5-all\poco-1.7.5-all\util\obj\util\debug_shared\winservice.obj
c:\users\administrator\desktop\poco-1.7.5-all\poco-1.7.5-all\util\obj\util\debug_shared\xmlconfiguration.obj
c:\users\administrator\desktop\poco-1.7.5-all\poco-1.7.5-all\util\obj\util\debug_shared\abstractconfiguration.obj
c:\users\administrator\desktop\poco-1.7.5-all\poco-1.7.5-all\util\obj\util\debug_shared\application.obj
c:\users\administrator\desktop\poco-1.7.5-all\poco-1.7.5-all\util\obj\util\debug_shared\configurationmapper.obj
c:\users\administrator\desktop\poco-1.7.5-all\poco-1.7.5-all\util\obj\util\debug_shared\configurationview.obj
c:\users\administrator\desktop\poco-1.7.5-all\poco-1.7.5-all\util\obj\util\debug_shared\filesystemconfiguration.obj
c:\users\administrator\desktop\poco-1.7.5-all\poco-1.7.5-all\util\obj\util\debug_shared\helpformatter.obj
c:\users\administrator\desktop\poco-1.7.5-all\poco-1.7.5-all\util\obj\util\debug_shared\inifileconfiguration.obj
c:\users\administrator\desktop\poco-1.7.5-all\poco-1.7.5-all\util\obj\util\debug_shared\intvalidator.obj
c:\users\administrator\desktop\poco-1.7.5-all\poco-1.7.5-all\util\obj\util\debug_shared\jsonconfiguration.obj
c:\users\administrator\desktop\poco-1.7.5-all\poco-1.7.5-all\util\obj\util\debug_shared\layeredconfiguration.obj
c:\users\administrator\workspace\bobsgame\lib\poco-1.7.5\util\obj\util\debug_shared\vc140.pdb
c:\users\administrator\workspace\bobsgame\lib\poco-1.7.5\util\obj\util\debug_shared\vc140.idb
c:\users\administrator\workspace\bobsgame\lib\poco-1.7.5\util\obj\util\debug_shared\loggingconfigurator.obj
c:\users\administrator\workspace\bobsgame\lib\poco-1.7.5\util\obj\util\debug_shared\loggingsubsystem.obj
c:\users\administrator\workspace\bobsgame\lib\poco-1.7.5\util\obj\util\debug_shared\mapconfiguration.obj
c:\users\administrator\workspace\bobsgame\lib\poco-1.7.5\util\obj\util\debug_shared\option.obj
c:\users\administrator\workspace\bobsgame\lib\poco-1.7.5\util\obj\util\debug_shared\optioncallback.obj
c:\users\administrator\workspace\bobsgame\lib\poco-1.7.5\util\obj\util\debug_shared\optionexception.obj
c:\users\administrator\workspace\bobsgame\lib\poco-1.7.5\util\obj\util\debug_shared\optionprocessor.obj
c:\users\administrator\workspace\bobsgame\lib\poco-1.7.5\util\obj\util\debug_shared\optionset.obj
c:\users\administrator\workspace\bobsgame\lib\poco-1.7.5\util\obj\util\debug_shared\propertyfileconfiguration.obj
c:\users\administrator\workspace\bobsgame\lib\poco-1.7.5\util\obj\util\debug_shared\regexpvalidator.obj
c:\users\administrator\workspace\bobsgame\lib\poco-1.7.5\util\obj\util\debug_shared\serverapplication.obj
c:\users\administrator\workspace\bobsgame\lib\poco-1.7.5\util\obj\util\debug_shared\subsystem.obj
c:\users\administrator\workspace\bobsgame\lib\poco-1.7.5\util\obj\util\debug_shared\systemconfiguration.obj
c:\users\administrator\workspace\bobsgame\lib\poco-1.7.5\util\obj\util\debug_shared\timer.obj
c:\users\administrator\workspace\bobsgame\lib\poco-1.7.5\util\obj\util\debug_shared\timertask.obj
c:\users\administrator\workspace\bobsgame\lib\poco-1.7.5\util\obj\util\debug_shared\validator.obj
c:\users\administrator\workspace\bobsgame\lib\poco-1.7.5\util\obj\util\debug_shared\winregistryconfiguration.obj
c:\users\administrator\workspace\bobsgame\lib\poco-1.7.5\util\obj\util\debug_shared\winregistrykey.obj
c:\users\administrator\workspace\bobsgame\lib\poco-1.7.5\util\obj\util\debug_shared\winservice.obj
c:\users\administrator\workspace\bobsgame\lib\poco-1.7.5\util\obj\util\debug_shared\xmlconfiguration.obj
c:\users\administrator\workspace\bobsgame\lib\poco-1.7.5\util\obj\util\debug_shared\abstractconfiguration.obj
c:\users\administrator\workspace\bobsgame\lib\poco-1.7.5\util\obj\util\debug_shared\application.obj
c:\users\administrator\workspace\bobsgame\lib\poco-1.7.5\util\obj\util\debug_shared\configurationmapper.obj
c:\users\administrator\workspace\bobsgame\lib\poco-1.7.5\util\obj\util\debug_shared\configurationview.obj
c:\users\administrator\workspace\bobsgame\lib\poco-1.7.5\util\obj\util\debug_shared\filesystemconfiguration.obj
c:\users\administrator\workspace\bobsgame\lib\poco-1.7.5\util\obj\util\debug_shared\helpformatter.obj
c:\users\administrator\workspace\bobsgame\lib\poco-1.7.5\util\obj\util\debug_shared\inifileconfiguration.obj
c:\users\administrator\workspace\bobsgame\lib\poco-1.7.5\util\obj\util\debug_shared\intvalidator.obj
c:\users\administrator\workspace\bobsgame\lib\poco-1.7.5\util\obj\util\debug_shared\jsonconfiguration.obj
c:\users\administrator\workspace\bobsgame\lib\poco-1.7.5\util\obj\util\debug_shared\layeredconfiguration.obj
c:\users\administrator\desktop\poco-1.7.5-all\poco-1.7.5-all\bin\pocoutild.ilk
c:\users\administrator\desktop\poco-1.7.5-all\poco-1.7.5-all\bin\pocoutild.dll
c:\users\administrator\desktop\poco-1.7.5-all\poco-1.7.5-all\bin\pocoutild.pdb
c:\users\administrator\workspace\bobsgame\lib\poco-1.7.5\bin\pocoutild.ilk
c:\users\administrator\workspace\bobsgame\lib\poco-1.7.5\bin\pocoutild.dll
c:\users\administrator\workspace\bobsgame\lib\poco-1.7.5\bin\pocoutild.pdb
c:\users\administrator\desktop\poco-1.7.5-all\poco-1.7.5-all\lib\pocoutild.lib
c:\users\administrator\desktop\poco-1.7.5-all\poco-1.7.5-all\lib\pocoutild.exp
c:\users\administrator\workspace\bobsgame\lib\poco-1.7.5\lib\pocoutild.lib
c:\users\administrator\workspace\bobsgame\lib\poco-1.7.5\lib\pocoutild.exp
c:\users\administrator\workspace\bobsgame\lib\poco-1.7.5\util\..\bin\pocoutild.dll
c:\users\administrator\workspace\bobsgame\lib\poco-1.7.5\util\obj\util\debug_shared\util.tlog\cl.command.1.tlog
c:\users\administrator\workspace\bobsgame\lib\poco-1.7.5\util\obj\util\debug_shared\util.tlog\cl.read.1.tlog
c:\users\administrator\workspace\bobsgame\lib\poco-1.7.5\util\obj\util\debug_shared\util.tlog\cl.write.1.tlog
c:\users\administrator\workspace\bobsgame\lib\poco-1.7.5\util\obj\util\debug_shared\util.tlog\link.command.1.tlog
c:\users\administrator\workspace\bobsgame\lib\poco-1.7.5\util\obj\util\debug_shared\util.tlog\link.read.1.tlog
c:\users\administrator\workspace\bobsgame\lib\poco-1.7.5\util\obj\util\debug_shared\util.tlog\link.write.1.tlog
c:\users\administrator\workspace\bobsgame\lib\poco-1.7.5\util\obj\util\debug_shared\util.tlog\util.write.1u.tlog
