c:\users\administrator\workspace\bobsgame\lib\poco-1.7.5\foundation\obj\foundation\release_static_mt\sorteddirectoryiterator.obj
c:\users\administrator\workspace\bobsgame\lib\poco-1.7.5\foundation\obj\foundation\release_static_mt\refcountedobject.obj
c:\users\administrator\workspace\bobsgame\lib\poco-1.7.5\foundation\obj\foundation\release_static_mt\numberparser.obj
c:\users\administrator\workspace\bobsgame\lib\poco-1.7.5\foundation\obj\foundation\release_static_mt\numberformatter.obj
c:\users\administrator\workspace\bobsgame\lib\poco-1.7.5\foundation\obj\foundation\release_static_mt\nesteddiagnosticcontext.obj
c:\users\administrator\workspace\bobsgame\lib\poco-1.7.5\foundation\obj\foundation\release_static_mt\memorypool.obj
c:\users\administrator\workspace\bobsgame\lib\poco-1.7.5\foundation\obj\foundation\release_static_mt\latin2encoding.obj
c:\users\administrator\workspace\bobsgame\lib\poco-1.7.5\foundation\obj\foundation\release_static_mt\fpenvironment.obj
c:\users\administrator\workspace\bobsgame\lib\poco-1.7.5\foundation\obj\foundation\release_static_mt\format.obj
c:\users\administrator\workspace\bobsgame\lib\poco-1.7.5\foundation\obj\foundation\release_static_mt\fifobufferstream.obj
c:\users\administrator\workspace\bobsgame\lib\poco-1.7.5\foundation\obj\foundation\release_static_mt\exception.obj
c:\users\administrator\workspace\bobsgame\lib\poco-1.7.5\foundation\obj\foundation\release_static_mt\eventchannel.obj
c:\users\administrator\workspace\bobsgame\lib\poco-1.7.5\foundation\obj\foundation\release_static_mt\error.obj
c:\users\administrator\workspace\bobsgame\lib\poco-1.7.5\foundation\obj\foundation\release_static_mt\environment.obj
c:\users\administrator\workspace\bobsgame\lib\poco-1.7.5\foundation\obj\foundation\release_static_mt\directorywatcher.obj
c:\users\administrator\workspace\bobsgame\lib\poco-1.7.5\foundation\obj\foundation\release_static_mt\debugger.obj
c:\users\administrator\workspace\bobsgame\lib\poco-1.7.5\foundation\obj\foundation\release_static_mt\checksum.obj
c:\users\administrator\workspace\bobsgame\lib\poco-1.7.5\foundation\obj\foundation\release_static_mt\bugcheck.obj
c:\users\administrator\workspace\bobsgame\lib\poco-1.7.5\foundation\obj\foundation\release_static_mt\atomiccounter.obj
c:\users\administrator\workspace\bobsgame\lib\poco-1.7.5\foundation\obj\foundation\release_static_mt\ascii.obj
c:\users\administrator\workspace\bobsgame\lib\poco-1.7.5\foundation\obj\foundation\release_static_mt\inflatingstream.obj
c:\users\administrator\workspace\bobsgame\lib\poco-1.7.5\foundation\obj\foundation\release_static_mt\hexbinaryencoder.obj
c:\users\administrator\workspace\bobsgame\lib\poco-1.7.5\foundation\obj\foundation\release_static_mt\hexbinarydecoder.obj
c:\users\administrator\workspace\bobsgame\lib\poco-1.7.5\foundation\obj\foundation\release_static_mt\filestream.obj
c:\users\administrator\workspace\bobsgame\lib\poco-1.7.5\foundation\obj\foundation\release_static_mt\deflatingstream.obj
c:\users\administrator\workspace\bobsgame\lib\poco-1.7.5\foundation\obj\foundation\release_static_mt\countingstream.obj
c:\users\administrator\workspace\bobsgame\lib\poco-1.7.5\foundation\obj\foundation\release_static_mt\binarywriter.obj
c:\users\administrator\workspace\bobsgame\lib\poco-1.7.5\foundation\obj\foundation\release_static_mt\binaryreader.obj
c:\users\administrator\workspace\bobsgame\lib\poco-1.7.5\foundation\obj\foundation\release_static_mt\base64encoder.obj
c:\users\administrator\workspace\bobsgame\lib\poco-1.7.5\foundation\obj\foundation\release_static_mt\base64decoder.obj
c:\users\administrator\workspace\bobsgame\lib\poco-1.7.5\foundation\obj\foundation\release_static_mt\base32encoder.obj
c:\users\administrator\workspace\bobsgame\lib\poco-1.7.5\foundation\obj\foundation\release_static_mt\base32decoder.obj
c:\users\administrator\workspace\bobsgame\lib\poco-1.7.5\foundation\obj\foundation\release_static_mt\void.obj
c:\users\administrator\workspace\bobsgame\lib\poco-1.7.5\foundation\obj\foundation\release_static_mt\variterator.obj
c:\users\administrator\workspace\bobsgame\lib\poco-1.7.5\foundation\obj\foundation\release_static_mt\varholder.obj
c:\users\administrator\workspace\bobsgame\lib\poco-1.7.5\foundation\obj\foundation\release_static_mt\var.obj
c:\users\administrator\workspace\bobsgame\lib\poco-1.7.5\foundation\obj\foundation\release_static_mt\utf32encoding.obj
c:\users\administrator\workspace\bobsgame\lib\poco-1.7.5\foundation\obj\foundation\release_static_mt\stringtokenizer.obj
c:\users\administrator\workspace\bobsgame\lib\poco-1.7.5\foundation\obj\foundation\release_static_mt\directoryiteratorstrategy.obj
c:\users\administrator\workspace\bobsgame\lib\poco-1.7.5\foundation\obj\foundation\release_static_mt\numericstring.obj
c:\users\administrator\workspace\bobsgame\lib\poco-1.7.5\foundation\obj\foundation\release_static_mt\threadlocal.obj
c:\users\administrator\workspace\bobsgame\lib\poco-1.7.5\foundation\obj\foundation\release_static_mt\thread.obj
c:\users\administrator\workspace\bobsgame\lib\poco-1.7.5\foundation\obj\foundation\release_static_mt\synchronizedobject.obj
c:\users\administrator\workspace\bobsgame\lib\poco-1.7.5\foundation\obj\foundation\release_static_mt\semaphore.obj
c:\users\administrator\workspace\bobsgame\lib\poco-1.7.5\foundation\obj\foundation\release_static_mt\rwlock.obj
c:\users\administrator\workspace\bobsgame\lib\poco-1.7.5\foundation\obj\foundation\release_static_mt\runnable.obj
c:\users\administrator\workspace\bobsgame\lib\poco-1.7.5\foundation\obj\foundation\release_static_mt\mutex.obj
c:\users\administrator\workspace\bobsgame\lib\poco-1.7.5\foundation\obj\foundation\release_static_mt\event.obj
c:\users\administrator\workspace\bobsgame\lib\poco-1.7.5\foundation\obj\foundation\release_static_mt\errorhandler.obj
c:\users\administrator\workspace\bobsgame\lib\poco-1.7.5\foundation\obj\foundation\release_static_mt\condition.obj
c:\users\administrator\workspace\bobsgame\lib\poco-1.7.5\foundation\obj\foundation\release_static_mt\activedispatcher.obj
c:\users\administrator\workspace\bobsgame\lib\poco-1.7.5\foundation\obj\foundation\release_static_mt\windows1251encoding.obj
c:\users\administrator\workspace\bobsgame\lib\poco-1.7.5\foundation\obj\foundation\release_static_mt\windows1250encoding.obj
c:\users\administrator\workspace\bobsgame\lib\poco-1.7.5\foundation\obj\foundation\release_static_mt\token.obj
c:\users\administrator\workspace\bobsgame\lib\poco-1.7.5\foundation\obj\foundation\release_static_mt\teestream.obj
c:\users\administrator\workspace\bobsgame\lib\poco-1.7.5\foundation\obj\foundation\release_static_mt\streamtokenizer.obj
c:\users\administrator\workspace\bobsgame\lib\poco-1.7.5\foundation\obj\foundation\release_static_mt\streamcopier.obj
c:\users\administrator\workspace\bobsgame\lib\poco-1.7.5\foundation\obj\foundation\release_static_mt\nullstream.obj
c:\users\administrator\workspace\bobsgame\lib\poco-1.7.5\foundation\obj\foundation\release_static_mt\memorystream.obj
c:\users\administrator\workspace\bobsgame\lib\poco-1.7.5\foundation\obj\foundation\release_static_mt\lineendingconverter.obj
c:\users\administrator\workspace\bobsgame\lib\poco-1.7.5\foundation\obj\foundation\release_static_mt\filechannel.obj
c:\users\administrator\workspace\bobsgame\lib\poco-1.7.5\foundation\obj\foundation\release_static_mt\eventlogchannel.obj
c:\users\administrator\workspace\bobsgame\lib\poco-1.7.5\foundation\obj\foundation\release_static_mt\consolechannel.obj
c:\users\administrator\workspace\bobsgame\lib\poco-1.7.5\foundation\obj\foundation\release_static_mt\configurable.obj
c:\users\administrator\workspace\bobsgame\lib\poco-1.7.5\foundation\obj\foundation\release_static_mt\channel.obj
c:\users\administrator\workspace\bobsgame\lib\poco-1.7.5\foundation\obj\foundation\release_static_mt\asyncchannel.obj
c:\users\administrator\workspace\bobsgame\lib\poco-1.7.5\foundation\obj\foundation\release_static_mt\archivestrategy.obj
c:\users\administrator\workspace\bobsgame\lib\poco-1.7.5\foundation\obj\foundation\release_static_mt\regularexpression.obj
c:\users\administrator\workspace\bobsgame\lib\poco-1.7.5\foundation\obj\foundation\release_static_mt\sharedlibrary.obj
c:\users\administrator\workspace\bobsgame\lib\poco-1.7.5\foundation\obj\foundation\release_static_mt\manifest.obj
c:\users\administrator\workspace\bobsgame\lib\poco-1.7.5\foundation\obj\foundation\release_static_mt\sha1engine.obj
c:\users\administrator\workspace\bobsgame\lib\poco-1.7.5\foundation\obj\foundation\release_static_mt\randomstream.obj
c:\users\administrator\workspace\bobsgame\lib\poco-1.7.5\foundation\obj\foundation\release_static_mt\random.obj
c:\users\administrator\workspace\bobsgame\lib\poco-1.7.5\foundation\obj\foundation\release_static_mt\md5engine.obj
c:\users\administrator\workspace\bobsgame\lib\poco-1.7.5\foundation\obj\foundation\release_static_mt\md4engine.obj
c:\users\administrator\workspace\bobsgame\lib\poco-1.7.5\foundation\obj\foundation\release_static_mt\digeststream.obj
c:\users\administrator\workspace\bobsgame\lib\poco-1.7.5\foundation\obj\foundation\release_static_mt\digestengine.obj
c:\users\administrator\workspace\bobsgame\lib\poco-1.7.5\foundation\obj\foundation\release_static_mt\timer.obj
c:\users\administrator\workspace\bobsgame\lib\poco-1.7.5\foundation\obj\foundation\release_static_mt\threadtarget.obj
c:\users\administrator\workspace\bobsgame\lib\poco-1.7.5\foundation\obj\foundation\release_static_mt\threadpool.obj
c:\users\administrator\workspace\bobsgame\lib\poco-1.7.5\foundation\obj\foundation\release_static_mt\notificationqueue.obj
c:\users\administrator\workspace\bobsgame\lib\poco-1.7.5\foundation\obj\foundation\release_static_mt\notificationcenter.obj
c:\users\administrator\workspace\bobsgame\lib\poco-1.7.5\foundation\obj\foundation\release_static_mt\notification.obj
c:\users\administrator\workspace\bobsgame\lib\poco-1.7.5\foundation\obj\foundation\release_static_mt\abstractobserver.obj
c:\users\administrator\workspace\bobsgame\lib\poco-1.7.5\foundation\obj\foundation\release_static_mt\windowsconsolechannel.obj
c:\users\administrator\workspace\bobsgame\lib\poco-1.7.5\foundation\obj\foundation\release_static_mt\streamchannel.obj
c:\users\administrator\workspace\bobsgame\lib\poco-1.7.5\foundation\obj\foundation\release_static_mt\splitterchannel.obj
c:\users\administrator\workspace\bobsgame\lib\poco-1.7.5\foundation\obj\foundation\release_static_mt\simplefilechannel.obj
c:\users\administrator\workspace\bobsgame\lib\poco-1.7.5\foundation\obj\foundation\release_static_mt\rotatestrategy.obj
c:\users\administrator\workspace\bobsgame\lib\poco-1.7.5\foundation\obj\foundation\release_static_mt\purgestrategy.obj
c:\users\administrator\workspace\bobsgame\lib\poco-1.7.5\foundation\obj\foundation\release_static_mt\patternformatter.obj
c:\users\administrator\workspace\bobsgame\lib\poco-1.7.5\foundation\obj\foundation\release_static_mt\nullchannel.obj
c:\users\administrator\workspace\bobsgame\lib\poco-1.7.5\foundation\obj\foundation\release_static_mt\message.obj
c:\users\administrator\workspace\bobsgame\lib\poco-1.7.5\foundation\obj\foundation\release_static_mt\logstream.obj
c:\users\administrator\workspace\bobsgame\lib\poco-1.7.5\foundation\obj\foundation\release_static_mt\loggingregistry.obj
c:\users\administrator\workspace\bobsgame\lib\poco-1.7.5\foundation\obj\foundation\release_static_mt\loggingfactory.obj
c:\users\administrator\workspace\bobsgame\lib\poco-1.7.5\foundation\obj\foundation\release_static_mt\logger.obj
c:\users\administrator\workspace\bobsgame\lib\poco-1.7.5\foundation\obj\foundation\release_static_mt\logfile.obj
c:\users\administrator\workspace\bobsgame\lib\poco-1.7.5\foundation\obj\foundation\release_static_mt\formattingchannel.obj
c:\users\administrator\workspace\bobsgame\lib\poco-1.7.5\foundation\obj\foundation\release_static_mt\formatter.obj
c:\users\administrator\workspace\bobsgame\lib\poco-1.7.5\foundation\obj\foundation\release_static_mt\datetimeformatter.obj
c:\users\administrator\workspace\bobsgame\lib\poco-1.7.5\foundation\obj\foundation\release_static_mt\datetimeformat.obj
c:\users\administrator\workspace\bobsgame\lib\poco-1.7.5\foundation\obj\foundation\release_static_mt\datetime.obj
c:\users\administrator\workspace\bobsgame\lib\poco-1.7.5\foundation\obj\foundation\release_static_mt\clock.obj
c:\users\administrator\workspace\bobsgame\lib\poco-1.7.5\foundation\obj\foundation\release_static_mt\uuidgenerator.obj
c:\users\administrator\workspace\bobsgame\lib\poco-1.7.5\foundation\obj\foundation\release_static_mt\uuid.obj
c:\users\administrator\workspace\bobsgame\lib\poco-1.7.5\foundation\obj\foundation\release_static_mt\sharedmemory.obj
c:\users\administrator\workspace\bobsgame\lib\poco-1.7.5\foundation\obj\foundation\release_static_mt\process.obj
c:\users\administrator\workspace\bobsgame\lib\poco-1.7.5\foundation\obj\foundation\release_static_mt\pipestream.obj
c:\users\administrator\workspace\bobsgame\lib\poco-1.7.5\foundation\obj\foundation\release_static_mt\pipeimpl.obj
c:\users\administrator\workspace\bobsgame\lib\poco-1.7.5\foundation\obj\foundation\release_static_mt\pipe.obj
c:\users\administrator\workspace\bobsgame\lib\poco-1.7.5\foundation\obj\foundation\release_static_mt\namedmutex.obj
c:\users\administrator\workspace\bobsgame\lib\poco-1.7.5\foundation\obj\foundation\release_static_mt\namedevent.obj
c:\users\administrator\workspace\bobsgame\lib\poco-1.7.5\foundation\obj\foundation\release_static_mt\temporaryfile.obj
c:\users\administrator\workspace\bobsgame\lib\poco-1.7.5\foundation\obj\foundation\release_static_mt\path.obj
c:\users\administrator\workspace\bobsgame\lib\poco-1.7.5\foundation\obj\foundation\release_static_mt\glob.obj
c:\users\administrator\workspace\bobsgame\lib\poco-1.7.5\foundation\obj\foundation\release_static_mt\file.obj
c:\users\administrator\workspace\bobsgame\lib\poco-1.7.5\foundation\obj\foundation\release_static_mt\directoryiterator.obj
c:\users\administrator\workspace\bobsgame\lib\poco-1.7.5\foundation\obj\foundation\release_static_mt\timednotificationqueue.obj
c:\users\administrator\workspace\bobsgame\lib\poco-1.7.5\foundation\obj\foundation\release_static_mt\prioritynotificationqueue.obj
c:\users\administrator\workspace\bobsgame\lib\poco-1.7.5\foundation\obj\foundation\release_static_mt\windows1252encoding.obj
c:\users\administrator\workspace\bobsgame\lib\poco-1.7.5\foundation\obj\foundation\release_static_mt\utf8string.obj
c:\users\administrator\workspace\bobsgame\lib\poco-1.7.5\foundation\obj\foundation\release_static_mt\utf8encoding.obj
c:\users\administrator\workspace\bobsgame\lib\poco-1.7.5\foundation\obj\foundation\release_static_mt\utf16encoding.obj
c:\users\administrator\workspace\bobsgame\lib\poco-1.7.5\foundation\obj\foundation\release_static_mt\unicodeconverter.obj
c:\users\administrator\workspace\bobsgame\lib\poco-1.7.5\foundation\obj\foundation\release_static_mt\unicode.obj
c:\users\administrator\workspace\bobsgame\lib\poco-1.7.5\foundation\obj\foundation\release_static_mt\textiterator.obj
c:\users\administrator\workspace\bobsgame\lib\poco-1.7.5\foundation\obj\foundation\release_static_mt\textencoding.obj
c:\users\administrator\workspace\bobsgame\lib\poco-1.7.5\foundation\obj\foundation\release_static_mt\textconverter.obj
c:\users\administrator\workspace\bobsgame\lib\poco-1.7.5\foundation\obj\foundation\release_static_mt\textbufferiterator.obj
c:\users\administrator\workspace\bobsgame\lib\poco-1.7.5\foundation\obj\foundation\release_static_mt\streamconverter.obj
c:\users\administrator\workspace\bobsgame\lib\poco-1.7.5\foundation\obj\foundation\release_static_mt\latin9encoding.obj
c:\users\administrator\workspace\bobsgame\lib\poco-1.7.5\foundation\obj\foundation\release_static_mt\latin1encoding.obj
c:\users\administrator\workspace\bobsgame\lib\poco-1.7.5\foundation\obj\foundation\release_static_mt\asciiencoding.obj
c:\users\administrator\workspace\bobsgame\lib\poco-1.7.5\foundation\obj\foundation\release_static_mt\timezone.obj
c:\users\administrator\workspace\bobsgame\lib\poco-1.7.5\foundation\obj\foundation\release_static_mt\timestamp.obj
c:\users\administrator\workspace\bobsgame\lib\poco-1.7.5\foundation\obj\foundation\release_static_mt\timespan.obj
c:\users\administrator\workspace\bobsgame\lib\poco-1.7.5\foundation\obj\foundation\release_static_mt\stopwatch.obj
c:\users\administrator\workspace\bobsgame\lib\poco-1.7.5\foundation\obj\foundation\release_static_mt\localdatetime.obj
c:\users\administrator\workspace\bobsgame\lib\poco-1.7.5\foundation\obj\foundation\release_static_mt\datetimeparser.obj
c:\users\administrator\workspace\bobsgame\lib\poco-1.7.5\foundation\obj\foundation\release_static_mt\hashstatistic.obj
c:\users\administrator\workspace\bobsgame\lib\poco-1.7.5\foundation\obj\foundation\release_static_mt\hash.obj
c:\users\administrator\workspace\bobsgame\lib\poco-1.7.5\foundation\obj\foundation\release_static_mt\eventargs.obj
c:\users\administrator\workspace\bobsgame\lib\poco-1.7.5\foundation\obj\foundation\release_static_mt\tasknotification.obj
c:\users\administrator\workspace\bobsgame\lib\poco-1.7.5\foundation\obj\foundation\release_static_mt\taskmanager.obj
c:\users\administrator\workspace\bobsgame\lib\poco-1.7.5\foundation\obj\foundation\release_static_mt\task.obj
c:\users\administrator\workspace\bobsgame\lib\poco-1.7.5\foundation\obj\foundation\release_static_mt\uristreamopener.obj
c:\users\administrator\workspace\bobsgame\lib\poco-1.7.5\foundation\obj\foundation\release_static_mt\uristreamfactory.obj
c:\users\administrator\workspace\bobsgame\lib\poco-1.7.5\foundation\obj\foundation\release_static_mt\uri.obj
c:\users\administrator\workspace\bobsgame\lib\poco-1.7.5\foundation\obj\foundation\release_static_mt\filestreamfactory.obj
c:\users\administrator\workspace\bobsgame\lib\poco-1.7.5\foundation\obj\foundation\release_static_mt\pcre_dfa_exec.obj
c:\users\administrator\workspace\bobsgame\lib\poco-1.7.5\foundation\obj\foundation\release_static_mt\pcre_string_utils.obj
c:\users\administrator\workspace\bobsgame\lib\poco-1.7.5\foundation\obj\foundation\release_static_mt\pcre_refcount.obj
c:\users\administrator\workspace\bobsgame\lib\poco-1.7.5\foundation\obj\foundation\release_static_mt\pcre_jit_compile.obj
c:\users\administrator\workspace\bobsgame\lib\poco-1.7.5\foundation\obj\foundation\release_static_mt\pcre_get.obj
c:\users\administrator\workspace\bobsgame\lib\poco-1.7.5\foundation\obj\foundation\release_static_mt\pcre_compile.obj
c:\users\administrator\workspace\bobsgame\lib\poco-1.7.5\foundation\obj\foundation\release_static_mt\pcre_config.obj
c:\users\administrator\workspace\bobsgame\lib\poco-1.7.5\foundation\obj\foundation\release_static_mt\pcre_chartables.obj
c:\users\administrator\workspace\bobsgame\lib\poco-1.7.5\foundation\obj\foundation\release_static_mt\pcre_byte_order.obj
c:\users\administrator\workspace\bobsgame\lib\poco-1.7.5\foundation\obj\foundation\release_static_mt\pcre_version.obj
c:\users\administrator\workspace\bobsgame\lib\poco-1.7.5\foundation\obj\foundation\release_static_mt\zutil.obj
c:\users\administrator\workspace\bobsgame\lib\poco-1.7.5\foundation\obj\foundation\release_static_mt\trees.obj
c:\users\administrator\workspace\bobsgame\lib\poco-1.7.5\foundation\obj\foundation\release_static_mt\inftrees.obj
c:\users\administrator\workspace\bobsgame\lib\poco-1.7.5\foundation\obj\foundation\release_static_mt\inflate.obj
c:\users\administrator\workspace\bobsgame\lib\poco-1.7.5\foundation\obj\foundation\release_static_mt\inffast.obj
c:\users\administrator\workspace\bobsgame\lib\poco-1.7.5\foundation\obj\foundation\release_static_mt\infback.obj
c:\users\administrator\workspace\bobsgame\lib\poco-1.7.5\foundation\obj\foundation\release_static_mt\deflate.obj
c:\users\administrator\workspace\bobsgame\lib\poco-1.7.5\foundation\obj\foundation\release_static_mt\crc32.obj
c:\users\administrator\workspace\bobsgame\lib\poco-1.7.5\foundation\obj\foundation\release_static_mt\compress.obj
c:\users\administrator\workspace\bobsgame\lib\poco-1.7.5\foundation\obj\foundation\release_static_mt\adler32.obj
c:\users\administrator\workspace\bobsgame\lib\poco-1.7.5\foundation\obj\foundation\release_static_mt\pcre_xclass.obj
c:\users\administrator\workspace\bobsgame\lib\poco-1.7.5\foundation\obj\foundation\release_static_mt\pcre_valid_utf8.obj
c:\users\administrator\workspace\bobsgame\lib\poco-1.7.5\foundation\obj\foundation\release_static_mt\pcre_ucd.obj
c:\users\administrator\workspace\bobsgame\lib\poco-1.7.5\foundation\obj\foundation\release_static_mt\pcre_tables.obj
c:\users\administrator\workspace\bobsgame\lib\poco-1.7.5\foundation\obj\foundation\release_static_mt\pcre_study.obj
c:\users\administrator\workspace\bobsgame\lib\poco-1.7.5\foundation\obj\foundation\release_static_mt\pcre_ord2utf8.obj
c:\users\administrator\workspace\bobsgame\lib\poco-1.7.5\foundation\obj\foundation\release_static_mt\pcre_newline.obj
c:\users\administrator\workspace\bobsgame\lib\poco-1.7.5\foundation\obj\foundation\release_static_mt\pcre_maketables.obj
c:\users\administrator\workspace\bobsgame\lib\poco-1.7.5\foundation\obj\foundation\release_static_mt\pcre_globals.obj
c:\users\administrator\workspace\bobsgame\lib\poco-1.7.5\foundation\obj\foundation\release_static_mt\pcre_fullinfo.obj
c:\users\administrator\workspace\bobsgame\lib\poco-1.7.5\foundation\obj\foundation\release_static_mt\pcre_exec.obj
c:\users\administrator\workspace\bobsgame\lib\poco-1.7.5\foundation\src\pocomsg.rc
c:\users\administrator\workspace\bobsgame\lib\poco-1.7.5\foundation\src\pocomsg.h
c:\users\administrator\workspace\bobsgame\lib\poco-1.7.5\lib\pocofoundationmt.lib
c:\users\administrator\workspace\bobsgame\lib\poco-1.7.5\foundation\obj\foundation\release_static_mt\pocomsg.res
c:\users\administrator\workspace\bobsgame\lib\poco-1.7.5\foundation\..\lib\pocofoundationmt.lib
c:\users\administrator\workspace\bobsgame\lib\poco-1.7.5\foundation\obj\foundation\release_static_mt\foundation.tlog\cl.command.1.tlog
c:\users\administrator\workspace\bobsgame\lib\poco-1.7.5\foundation\obj\foundation\release_static_mt\foundation.tlog\cl.read.1.tlog
c:\users\administrator\workspace\bobsgame\lib\poco-1.7.5\foundation\obj\foundation\release_static_mt\foundation.tlog\cl.write.1.tlog
c:\users\administrator\workspace\bobsgame\lib\poco-1.7.5\foundation\obj\foundation\release_static_mt\foundation.tlog\custombuild.command.1.tlog
c:\users\administrator\workspace\bobsgame\lib\poco-1.7.5\foundation\obj\foundation\release_static_mt\foundation.tlog\custombuild.read.1.tlog
c:\users\administrator\workspace\bobsgame\lib\poco-1.7.5\foundation\obj\foundation\release_static_mt\foundation.tlog\custombuild.write.1.tlog
c:\users\administrator\workspace\bobsgame\lib\poco-1.7.5\foundation\obj\foundation\release_static_mt\foundation.tlog\lib-link-cvtres.read.1.tlog
c:\users\administrator\workspace\bobsgame\lib\poco-1.7.5\foundation\obj\foundation\release_static_mt\foundation.tlog\lib-link-cvtres.write.1.tlog
c:\users\administrator\workspace\bobsgame\lib\poco-1.7.5\foundation\obj\foundation\release_static_mt\foundation.tlog\lib.command.1.tlog
c:\users\administrator\workspace\bobsgame\lib\poco-1.7.5\foundation\obj\foundation\release_static_mt\foundation.tlog\rc.command.1.tlog
c:\users\administrator\workspace\bobsgame\lib\poco-1.7.5\foundation\obj\foundation\release_static_mt\foundation.tlog\rc.read.1.tlog
c:\users\administrator\workspace\bobsgame\lib\poco-1.7.5\foundation\obj\foundation\release_static_mt\foundation.tlog\rc.write.1.tlog
