  WebSocketImpl.cpp
  WebSocket.cpp
  TCPServerParams.cpp
  TCPServerDispatcher.cpp
  TCPServerConnectionFactory.cpp
  TCPServerConnection.cpp
  TCPServer.cpp
  StringPartSource.cpp
  StreamSocketImpl.cpp
  StreamSocket.cpp
  SocketStream.cpp
  SocketReactor.cpp
src\SocketReactor.cpp(107): warning C4244: 'argument': conversion from 'Poco::Timespan::TimeDiff' to 'long', possible loss of data
  SocketNotifier.cpp
  SocketNotification.cpp
  SocketImpl.cpp
  SocketAddressImpl.cpp
  SocketAddress.cpp
  Socket.cpp
  SMTPClientSession.cpp
  SMTPChannel.cpp
  Generating Code...
  Compiling...
  ServerSocketImpl.cpp
  ServerSocket.cpp
  RemoteSyslogListener.cpp
  RemoteSyslogChannel.cpp
  RawSocketImpl.cpp
  RawSocket.cpp
  QuotedPrintableEncoder.cpp
  QuotedPrintableDecoder.cpp
  POP3ClientSession.cpp
  PartStore.cpp
  PartSource.cpp
  PartHandler.cpp
  OAuth20Credentials.cpp
  OAuth10Credentials.cpp
  NullPartHandler.cpp
  NTPPacket.cpp
  NTPEventArgs.cpp
  NTPClient.cpp
  NetworkInterface.cpp
  NetException.cpp
  Generating Code...
  Compiling...
  Net.cpp
  NameValueCollection.cpp
  MultipartWriter.cpp
  MultipartReader.cpp
  MulticastSocket.cpp
  MessageHeader.cpp
  MediaType.cpp
  MailStream.cpp
  MailRecipient.cpp
  MailMessage.cpp
  IPAddressImpl.cpp
  IPAddress.cpp
  ICMPv4PacketImpl.cpp
  ICMPSocketImpl.cpp
  ICMPSocket.cpp
  ICMPPacketImpl.cpp
  ICMPPacket.cpp
  ICMPEventArgs.cpp
  ICMPClient.cpp
  HTTPStreamFactory.cpp
  Generating Code...
  Compiling...
  HTTPStream.cpp
  HTTPSessionInstantiator.cpp
  HTTPSessionFactory.cpp
  HTTPSession.cpp
  HTTPServerSession.cpp
  HTTPServerResponseImpl.cpp
  HTTPServerResponse.cpp
  HTTPServerRequestImpl.cpp
  HTTPServerRequest.cpp
  HTTPServerParams.cpp
  HTTPServerConnectionFactory.cpp
  HTTPServerConnection.cpp
  HTTPServer.cpp
  HTTPResponse.cpp
  HTTPRequestHandlerFactory.cpp
  HTTPRequestHandler.cpp
  HTTPRequest.cpp
  HTTPMessage.cpp
  HTTPIOStream.cpp
  HTTPHeaderStream.cpp
  Generating Code...
  Compiling...
  HTTPFixedLengthStream.cpp
  HTTPDigestCredentials.cpp
  HTTPCredentials.cpp
  HTTPCookie.cpp
  HTTPClientSession.cpp
  HTTPChunkedStream.cpp
  HTTPBufferAllocator.cpp
  HTTPBasicCredentials.cpp
  HTTPAuthenticationParams.cpp
  HTMLForm.cpp
  HostEntry.cpp
  FTPStreamFactory.cpp
  FTPClientSession.cpp
  FilePartSource.cpp
  DNS.cpp
  DialogSocket.cpp
  DatagramSocketImpl.cpp
  DatagramSocket.cpp
  AbstractHTTPRequestHandler.cpp
  Generating Code...
  Net_vs140.vcxproj -> C:\Users\Administrator\workspace\bobsgame\lib\poco-1.7.5\Net\..\lib\PocoNetmdd.lib
