c:\users\administrator\workspace\bobsgame\lib\poco-1.7.5\lib\poconetmdd.pdb
c:\users\administrator\workspace\bobsgame\lib\poco-1.7.5\lib\poconetmdd.idb
c:\users\administrator\workspace\bobsgame\lib\poco-1.7.5\net\obj\net\debug_static_md\smtpchannel.obj
c:\users\administrator\workspace\bobsgame\lib\poco-1.7.5\net\obj\net\debug_static_md\smtpclientsession.obj
c:\users\administrator\workspace\bobsgame\lib\poco-1.7.5\net\obj\net\debug_static_md\socket.obj
c:\users\administrator\workspace\bobsgame\lib\poco-1.7.5\net\obj\net\debug_static_md\socketaddress.obj
c:\users\administrator\workspace\bobsgame\lib\poco-1.7.5\net\obj\net\debug_static_md\socketaddressimpl.obj
c:\users\administrator\workspace\bobsgame\lib\poco-1.7.5\net\obj\net\debug_static_md\socketimpl.obj
c:\users\administrator\workspace\bobsgame\lib\poco-1.7.5\net\obj\net\debug_static_md\socketnotification.obj
c:\users\administrator\workspace\bobsgame\lib\poco-1.7.5\net\obj\net\debug_static_md\socketnotifier.obj
c:\users\administrator\workspace\bobsgame\lib\poco-1.7.5\net\obj\net\debug_static_md\socketreactor.obj
c:\users\administrator\workspace\bobsgame\lib\poco-1.7.5\net\obj\net\debug_static_md\socketstream.obj
c:\users\administrator\workspace\bobsgame\lib\poco-1.7.5\net\obj\net\debug_static_md\streamsocket.obj
c:\users\administrator\workspace\bobsgame\lib\poco-1.7.5\net\obj\net\debug_static_md\streamsocketimpl.obj
c:\users\administrator\workspace\bobsgame\lib\poco-1.7.5\net\obj\net\debug_static_md\stringpartsource.obj
c:\users\administrator\workspace\bobsgame\lib\poco-1.7.5\net\obj\net\debug_static_md\tcpserver.obj
c:\users\administrator\workspace\bobsgame\lib\poco-1.7.5\net\obj\net\debug_static_md\tcpserverconnection.obj
c:\users\administrator\workspace\bobsgame\lib\poco-1.7.5\net\obj\net\debug_static_md\tcpserverconnectionfactory.obj
c:\users\administrator\workspace\bobsgame\lib\poco-1.7.5\net\obj\net\debug_static_md\tcpserverdispatcher.obj
c:\users\administrator\workspace\bobsgame\lib\poco-1.7.5\net\obj\net\debug_static_md\tcpserverparams.obj
c:\users\administrator\workspace\bobsgame\lib\poco-1.7.5\net\obj\net\debug_static_md\websocket.obj
c:\users\administrator\workspace\bobsgame\lib\poco-1.7.5\net\obj\net\debug_static_md\websocketimpl.obj
c:\users\administrator\workspace\bobsgame\lib\poco-1.7.5\net\obj\net\debug_static_md\netexception.obj
c:\users\administrator\workspace\bobsgame\lib\poco-1.7.5\net\obj\net\debug_static_md\networkinterface.obj
c:\users\administrator\workspace\bobsgame\lib\poco-1.7.5\net\obj\net\debug_static_md\ntpclient.obj
c:\users\administrator\workspace\bobsgame\lib\poco-1.7.5\net\obj\net\debug_static_md\ntpeventargs.obj
c:\users\administrator\workspace\bobsgame\lib\poco-1.7.5\net\obj\net\debug_static_md\ntppacket.obj
c:\users\administrator\workspace\bobsgame\lib\poco-1.7.5\net\obj\net\debug_static_md\nullparthandler.obj
c:\users\administrator\workspace\bobsgame\lib\poco-1.7.5\net\obj\net\debug_static_md\oauth10credentials.obj
c:\users\administrator\workspace\bobsgame\lib\poco-1.7.5\net\obj\net\debug_static_md\oauth20credentials.obj
c:\users\administrator\workspace\bobsgame\lib\poco-1.7.5\net\obj\net\debug_static_md\parthandler.obj
c:\users\administrator\workspace\bobsgame\lib\poco-1.7.5\net\obj\net\debug_static_md\partsource.obj
c:\users\administrator\workspace\bobsgame\lib\poco-1.7.5\net\obj\net\debug_static_md\partstore.obj
c:\users\administrator\workspace\bobsgame\lib\poco-1.7.5\net\obj\net\debug_static_md\pop3clientsession.obj
c:\users\administrator\workspace\bobsgame\lib\poco-1.7.5\net\obj\net\debug_static_md\quotedprintabledecoder.obj
c:\users\administrator\workspace\bobsgame\lib\poco-1.7.5\net\obj\net\debug_static_md\quotedprintableencoder.obj
c:\users\administrator\workspace\bobsgame\lib\poco-1.7.5\net\obj\net\debug_static_md\rawsocket.obj
c:\users\administrator\workspace\bobsgame\lib\poco-1.7.5\net\obj\net\debug_static_md\rawsocketimpl.obj
c:\users\administrator\workspace\bobsgame\lib\poco-1.7.5\net\obj\net\debug_static_md\remotesyslogchannel.obj
c:\users\administrator\workspace\bobsgame\lib\poco-1.7.5\net\obj\net\debug_static_md\remotesysloglistener.obj
c:\users\administrator\workspace\bobsgame\lib\poco-1.7.5\net\obj\net\debug_static_md\serversocket.obj
c:\users\administrator\workspace\bobsgame\lib\poco-1.7.5\net\obj\net\debug_static_md\serversocketimpl.obj
c:\users\administrator\workspace\bobsgame\lib\poco-1.7.5\net\obj\net\debug_static_md\httpstreamfactory.obj
c:\users\administrator\workspace\bobsgame\lib\poco-1.7.5\net\obj\net\debug_static_md\icmpclient.obj
c:\users\administrator\workspace\bobsgame\lib\poco-1.7.5\net\obj\net\debug_static_md\icmpeventargs.obj
c:\users\administrator\workspace\bobsgame\lib\poco-1.7.5\net\obj\net\debug_static_md\icmppacket.obj
c:\users\administrator\workspace\bobsgame\lib\poco-1.7.5\net\obj\net\debug_static_md\icmppacketimpl.obj
c:\users\administrator\workspace\bobsgame\lib\poco-1.7.5\net\obj\net\debug_static_md\icmpsocket.obj
c:\users\administrator\workspace\bobsgame\lib\poco-1.7.5\net\obj\net\debug_static_md\icmpsocketimpl.obj
c:\users\administrator\workspace\bobsgame\lib\poco-1.7.5\net\obj\net\debug_static_md\icmpv4packetimpl.obj
c:\users\administrator\workspace\bobsgame\lib\poco-1.7.5\net\obj\net\debug_static_md\ipaddress.obj
c:\users\administrator\workspace\bobsgame\lib\poco-1.7.5\net\obj\net\debug_static_md\ipaddressimpl.obj
c:\users\administrator\workspace\bobsgame\lib\poco-1.7.5\net\obj\net\debug_static_md\mailmessage.obj
c:\users\administrator\workspace\bobsgame\lib\poco-1.7.5\net\obj\net\debug_static_md\mailrecipient.obj
c:\users\administrator\workspace\bobsgame\lib\poco-1.7.5\net\obj\net\debug_static_md\mailstream.obj
c:\users\administrator\workspace\bobsgame\lib\poco-1.7.5\net\obj\net\debug_static_md\mediatype.obj
c:\users\administrator\workspace\bobsgame\lib\poco-1.7.5\net\obj\net\debug_static_md\messageheader.obj
c:\users\administrator\workspace\bobsgame\lib\poco-1.7.5\net\obj\net\debug_static_md\multicastsocket.obj
c:\users\administrator\workspace\bobsgame\lib\poco-1.7.5\net\obj\net\debug_static_md\multipartreader.obj
c:\users\administrator\workspace\bobsgame\lib\poco-1.7.5\net\obj\net\debug_static_md\multipartwriter.obj
c:\users\administrator\workspace\bobsgame\lib\poco-1.7.5\net\obj\net\debug_static_md\namevaluecollection.obj
c:\users\administrator\workspace\bobsgame\lib\poco-1.7.5\net\obj\net\debug_static_md\net.obj
c:\users\administrator\workspace\bobsgame\lib\poco-1.7.5\net\obj\net\debug_static_md\httpheaderstream.obj
c:\users\administrator\workspace\bobsgame\lib\poco-1.7.5\net\obj\net\debug_static_md\httpiostream.obj
c:\users\administrator\workspace\bobsgame\lib\poco-1.7.5\net\obj\net\debug_static_md\httpmessage.obj
c:\users\administrator\workspace\bobsgame\lib\poco-1.7.5\net\obj\net\debug_static_md\httprequest.obj
c:\users\administrator\workspace\bobsgame\lib\poco-1.7.5\net\obj\net\debug_static_md\httprequesthandler.obj
c:\users\administrator\workspace\bobsgame\lib\poco-1.7.5\net\obj\net\debug_static_md\httprequesthandlerfactory.obj
c:\users\administrator\workspace\bobsgame\lib\poco-1.7.5\net\obj\net\debug_static_md\httpresponse.obj
c:\users\administrator\workspace\bobsgame\lib\poco-1.7.5\net\obj\net\debug_static_md\httpserver.obj
c:\users\administrator\workspace\bobsgame\lib\poco-1.7.5\net\obj\net\debug_static_md\httpserverconnection.obj
c:\users\administrator\workspace\bobsgame\lib\poco-1.7.5\net\obj\net\debug_static_md\httpserverconnectionfactory.obj
c:\users\administrator\workspace\bobsgame\lib\poco-1.7.5\net\obj\net\debug_static_md\httpserverparams.obj
c:\users\administrator\workspace\bobsgame\lib\poco-1.7.5\net\obj\net\debug_static_md\httpserverrequest.obj
c:\users\administrator\workspace\bobsgame\lib\poco-1.7.5\net\obj\net\debug_static_md\httpserverrequestimpl.obj
c:\users\administrator\workspace\bobsgame\lib\poco-1.7.5\net\obj\net\debug_static_md\httpserverresponse.obj
c:\users\administrator\workspace\bobsgame\lib\poco-1.7.5\net\obj\net\debug_static_md\httpserverresponseimpl.obj
c:\users\administrator\workspace\bobsgame\lib\poco-1.7.5\net\obj\net\debug_static_md\httpserversession.obj
c:\users\administrator\workspace\bobsgame\lib\poco-1.7.5\net\obj\net\debug_static_md\httpsession.obj
c:\users\administrator\workspace\bobsgame\lib\poco-1.7.5\net\obj\net\debug_static_md\httpsessionfactory.obj
c:\users\administrator\workspace\bobsgame\lib\poco-1.7.5\net\obj\net\debug_static_md\httpsessioninstantiator.obj
c:\users\administrator\workspace\bobsgame\lib\poco-1.7.5\net\obj\net\debug_static_md\httpstream.obj
c:\users\administrator\workspace\bobsgame\lib\poco-1.7.5\net\obj\net\debug_static_md\abstracthttprequesthandler.obj
c:\users\administrator\workspace\bobsgame\lib\poco-1.7.5\net\obj\net\debug_static_md\datagramsocket.obj
c:\users\administrator\workspace\bobsgame\lib\poco-1.7.5\net\obj\net\debug_static_md\datagramsocketimpl.obj
c:\users\administrator\workspace\bobsgame\lib\poco-1.7.5\net\obj\net\debug_static_md\dialogsocket.obj
c:\users\administrator\workspace\bobsgame\lib\poco-1.7.5\net\obj\net\debug_static_md\dns.obj
c:\users\administrator\workspace\bobsgame\lib\poco-1.7.5\net\obj\net\debug_static_md\filepartsource.obj
c:\users\administrator\workspace\bobsgame\lib\poco-1.7.5\net\obj\net\debug_static_md\ftpclientsession.obj
c:\users\administrator\workspace\bobsgame\lib\poco-1.7.5\net\obj\net\debug_static_md\ftpstreamfactory.obj
c:\users\administrator\workspace\bobsgame\lib\poco-1.7.5\net\obj\net\debug_static_md\hostentry.obj
c:\users\administrator\workspace\bobsgame\lib\poco-1.7.5\net\obj\net\debug_static_md\htmlform.obj
c:\users\administrator\workspace\bobsgame\lib\poco-1.7.5\net\obj\net\debug_static_md\httpauthenticationparams.obj
c:\users\administrator\workspace\bobsgame\lib\poco-1.7.5\net\obj\net\debug_static_md\httpbasiccredentials.obj
c:\users\administrator\workspace\bobsgame\lib\poco-1.7.5\net\obj\net\debug_static_md\httpbufferallocator.obj
c:\users\administrator\workspace\bobsgame\lib\poco-1.7.5\net\obj\net\debug_static_md\httpchunkedstream.obj
c:\users\administrator\workspace\bobsgame\lib\poco-1.7.5\net\obj\net\debug_static_md\httpclientsession.obj
c:\users\administrator\workspace\bobsgame\lib\poco-1.7.5\net\obj\net\debug_static_md\httpcookie.obj
c:\users\administrator\workspace\bobsgame\lib\poco-1.7.5\net\obj\net\debug_static_md\httpcredentials.obj
c:\users\administrator\workspace\bobsgame\lib\poco-1.7.5\net\obj\net\debug_static_md\httpdigestcredentials.obj
c:\users\administrator\workspace\bobsgame\lib\poco-1.7.5\net\obj\net\debug_static_md\httpfixedlengthstream.obj
c:\users\administrator\workspace\bobsgame\lib\poco-1.7.5\lib\poconetmdd.lib
c:\users\administrator\workspace\bobsgame\lib\poco-1.7.5\net\..\lib\poconetmdd.lib
c:\users\administrator\workspace\bobsgame\lib\poco-1.7.5\net\obj\net\debug_static_md\net.tlog\cl.command.1.tlog
c:\users\administrator\workspace\bobsgame\lib\poco-1.7.5\net\obj\net\debug_static_md\net.tlog\cl.read.1.tlog
c:\users\administrator\workspace\bobsgame\lib\poco-1.7.5\net\obj\net\debug_static_md\net.tlog\cl.write.1.tlog
c:\users\administrator\workspace\bobsgame\lib\poco-1.7.5\net\obj\net\debug_static_md\net.tlog\lib-link.read.1.tlog
c:\users\administrator\workspace\bobsgame\lib\poco-1.7.5\net\obj\net\debug_static_md\net.tlog\lib-link.write.1.tlog
c:\users\administrator\workspace\bobsgame\lib\poco-1.7.5\net\obj\net\debug_static_md\net.tlog\lib.command.1.tlog
