c:\users\administrator\workspace\bobsgame\lib\poco-1.7.5\lib\pocoxmlmtd.pdb
c:\users\administrator\workspace\bobsgame\lib\poco-1.7.5\lib\pocoxmlmtd.idb
c:\users\administrator\workspace\bobsgame\lib\poco-1.7.5\xml\obj\xml\debug_static_mt\namespacesupport.obj
c:\users\administrator\workspace\bobsgame\lib\poco-1.7.5\xml\obj\xml\debug_static_mt\node.obj
c:\users\administrator\workspace\bobsgame\lib\poco-1.7.5\xml\obj\xml\debug_static_mt\nodeappender.obj
c:\users\administrator\workspace\bobsgame\lib\poco-1.7.5\xml\obj\xml\debug_static_mt\nodefilter.obj
c:\users\administrator\workspace\bobsgame\lib\poco-1.7.5\xml\obj\xml\debug_static_mt\nodeiterator.obj
c:\users\administrator\workspace\bobsgame\lib\poco-1.7.5\xml\obj\xml\debug_static_mt\nodelist.obj
c:\users\administrator\workspace\bobsgame\lib\poco-1.7.5\xml\obj\xml\debug_static_mt\notation.obj
c:\users\administrator\workspace\bobsgame\lib\poco-1.7.5\xml\obj\xml\debug_static_mt\parserengine.obj
c:\users\administrator\workspace\bobsgame\lib\poco-1.7.5\xml\obj\xml\debug_static_mt\processinginstruction.obj
c:\users\administrator\workspace\bobsgame\lib\poco-1.7.5\xml\obj\xml\debug_static_mt\saxexception.obj
c:\users\administrator\workspace\bobsgame\lib\poco-1.7.5\xml\obj\xml\debug_static_mt\saxparser.obj
c:\users\administrator\workspace\bobsgame\lib\poco-1.7.5\xml\obj\xml\debug_static_mt\text.obj
c:\users\administrator\workspace\bobsgame\lib\poco-1.7.5\xml\obj\xml\debug_static_mt\treewalker.obj
c:\users\administrator\workspace\bobsgame\lib\poco-1.7.5\xml\obj\xml\debug_static_mt\whitespacefilter.obj
c:\users\administrator\workspace\bobsgame\lib\poco-1.7.5\xml\obj\xml\debug_static_mt\xmlexception.obj
c:\users\administrator\workspace\bobsgame\lib\poco-1.7.5\xml\obj\xml\debug_static_mt\xmlfilter.obj
c:\users\administrator\workspace\bobsgame\lib\poco-1.7.5\xml\obj\xml\debug_static_mt\xmlfilterimpl.obj
c:\users\administrator\workspace\bobsgame\lib\poco-1.7.5\xml\obj\xml\debug_static_mt\xmlparse.obj
c:\users\administrator\workspace\bobsgame\lib\poco-1.7.5\xml\obj\xml\debug_static_mt\xmlreader.obj
c:\users\administrator\workspace\bobsgame\lib\poco-1.7.5\xml\obj\xml\debug_static_mt\xmlwriter.obj
c:\users\administrator\workspace\bobsgame\lib\poco-1.7.5\xml\obj\xml\debug_static_mt\elementsbytagnamelist.obj
c:\users\administrator\workspace\bobsgame\lib\poco-1.7.5\xml\obj\xml\debug_static_mt\entity.obj
c:\users\administrator\workspace\bobsgame\lib\poco-1.7.5\xml\obj\xml\debug_static_mt\entityreference.obj
c:\users\administrator\workspace\bobsgame\lib\poco-1.7.5\xml\obj\xml\debug_static_mt\entityresolver.obj
c:\users\administrator\workspace\bobsgame\lib\poco-1.7.5\xml\obj\xml\debug_static_mt\entityresolverimpl.obj
c:\users\administrator\workspace\bobsgame\lib\poco-1.7.5\xml\obj\xml\debug_static_mt\errorhandler.obj
c:\users\administrator\workspace\bobsgame\lib\poco-1.7.5\xml\obj\xml\debug_static_mt\event.obj
c:\users\administrator\workspace\bobsgame\lib\poco-1.7.5\xml\obj\xml\debug_static_mt\eventdispatcher.obj
c:\users\administrator\workspace\bobsgame\lib\poco-1.7.5\xml\obj\xml\debug_static_mt\eventexception.obj
c:\users\administrator\workspace\bobsgame\lib\poco-1.7.5\xml\obj\xml\debug_static_mt\eventlistener.obj
c:\users\administrator\workspace\bobsgame\lib\poco-1.7.5\xml\obj\xml\debug_static_mt\eventtarget.obj
c:\users\administrator\workspace\bobsgame\lib\poco-1.7.5\xml\obj\xml\debug_static_mt\inputsource.obj
c:\users\administrator\workspace\bobsgame\lib\poco-1.7.5\xml\obj\xml\debug_static_mt\lexicalhandler.obj
c:\users\administrator\workspace\bobsgame\lib\poco-1.7.5\xml\obj\xml\debug_static_mt\locator.obj
c:\users\administrator\workspace\bobsgame\lib\poco-1.7.5\xml\obj\xml\debug_static_mt\locatorimpl.obj
c:\users\administrator\workspace\bobsgame\lib\poco-1.7.5\xml\obj\xml\debug_static_mt\mutationevent.obj
c:\users\administrator\workspace\bobsgame\lib\poco-1.7.5\xml\obj\xml\debug_static_mt\name.obj
c:\users\administrator\workspace\bobsgame\lib\poco-1.7.5\xml\obj\xml\debug_static_mt\namednodemap.obj
c:\users\administrator\workspace\bobsgame\lib\poco-1.7.5\xml\obj\xml\debug_static_mt\namepool.obj
c:\users\administrator\workspace\bobsgame\lib\poco-1.7.5\xml\obj\xml\debug_static_mt\namespacestrategy.obj
c:\users\administrator\workspace\bobsgame\lib\poco-1.7.5\xml\obj\xml\debug_static_mt\characterdata.obj
c:\users\administrator\workspace\bobsgame\lib\poco-1.7.5\xml\obj\xml\debug_static_mt\childnodeslist.obj
c:\users\administrator\workspace\bobsgame\lib\poco-1.7.5\xml\obj\xml\debug_static_mt\comment.obj
c:\users\administrator\workspace\bobsgame\lib\poco-1.7.5\xml\obj\xml\debug_static_mt\contenthandler.obj
c:\users\administrator\workspace\bobsgame\lib\poco-1.7.5\xml\obj\xml\debug_static_mt\declhandler.obj
c:\users\administrator\workspace\bobsgame\lib\poco-1.7.5\xml\obj\xml\debug_static_mt\defaulthandler.obj
c:\users\administrator\workspace\bobsgame\lib\poco-1.7.5\xml\obj\xml\debug_static_mt\document.obj
c:\users\administrator\workspace\bobsgame\lib\poco-1.7.5\xml\obj\xml\debug_static_mt\documentevent.obj
c:\users\administrator\workspace\bobsgame\lib\poco-1.7.5\xml\obj\xml\debug_static_mt\documentfragment.obj
c:\users\administrator\workspace\bobsgame\lib\poco-1.7.5\xml\obj\xml\debug_static_mt\documenttype.obj
c:\users\administrator\workspace\bobsgame\lib\poco-1.7.5\xml\obj\xml\debug_static_mt\dombuilder.obj
c:\users\administrator\workspace\bobsgame\lib\poco-1.7.5\xml\obj\xml\debug_static_mt\domexception.obj
c:\users\administrator\workspace\bobsgame\lib\poco-1.7.5\xml\obj\xml\debug_static_mt\domimplementation.obj
c:\users\administrator\workspace\bobsgame\lib\poco-1.7.5\xml\obj\xml\debug_static_mt\domobject.obj
c:\users\administrator\workspace\bobsgame\lib\poco-1.7.5\xml\obj\xml\debug_static_mt\domparser.obj
c:\users\administrator\workspace\bobsgame\lib\poco-1.7.5\xml\obj\xml\debug_static_mt\domserializer.obj
c:\users\administrator\workspace\bobsgame\lib\poco-1.7.5\xml\obj\xml\debug_static_mt\domwriter.obj
c:\users\administrator\workspace\bobsgame\lib\poco-1.7.5\xml\obj\xml\debug_static_mt\dtdhandler.obj
c:\users\administrator\workspace\bobsgame\lib\poco-1.7.5\xml\obj\xml\debug_static_mt\dtdmap.obj
c:\users\administrator\workspace\bobsgame\lib\poco-1.7.5\xml\obj\xml\debug_static_mt\element.obj
c:\users\administrator\workspace\bobsgame\lib\poco-1.7.5\xml\obj\xml\debug_static_mt\abstractcontainernode.obj
c:\users\administrator\workspace\bobsgame\lib\poco-1.7.5\xml\obj\xml\debug_static_mt\abstractnode.obj
c:\users\administrator\workspace\bobsgame\lib\poco-1.7.5\xml\obj\xml\debug_static_mt\attr.obj
c:\users\administrator\workspace\bobsgame\lib\poco-1.7.5\xml\obj\xml\debug_static_mt\attributes.obj
c:\users\administrator\workspace\bobsgame\lib\poco-1.7.5\xml\obj\xml\debug_static_mt\attributesimpl.obj
c:\users\administrator\workspace\bobsgame\lib\poco-1.7.5\xml\obj\xml\debug_static_mt\attrmap.obj
c:\users\administrator\workspace\bobsgame\lib\poco-1.7.5\xml\obj\xml\debug_static_mt\cdatasection.obj
c:\users\administrator\workspace\bobsgame\lib\poco-1.7.5\xml\obj\xml\debug_static_mt\xmlrole.obj
c:\users\administrator\workspace\bobsgame\lib\poco-1.7.5\xml\obj\xml\debug_static_mt\xmltok.obj
c:\users\administrator\workspace\bobsgame\lib\poco-1.7.5\lib\pocoxmlmtd.lib
c:\users\administrator\workspace\bobsgame\lib\poco-1.7.5\xml\..\lib\pocoxmlmtd.lib
c:\users\administrator\workspace\bobsgame\lib\poco-1.7.5\xml\obj\xml\debug_static_mt\xml.tlog\cl.command.1.tlog
c:\users\administrator\workspace\bobsgame\lib\poco-1.7.5\xml\obj\xml\debug_static_mt\xml.tlog\cl.read.1.tlog
c:\users\administrator\workspace\bobsgame\lib\poco-1.7.5\xml\obj\xml\debug_static_mt\xml.tlog\cl.write.1.tlog
c:\users\administrator\workspace\bobsgame\lib\poco-1.7.5\xml\obj\xml\debug_static_mt\xml.tlog\lib-link.read.1.tlog
c:\users\administrator\workspace\bobsgame\lib\poco-1.7.5\xml\obj\xml\debug_static_mt\xml.tlog\lib-link.write.1.tlog
c:\users\administrator\workspace\bobsgame\lib\poco-1.7.5\xml\obj\xml\debug_static_mt\xml.tlog\lib.command.1.tlog
