c:\users\administrator\workspace\bobsgame\lib\poco-1.7.5\util\obj\util\release_static_mt\regexpvalidator.obj
c:\users\administrator\workspace\bobsgame\lib\poco-1.7.5\util\obj\util\release_static_mt\propertyfileconfiguration.obj
c:\users\administrator\workspace\bobsgame\lib\poco-1.7.5\util\obj\util\release_static_mt\optionset.obj
c:\users\administrator\workspace\bobsgame\lib\poco-1.7.5\util\obj\util\release_static_mt\optionprocessor.obj
c:\users\administrator\workspace\bobsgame\lib\poco-1.7.5\util\obj\util\release_static_mt\optionexception.obj
c:\users\administrator\workspace\bobsgame\lib\poco-1.7.5\util\obj\util\release_static_mt\optioncallback.obj
c:\users\administrator\workspace\bobsgame\lib\poco-1.7.5\util\obj\util\release_static_mt\option.obj
c:\users\administrator\workspace\bobsgame\lib\poco-1.7.5\util\obj\util\release_static_mt\mapconfiguration.obj
c:\users\administrator\workspace\bobsgame\lib\poco-1.7.5\util\obj\util\release_static_mt\loggingsubsystem.obj
c:\users\administrator\workspace\bobsgame\lib\poco-1.7.5\util\obj\util\release_static_mt\loggingconfigurator.obj
c:\users\administrator\workspace\bobsgame\lib\poco-1.7.5\util\obj\util\release_static_mt\layeredconfiguration.obj
c:\users\administrator\workspace\bobsgame\lib\poco-1.7.5\util\obj\util\release_static_mt\jsonconfiguration.obj
c:\users\administrator\workspace\bobsgame\lib\poco-1.7.5\util\obj\util\release_static_mt\intvalidator.obj
c:\users\administrator\workspace\bobsgame\lib\poco-1.7.5\util\obj\util\release_static_mt\inifileconfiguration.obj
c:\users\administrator\workspace\bobsgame\lib\poco-1.7.5\util\obj\util\release_static_mt\helpformatter.obj
c:\users\administrator\workspace\bobsgame\lib\poco-1.7.5\util\obj\util\release_static_mt\filesystemconfiguration.obj
c:\users\administrator\workspace\bobsgame\lib\poco-1.7.5\util\obj\util\release_static_mt\configurationview.obj
c:\users\administrator\workspace\bobsgame\lib\poco-1.7.5\util\obj\util\release_static_mt\configurationmapper.obj
c:\users\administrator\workspace\bobsgame\lib\poco-1.7.5\util\obj\util\release_static_mt\application.obj
c:\users\administrator\workspace\bobsgame\lib\poco-1.7.5\util\obj\util\release_static_mt\abstractconfiguration.obj
c:\users\administrator\workspace\bobsgame\lib\poco-1.7.5\util\obj\util\release_static_mt\xmlconfiguration.obj
c:\users\administrator\workspace\bobsgame\lib\poco-1.7.5\util\obj\util\release_static_mt\winservice.obj
c:\users\administrator\workspace\bobsgame\lib\poco-1.7.5\util\obj\util\release_static_mt\winregistrykey.obj
c:\users\administrator\workspace\bobsgame\lib\poco-1.7.5\util\obj\util\release_static_mt\winregistryconfiguration.obj
c:\users\administrator\workspace\bobsgame\lib\poco-1.7.5\util\obj\util\release_static_mt\validator.obj
c:\users\administrator\workspace\bobsgame\lib\poco-1.7.5\util\obj\util\release_static_mt\timertask.obj
c:\users\administrator\workspace\bobsgame\lib\poco-1.7.5\util\obj\util\release_static_mt\timer.obj
c:\users\administrator\workspace\bobsgame\lib\poco-1.7.5\util\obj\util\release_static_mt\systemconfiguration.obj
c:\users\administrator\workspace\bobsgame\lib\poco-1.7.5\util\obj\util\release_static_mt\subsystem.obj
c:\users\administrator\workspace\bobsgame\lib\poco-1.7.5\util\obj\util\release_static_mt\serverapplication.obj
c:\users\administrator\workspace\bobsgame\lib\poco-1.7.5\lib\pocoutilmt.lib
c:\users\administrator\workspace\bobsgame\lib\poco-1.7.5\util\..\lib\pocoutilmt.lib
c:\users\administrator\workspace\bobsgame\lib\poco-1.7.5\util\obj\util\release_static_mt\util.tlog\cl.command.1.tlog
c:\users\administrator\workspace\bobsgame\lib\poco-1.7.5\util\obj\util\release_static_mt\util.tlog\cl.read.1.tlog
c:\users\administrator\workspace\bobsgame\lib\poco-1.7.5\util\obj\util\release_static_mt\util.tlog\cl.write.1.tlog
c:\users\administrator\workspace\bobsgame\lib\poco-1.7.5\util\obj\util\release_static_mt\util.tlog\lib-link.read.1.tlog
c:\users\administrator\workspace\bobsgame\lib\poco-1.7.5\util\obj\util\release_static_mt\util.tlog\lib-link.write.1.tlog
c:\users\administrator\workspace\bobsgame\lib\poco-1.7.5\util\obj\util\release_static_mt\util.tlog\lib.command.1.tlog
