c:\users\administrator\desktop\poco-1.7.5-all\poco-1.7.5-all\json\obj\json\debug_shared\vc140.pdb
c:\users\administrator\desktop\poco-1.7.5-all\poco-1.7.5-all\json\obj\json\debug_shared\vc140.idb
c:\users\administrator\desktop\poco-1.7.5-all\poco-1.7.5-all\json\obj\json\debug_shared\array.obj
c:\users\administrator\desktop\poco-1.7.5-all\poco-1.7.5-all\json\obj\json\debug_shared\handler.obj
c:\users\administrator\desktop\poco-1.7.5-all\poco-1.7.5-all\json\obj\json\debug_shared\jsonexception.obj
c:\users\administrator\desktop\poco-1.7.5-all\poco-1.7.5-all\json\obj\json\debug_shared\object.obj
c:\users\administrator\desktop\poco-1.7.5-all\poco-1.7.5-all\json\obj\json\debug_shared\parsehandler.obj
c:\users\administrator\desktop\poco-1.7.5-all\poco-1.7.5-all\json\obj\json\debug_shared\parser.obj
c:\users\administrator\desktop\poco-1.7.5-all\poco-1.7.5-all\json\obj\json\debug_shared\printhandler.obj
c:\users\administrator\desktop\poco-1.7.5-all\poco-1.7.5-all\json\obj\json\debug_shared\query.obj
c:\users\administrator\desktop\poco-1.7.5-all\poco-1.7.5-all\json\obj\json\debug_shared\stringifier.obj
c:\users\administrator\desktop\poco-1.7.5-all\poco-1.7.5-all\json\obj\json\debug_shared\template.obj
c:\users\administrator\desktop\poco-1.7.5-all\poco-1.7.5-all\json\obj\json\debug_shared\templatecache.obj
c:\users\administrator\workspace\bobsgame\lib\poco-1.7.5\json\obj\json\debug_shared\vc140.pdb
c:\users\administrator\workspace\bobsgame\lib\poco-1.7.5\json\obj\json\debug_shared\vc140.idb
c:\users\administrator\workspace\bobsgame\lib\poco-1.7.5\json\obj\json\debug_shared\array.obj
c:\users\administrator\workspace\bobsgame\lib\poco-1.7.5\json\obj\json\debug_shared\handler.obj
c:\users\administrator\workspace\bobsgame\lib\poco-1.7.5\json\obj\json\debug_shared\jsonexception.obj
c:\users\administrator\workspace\bobsgame\lib\poco-1.7.5\json\obj\json\debug_shared\object.obj
c:\users\administrator\workspace\bobsgame\lib\poco-1.7.5\json\obj\json\debug_shared\parsehandler.obj
c:\users\administrator\workspace\bobsgame\lib\poco-1.7.5\json\obj\json\debug_shared\parser.obj
c:\users\administrator\workspace\bobsgame\lib\poco-1.7.5\json\obj\json\debug_shared\printhandler.obj
c:\users\administrator\workspace\bobsgame\lib\poco-1.7.5\json\obj\json\debug_shared\query.obj
c:\users\administrator\workspace\bobsgame\lib\poco-1.7.5\json\obj\json\debug_shared\stringifier.obj
c:\users\administrator\workspace\bobsgame\lib\poco-1.7.5\json\obj\json\debug_shared\template.obj
c:\users\administrator\workspace\bobsgame\lib\poco-1.7.5\json\obj\json\debug_shared\templatecache.obj
c:\users\administrator\desktop\poco-1.7.5-all\poco-1.7.5-all\lib\pocojsond.lib
c:\users\administrator\desktop\poco-1.7.5-all\poco-1.7.5-all\lib\pocojsond.exp
c:\users\administrator\workspace\bobsgame\lib\poco-1.7.5\lib\pocojsond.lib
c:\users\administrator\workspace\bobsgame\lib\poco-1.7.5\lib\pocojsond.exp
c:\users\administrator\desktop\poco-1.7.5-all\poco-1.7.5-all\bin\pocojsond.ilk
c:\users\administrator\desktop\poco-1.7.5-all\poco-1.7.5-all\bin\pocojsond.dll
c:\users\administrator\desktop\poco-1.7.5-all\poco-1.7.5-all\bin\pocojsond.pdb
c:\users\administrator\workspace\bobsgame\lib\poco-1.7.5\bin\pocojsond.ilk
c:\users\administrator\workspace\bobsgame\lib\poco-1.7.5\bin\pocojsond.dll
c:\users\administrator\workspace\bobsgame\lib\poco-1.7.5\bin\pocojsond.pdb
c:\users\administrator\workspace\bobsgame\lib\poco-1.7.5\json\..\bin\pocojsond.dll
c:\users\administrator\workspace\bobsgame\lib\poco-1.7.5\json\obj\json\debug_shared\json.tlog\cl.command.1.tlog
c:\users\administrator\workspace\bobsgame\lib\poco-1.7.5\json\obj\json\debug_shared\json.tlog\cl.read.1.tlog
c:\users\administrator\workspace\bobsgame\lib\poco-1.7.5\json\obj\json\debug_shared\json.tlog\cl.write.1.tlog
c:\users\administrator\workspace\bobsgame\lib\poco-1.7.5\json\obj\json\debug_shared\json.tlog\json.write.1u.tlog
c:\users\administrator\workspace\bobsgame\lib\poco-1.7.5\json\obj\json\debug_shared\json.tlog\link.command.1.tlog
c:\users\administrator\workspace\bobsgame\lib\poco-1.7.5\json\obj\json\debug_shared\json.tlog\link.read.1.tlog
c:\users\administrator\workspace\bobsgame\lib\poco-1.7.5\json\obj\json\debug_shared\json.tlog\link.write.1.tlog
