c:\users\administrator\desktop\poco-1.7.5-all\poco-1.7.5-all\foundation\obj\foundation\debug_shared\vc140.pdb
c:\users\administrator\desktop\poco-1.7.5-all\poco-1.7.5-all\foundation\obj\foundation\debug_shared\vc140.idb
c:\users\administrator\desktop\poco-1.7.5-all\poco-1.7.5-all\foundation\obj\foundation\debug_shared\textbufferiterator.obj
c:\users\administrator\desktop\poco-1.7.5-all\poco-1.7.5-all\foundation\obj\foundation\debug_shared\textconverter.obj
c:\users\administrator\desktop\poco-1.7.5-all\poco-1.7.5-all\foundation\obj\foundation\debug_shared\textencoding.obj
c:\users\administrator\desktop\poco-1.7.5-all\poco-1.7.5-all\foundation\obj\foundation\debug_shared\textiterator.obj
c:\users\administrator\desktop\poco-1.7.5-all\poco-1.7.5-all\foundation\obj\foundation\debug_shared\unicode.obj
c:\users\administrator\desktop\poco-1.7.5-all\poco-1.7.5-all\foundation\obj\foundation\debug_shared\unicodeconverter.obj
c:\users\administrator\desktop\poco-1.7.5-all\poco-1.7.5-all\foundation\obj\foundation\debug_shared\utf16encoding.obj
c:\users\administrator\desktop\poco-1.7.5-all\poco-1.7.5-all\foundation\obj\foundation\debug_shared\utf8encoding.obj
c:\users\administrator\desktop\poco-1.7.5-all\poco-1.7.5-all\foundation\obj\foundation\debug_shared\utf8string.obj
c:\users\administrator\desktop\poco-1.7.5-all\poco-1.7.5-all\foundation\obj\foundation\debug_shared\windows1252encoding.obj
c:\users\administrator\desktop\poco-1.7.5-all\poco-1.7.5-all\foundation\obj\foundation\debug_shared\filestreamfactory.obj
c:\users\administrator\desktop\poco-1.7.5-all\poco-1.7.5-all\foundation\obj\foundation\debug_shared\uri.obj
c:\users\administrator\desktop\poco-1.7.5-all\poco-1.7.5-all\foundation\obj\foundation\debug_shared\uristreamfactory.obj
c:\users\administrator\desktop\poco-1.7.5-all\poco-1.7.5-all\foundation\obj\foundation\debug_shared\uristreamopener.obj
c:\users\administrator\desktop\poco-1.7.5-all\poco-1.7.5-all\foundation\obj\foundation\debug_shared\task.obj
c:\users\administrator\desktop\poco-1.7.5-all\poco-1.7.5-all\foundation\obj\foundation\debug_shared\taskmanager.obj
c:\users\administrator\desktop\poco-1.7.5-all\poco-1.7.5-all\foundation\obj\foundation\debug_shared\tasknotification.obj
c:\users\administrator\desktop\poco-1.7.5-all\poco-1.7.5-all\foundation\obj\foundation\debug_shared\eventargs.obj
c:\users\administrator\desktop\poco-1.7.5-all\poco-1.7.5-all\foundation\obj\foundation\debug_shared\hash.obj
c:\users\administrator\desktop\poco-1.7.5-all\poco-1.7.5-all\foundation\obj\foundation\debug_shared\hashstatistic.obj
c:\users\administrator\desktop\poco-1.7.5-all\poco-1.7.5-all\foundation\obj\foundation\debug_shared\pipeimpl.obj
c:\users\administrator\desktop\poco-1.7.5-all\poco-1.7.5-all\foundation\obj\foundation\debug_shared\pipestream.obj
c:\users\administrator\desktop\poco-1.7.5-all\poco-1.7.5-all\foundation\obj\foundation\debug_shared\process.obj
c:\users\administrator\desktop\poco-1.7.5-all\poco-1.7.5-all\foundation\obj\foundation\debug_shared\sharedmemory.obj
c:\users\administrator\desktop\poco-1.7.5-all\poco-1.7.5-all\foundation\obj\foundation\debug_shared\uuid.obj
c:\users\administrator\desktop\poco-1.7.5-all\poco-1.7.5-all\foundation\obj\foundation\debug_shared\uuidgenerator.obj
c:\users\administrator\desktop\poco-1.7.5-all\poco-1.7.5-all\foundation\obj\foundation\debug_shared\clock.obj
c:\users\administrator\desktop\poco-1.7.5-all\poco-1.7.5-all\foundation\obj\foundation\debug_shared\datetime.obj
c:\users\administrator\desktop\poco-1.7.5-all\poco-1.7.5-all\foundation\obj\foundation\debug_shared\datetimeformat.obj
c:\users\administrator\desktop\poco-1.7.5-all\poco-1.7.5-all\foundation\obj\foundation\debug_shared\datetimeformatter.obj
c:\users\administrator\desktop\poco-1.7.5-all\poco-1.7.5-all\foundation\obj\foundation\debug_shared\datetimeparser.obj
c:\users\administrator\desktop\poco-1.7.5-all\poco-1.7.5-all\foundation\obj\foundation\debug_shared\localdatetime.obj
c:\users\administrator\desktop\poco-1.7.5-all\poco-1.7.5-all\foundation\obj\foundation\debug_shared\stopwatch.obj
c:\users\administrator\desktop\poco-1.7.5-all\poco-1.7.5-all\foundation\obj\foundation\debug_shared\timespan.obj
c:\users\administrator\desktop\poco-1.7.5-all\poco-1.7.5-all\foundation\obj\foundation\debug_shared\timestamp.obj
c:\users\administrator\desktop\poco-1.7.5-all\poco-1.7.5-all\foundation\obj\foundation\debug_shared\timezone.obj
c:\users\administrator\desktop\poco-1.7.5-all\poco-1.7.5-all\foundation\obj\foundation\debug_shared\asciiencoding.obj
c:\users\administrator\desktop\poco-1.7.5-all\poco-1.7.5-all\foundation\obj\foundation\debug_shared\latin1encoding.obj
c:\users\administrator\desktop\poco-1.7.5-all\poco-1.7.5-all\foundation\obj\foundation\debug_shared\latin9encoding.obj
c:\users\administrator\desktop\poco-1.7.5-all\poco-1.7.5-all\foundation\obj\foundation\debug_shared\streamconverter.obj
c:\users\administrator\desktop\poco-1.7.5-all\poco-1.7.5-all\foundation\obj\foundation\debug_shared\purgestrategy.obj
c:\users\administrator\desktop\poco-1.7.5-all\poco-1.7.5-all\foundation\obj\foundation\debug_shared\rotatestrategy.obj
c:\users\administrator\desktop\poco-1.7.5-all\poco-1.7.5-all\foundation\obj\foundation\debug_shared\simplefilechannel.obj
c:\users\administrator\desktop\poco-1.7.5-all\poco-1.7.5-all\foundation\obj\foundation\debug_shared\splitterchannel.obj
c:\users\administrator\desktop\poco-1.7.5-all\poco-1.7.5-all\foundation\obj\foundation\debug_shared\streamchannel.obj
c:\users\administrator\desktop\poco-1.7.5-all\poco-1.7.5-all\foundation\obj\foundation\debug_shared\windowsconsolechannel.obj
c:\users\administrator\desktop\poco-1.7.5-all\poco-1.7.5-all\foundation\obj\foundation\debug_shared\abstractobserver.obj
c:\users\administrator\desktop\poco-1.7.5-all\poco-1.7.5-all\foundation\obj\foundation\debug_shared\notification.obj
c:\users\administrator\desktop\poco-1.7.5-all\poco-1.7.5-all\foundation\obj\foundation\debug_shared\notificationcenter.obj
c:\users\administrator\desktop\poco-1.7.5-all\poco-1.7.5-all\foundation\obj\foundation\debug_shared\notificationqueue.obj
c:\users\administrator\desktop\poco-1.7.5-all\poco-1.7.5-all\foundation\obj\foundation\debug_shared\prioritynotificationqueue.obj
c:\users\administrator\desktop\poco-1.7.5-all\poco-1.7.5-all\foundation\obj\foundation\debug_shared\timednotificationqueue.obj
c:\users\administrator\desktop\poco-1.7.5-all\poco-1.7.5-all\foundation\obj\foundation\debug_shared\directoryiterator.obj
c:\users\administrator\desktop\poco-1.7.5-all\poco-1.7.5-all\foundation\obj\foundation\debug_shared\file.obj
c:\users\administrator\desktop\poco-1.7.5-all\poco-1.7.5-all\foundation\obj\foundation\debug_shared\glob.obj
c:\users\administrator\desktop\poco-1.7.5-all\poco-1.7.5-all\foundation\obj\foundation\debug_shared\path.obj
c:\users\administrator\desktop\poco-1.7.5-all\poco-1.7.5-all\foundation\obj\foundation\debug_shared\temporaryfile.obj
c:\users\administrator\desktop\poco-1.7.5-all\poco-1.7.5-all\foundation\obj\foundation\debug_shared\namedevent.obj
c:\users\administrator\desktop\poco-1.7.5-all\poco-1.7.5-all\foundation\obj\foundation\debug_shared\namedmutex.obj
c:\users\administrator\desktop\poco-1.7.5-all\poco-1.7.5-all\foundation\obj\foundation\debug_shared\pipe.obj
c:\users\administrator\desktop\poco-1.7.5-all\poco-1.7.5-all\foundation\obj\foundation\debug_shared\manifest.obj
c:\users\administrator\desktop\poco-1.7.5-all\poco-1.7.5-all\foundation\obj\foundation\debug_shared\sharedlibrary.obj
c:\users\administrator\desktop\poco-1.7.5-all\poco-1.7.5-all\foundation\obj\foundation\debug_shared\regularexpression.obj
c:\users\administrator\desktop\poco-1.7.5-all\poco-1.7.5-all\foundation\obj\foundation\debug_shared\archivestrategy.obj
c:\users\administrator\desktop\poco-1.7.5-all\poco-1.7.5-all\foundation\obj\foundation\debug_shared\asyncchannel.obj
c:\users\administrator\desktop\poco-1.7.5-all\poco-1.7.5-all\foundation\obj\foundation\debug_shared\channel.obj
c:\users\administrator\desktop\poco-1.7.5-all\poco-1.7.5-all\foundation\obj\foundation\debug_shared\configurable.obj
c:\users\administrator\desktop\poco-1.7.5-all\poco-1.7.5-all\foundation\obj\foundation\debug_shared\consolechannel.obj
c:\users\administrator\desktop\poco-1.7.5-all\poco-1.7.5-all\foundation\obj\foundation\debug_shared\eventlogchannel.obj
c:\users\administrator\desktop\poco-1.7.5-all\poco-1.7.5-all\foundation\obj\foundation\debug_shared\filechannel.obj
c:\users\administrator\desktop\poco-1.7.5-all\poco-1.7.5-all\foundation\obj\foundation\debug_shared\formatter.obj
c:\users\administrator\desktop\poco-1.7.5-all\poco-1.7.5-all\foundation\obj\foundation\debug_shared\formattingchannel.obj
c:\users\administrator\desktop\poco-1.7.5-all\poco-1.7.5-all\foundation\obj\foundation\debug_shared\logfile.obj
c:\users\administrator\desktop\poco-1.7.5-all\poco-1.7.5-all\foundation\obj\foundation\debug_shared\logger.obj
c:\users\administrator\desktop\poco-1.7.5-all\poco-1.7.5-all\foundation\obj\foundation\debug_shared\loggingfactory.obj
c:\users\administrator\desktop\poco-1.7.5-all\poco-1.7.5-all\foundation\obj\foundation\debug_shared\loggingregistry.obj
c:\users\administrator\desktop\poco-1.7.5-all\poco-1.7.5-all\foundation\obj\foundation\debug_shared\logstream.obj
c:\users\administrator\desktop\poco-1.7.5-all\poco-1.7.5-all\foundation\obj\foundation\debug_shared\message.obj
c:\users\administrator\desktop\poco-1.7.5-all\poco-1.7.5-all\foundation\obj\foundation\debug_shared\nullchannel.obj
c:\users\administrator\desktop\poco-1.7.5-all\poco-1.7.5-all\foundation\obj\foundation\debug_shared\patternformatter.obj
c:\users\administrator\desktop\poco-1.7.5-all\poco-1.7.5-all\foundation\obj\foundation\debug_shared\condition.obj
c:\users\administrator\desktop\poco-1.7.5-all\poco-1.7.5-all\foundation\obj\foundation\debug_shared\errorhandler.obj
c:\users\administrator\desktop\poco-1.7.5-all\poco-1.7.5-all\foundation\obj\foundation\debug_shared\event.obj
c:\users\administrator\desktop\poco-1.7.5-all\poco-1.7.5-all\foundation\obj\foundation\debug_shared\mutex.obj
c:\users\administrator\desktop\poco-1.7.5-all\poco-1.7.5-all\foundation\obj\foundation\debug_shared\runnable.obj
c:\users\administrator\desktop\poco-1.7.5-all\poco-1.7.5-all\foundation\obj\foundation\debug_shared\rwlock.obj
c:\users\administrator\desktop\poco-1.7.5-all\poco-1.7.5-all\foundation\obj\foundation\debug_shared\semaphore.obj
c:\users\administrator\desktop\poco-1.7.5-all\poco-1.7.5-all\foundation\obj\foundation\debug_shared\synchronizedobject.obj
c:\users\administrator\desktop\poco-1.7.5-all\poco-1.7.5-all\foundation\obj\foundation\debug_shared\thread.obj
c:\users\administrator\desktop\poco-1.7.5-all\poco-1.7.5-all\foundation\obj\foundation\debug_shared\threadlocal.obj
c:\users\administrator\desktop\poco-1.7.5-all\poco-1.7.5-all\foundation\obj\foundation\debug_shared\threadpool.obj
c:\users\administrator\desktop\poco-1.7.5-all\poco-1.7.5-all\foundation\obj\foundation\debug_shared\threadtarget.obj
c:\users\administrator\desktop\poco-1.7.5-all\poco-1.7.5-all\foundation\obj\foundation\debug_shared\timer.obj
c:\users\administrator\desktop\poco-1.7.5-all\poco-1.7.5-all\foundation\obj\foundation\debug_shared\digestengine.obj
c:\users\administrator\desktop\poco-1.7.5-all\poco-1.7.5-all\foundation\obj\foundation\debug_shared\digeststream.obj
c:\users\administrator\desktop\poco-1.7.5-all\poco-1.7.5-all\foundation\obj\foundation\debug_shared\md4engine.obj
c:\users\administrator\desktop\poco-1.7.5-all\poco-1.7.5-all\foundation\obj\foundation\debug_shared\md5engine.obj
c:\users\administrator\desktop\poco-1.7.5-all\poco-1.7.5-all\foundation\obj\foundation\debug_shared\random.obj
c:\users\administrator\desktop\poco-1.7.5-all\poco-1.7.5-all\foundation\obj\foundation\debug_shared\randomstream.obj
c:\users\administrator\desktop\poco-1.7.5-all\poco-1.7.5-all\foundation\obj\foundation\debug_shared\sha1engine.obj
c:\users\administrator\desktop\poco-1.7.5-all\poco-1.7.5-all\foundation\obj\foundation\debug_shared\base64decoder.obj
c:\users\administrator\desktop\poco-1.7.5-all\poco-1.7.5-all\foundation\obj\foundation\debug_shared\base64encoder.obj
c:\users\administrator\desktop\poco-1.7.5-all\poco-1.7.5-all\foundation\obj\foundation\debug_shared\binaryreader.obj
c:\users\administrator\desktop\poco-1.7.5-all\poco-1.7.5-all\foundation\obj\foundation\debug_shared\binarywriter.obj
c:\users\administrator\desktop\poco-1.7.5-all\poco-1.7.5-all\foundation\obj\foundation\debug_shared\countingstream.obj
c:\users\administrator\desktop\poco-1.7.5-all\poco-1.7.5-all\foundation\obj\foundation\debug_shared\deflatingstream.obj
c:\users\administrator\desktop\poco-1.7.5-all\poco-1.7.5-all\foundation\obj\foundation\debug_shared\filestream.obj
c:\users\administrator\desktop\poco-1.7.5-all\poco-1.7.5-all\foundation\obj\foundation\debug_shared\hexbinarydecoder.obj
c:\users\administrator\desktop\poco-1.7.5-all\poco-1.7.5-all\foundation\obj\foundation\debug_shared\hexbinaryencoder.obj
c:\users\administrator\desktop\poco-1.7.5-all\poco-1.7.5-all\foundation\obj\foundation\debug_shared\inflatingstream.obj
c:\users\administrator\desktop\poco-1.7.5-all\poco-1.7.5-all\foundation\obj\foundation\debug_shared\lineendingconverter.obj
c:\users\administrator\desktop\poco-1.7.5-all\poco-1.7.5-all\foundation\obj\foundation\debug_shared\memorystream.obj
c:\users\administrator\desktop\poco-1.7.5-all\poco-1.7.5-all\foundation\obj\foundation\debug_shared\nullstream.obj
c:\users\administrator\desktop\poco-1.7.5-all\poco-1.7.5-all\foundation\obj\foundation\debug_shared\streamcopier.obj
c:\users\administrator\desktop\poco-1.7.5-all\poco-1.7.5-all\foundation\obj\foundation\debug_shared\streamtokenizer.obj
c:\users\administrator\desktop\poco-1.7.5-all\poco-1.7.5-all\foundation\obj\foundation\debug_shared\teestream.obj
c:\users\administrator\desktop\poco-1.7.5-all\poco-1.7.5-all\foundation\obj\foundation\debug_shared\token.obj
c:\users\administrator\desktop\poco-1.7.5-all\poco-1.7.5-all\foundation\obj\foundation\debug_shared\windows1250encoding.obj
c:\users\administrator\desktop\poco-1.7.5-all\poco-1.7.5-all\foundation\obj\foundation\debug_shared\windows1251encoding.obj
c:\users\administrator\desktop\poco-1.7.5-all\poco-1.7.5-all\foundation\obj\foundation\debug_shared\activedispatcher.obj
c:\users\administrator\desktop\poco-1.7.5-all\poco-1.7.5-all\foundation\obj\foundation\debug_shared\fifobufferstream.obj
c:\users\administrator\desktop\poco-1.7.5-all\poco-1.7.5-all\foundation\obj\foundation\debug_shared\format.obj
c:\users\administrator\desktop\poco-1.7.5-all\poco-1.7.5-all\foundation\obj\foundation\debug_shared\fpenvironment.obj
c:\users\administrator\desktop\poco-1.7.5-all\poco-1.7.5-all\foundation\obj\foundation\debug_shared\latin2encoding.obj
c:\users\administrator\desktop\poco-1.7.5-all\poco-1.7.5-all\foundation\obj\foundation\debug_shared\memorypool.obj
c:\users\administrator\desktop\poco-1.7.5-all\poco-1.7.5-all\foundation\obj\foundation\debug_shared\nesteddiagnosticcontext.obj
c:\users\administrator\desktop\poco-1.7.5-all\poco-1.7.5-all\foundation\obj\foundation\debug_shared\numberformatter.obj
c:\users\administrator\desktop\poco-1.7.5-all\poco-1.7.5-all\foundation\obj\foundation\debug_shared\numberparser.obj
c:\users\administrator\desktop\poco-1.7.5-all\poco-1.7.5-all\foundation\obj\foundation\debug_shared\refcountedobject.obj
c:\users\administrator\desktop\poco-1.7.5-all\poco-1.7.5-all\foundation\obj\foundation\debug_shared\sorteddirectoryiterator.obj
c:\users\administrator\desktop\poco-1.7.5-all\poco-1.7.5-all\foundation\obj\foundation\debug_shared\numericstring.obj
c:\users\administrator\desktop\poco-1.7.5-all\poco-1.7.5-all\foundation\obj\foundation\debug_shared\directoryiteratorstrategy.obj
c:\users\administrator\desktop\poco-1.7.5-all\poco-1.7.5-all\foundation\obj\foundation\debug_shared\stringtokenizer.obj
c:\users\administrator\desktop\poco-1.7.5-all\poco-1.7.5-all\foundation\obj\foundation\debug_shared\utf32encoding.obj
c:\users\administrator\desktop\poco-1.7.5-all\poco-1.7.5-all\foundation\obj\foundation\debug_shared\var.obj
c:\users\administrator\desktop\poco-1.7.5-all\poco-1.7.5-all\foundation\obj\foundation\debug_shared\varholder.obj
c:\users\administrator\desktop\poco-1.7.5-all\poco-1.7.5-all\foundation\obj\foundation\debug_shared\variterator.obj
c:\users\administrator\desktop\poco-1.7.5-all\poco-1.7.5-all\foundation\obj\foundation\debug_shared\void.obj
c:\users\administrator\desktop\poco-1.7.5-all\poco-1.7.5-all\foundation\obj\foundation\debug_shared\base32decoder.obj
c:\users\administrator\desktop\poco-1.7.5-all\poco-1.7.5-all\foundation\obj\foundation\debug_shared\base32encoder.obj
c:\users\administrator\desktop\poco-1.7.5-all\poco-1.7.5-all\foundation\obj\foundation\debug_shared\ascii.obj
c:\users\administrator\desktop\poco-1.7.5-all\poco-1.7.5-all\foundation\obj\foundation\debug_shared\atomiccounter.obj
c:\users\administrator\desktop\poco-1.7.5-all\poco-1.7.5-all\foundation\obj\foundation\debug_shared\bugcheck.obj
c:\users\administrator\desktop\poco-1.7.5-all\poco-1.7.5-all\foundation\obj\foundation\debug_shared\checksum.obj
c:\users\administrator\desktop\poco-1.7.5-all\poco-1.7.5-all\foundation\obj\foundation\debug_shared\debugger.obj
c:\users\administrator\desktop\poco-1.7.5-all\poco-1.7.5-all\foundation\obj\foundation\debug_shared\directorywatcher.obj
c:\users\administrator\desktop\poco-1.7.5-all\poco-1.7.5-all\foundation\obj\foundation\debug_shared\environment.obj
c:\users\administrator\desktop\poco-1.7.5-all\poco-1.7.5-all\foundation\obj\foundation\debug_shared\error.obj
c:\users\administrator\desktop\poco-1.7.5-all\poco-1.7.5-all\foundation\obj\foundation\debug_shared\eventchannel.obj
c:\users\administrator\desktop\poco-1.7.5-all\poco-1.7.5-all\foundation\obj\foundation\debug_shared\exception.obj
c:\users\administrator\desktop\poco-1.7.5-all\poco-1.7.5-all\foundation\obj\foundation\debug_shared\pcre_byte_order.obj
c:\users\administrator\desktop\poco-1.7.5-all\poco-1.7.5-all\foundation\obj\foundation\debug_shared\pcre_chartables.obj
c:\users\administrator\desktop\poco-1.7.5-all\poco-1.7.5-all\foundation\obj\foundation\debug_shared\pcre_config.obj
c:\users\administrator\desktop\poco-1.7.5-all\poco-1.7.5-all\foundation\obj\foundation\debug_shared\pcre_compile.obj
c:\users\administrator\desktop\poco-1.7.5-all\poco-1.7.5-all\foundation\obj\foundation\debug_shared\pcre_get.obj
c:\users\administrator\desktop\poco-1.7.5-all\poco-1.7.5-all\foundation\obj\foundation\debug_shared\pcre_jit_compile.obj
c:\users\administrator\desktop\poco-1.7.5-all\poco-1.7.5-all\foundation\obj\foundation\debug_shared\pcre_refcount.obj
c:\users\administrator\desktop\poco-1.7.5-all\poco-1.7.5-all\foundation\obj\foundation\debug_shared\pcre_string_utils.obj
c:\users\administrator\desktop\poco-1.7.5-all\poco-1.7.5-all\foundation\obj\foundation\debug_shared\pcre_dfa_exec.obj
c:\users\administrator\desktop\poco-1.7.5-all\poco-1.7.5-all\foundation\obj\foundation\debug_shared\pcre_exec.obj
c:\users\administrator\desktop\poco-1.7.5-all\poco-1.7.5-all\foundation\obj\foundation\debug_shared\pcre_fullinfo.obj
c:\users\administrator\desktop\poco-1.7.5-all\poco-1.7.5-all\foundation\obj\foundation\debug_shared\pcre_globals.obj
c:\users\administrator\desktop\poco-1.7.5-all\poco-1.7.5-all\foundation\obj\foundation\debug_shared\pcre_maketables.obj
c:\users\administrator\desktop\poco-1.7.5-all\poco-1.7.5-all\foundation\obj\foundation\debug_shared\pcre_newline.obj
c:\users\administrator\desktop\poco-1.7.5-all\poco-1.7.5-all\foundation\obj\foundation\debug_shared\pcre_ord2utf8.obj
c:\users\administrator\desktop\poco-1.7.5-all\poco-1.7.5-all\foundation\obj\foundation\debug_shared\pcre_study.obj
c:\users\administrator\desktop\poco-1.7.5-all\poco-1.7.5-all\foundation\obj\foundation\debug_shared\pcre_tables.obj
c:\users\administrator\desktop\poco-1.7.5-all\poco-1.7.5-all\foundation\obj\foundation\debug_shared\pcre_ucd.obj
c:\users\administrator\desktop\poco-1.7.5-all\poco-1.7.5-all\foundation\obj\foundation\debug_shared\pcre_valid_utf8.obj
c:\users\administrator\desktop\poco-1.7.5-all\poco-1.7.5-all\foundation\obj\foundation\debug_shared\pcre_xclass.obj
c:\users\administrator\desktop\poco-1.7.5-all\poco-1.7.5-all\foundation\obj\foundation\debug_shared\adler32.obj
c:\users\administrator\desktop\poco-1.7.5-all\poco-1.7.5-all\foundation\obj\foundation\debug_shared\compress.obj
c:\users\administrator\desktop\poco-1.7.5-all\poco-1.7.5-all\foundation\obj\foundation\debug_shared\crc32.obj
c:\users\administrator\desktop\poco-1.7.5-all\poco-1.7.5-all\foundation\obj\foundation\debug_shared\deflate.obj
c:\users\administrator\desktop\poco-1.7.5-all\poco-1.7.5-all\foundation\obj\foundation\debug_shared\infback.obj
c:\users\administrator\desktop\poco-1.7.5-all\poco-1.7.5-all\foundation\obj\foundation\debug_shared\inffast.obj
c:\users\administrator\desktop\poco-1.7.5-all\poco-1.7.5-all\foundation\obj\foundation\debug_shared\inflate.obj
c:\users\administrator\desktop\poco-1.7.5-all\poco-1.7.5-all\foundation\obj\foundation\debug_shared\inftrees.obj
c:\users\administrator\desktop\poco-1.7.5-all\poco-1.7.5-all\foundation\obj\foundation\debug_shared\trees.obj
c:\users\administrator\desktop\poco-1.7.5-all\poco-1.7.5-all\foundation\obj\foundation\debug_shared\zutil.obj
c:\users\administrator\desktop\poco-1.7.5-all\poco-1.7.5-all\foundation\obj\foundation\debug_shared\pcre_version.obj
c:\users\administrator\workspace\bobsgame\lib\poco-1.7.5\foundation\obj\foundation\debug_shared\vc140.pdb
c:\users\administrator\workspace\bobsgame\lib\poco-1.7.5\foundation\obj\foundation\debug_shared\vc140.idb
c:\users\administrator\workspace\bobsgame\lib\poco-1.7.5\foundation\obj\foundation\debug_shared\textbufferiterator.obj
c:\users\administrator\workspace\bobsgame\lib\poco-1.7.5\foundation\obj\foundation\debug_shared\textconverter.obj
c:\users\administrator\workspace\bobsgame\lib\poco-1.7.5\foundation\obj\foundation\debug_shared\textencoding.obj
c:\users\administrator\workspace\bobsgame\lib\poco-1.7.5\foundation\obj\foundation\debug_shared\textiterator.obj
c:\users\administrator\workspace\bobsgame\lib\poco-1.7.5\foundation\obj\foundation\debug_shared\unicode.obj
c:\users\administrator\workspace\bobsgame\lib\poco-1.7.5\foundation\obj\foundation\debug_shared\unicodeconverter.obj
c:\users\administrator\workspace\bobsgame\lib\poco-1.7.5\foundation\obj\foundation\debug_shared\utf16encoding.obj
c:\users\administrator\workspace\bobsgame\lib\poco-1.7.5\foundation\obj\foundation\debug_shared\utf8encoding.obj
c:\users\administrator\workspace\bobsgame\lib\poco-1.7.5\foundation\obj\foundation\debug_shared\utf8string.obj
c:\users\administrator\workspace\bobsgame\lib\poco-1.7.5\foundation\obj\foundation\debug_shared\windows1252encoding.obj
c:\users\administrator\workspace\bobsgame\lib\poco-1.7.5\foundation\obj\foundation\debug_shared\filestreamfactory.obj
c:\users\administrator\workspace\bobsgame\lib\poco-1.7.5\foundation\obj\foundation\debug_shared\uri.obj
c:\users\administrator\workspace\bobsgame\lib\poco-1.7.5\foundation\obj\foundation\debug_shared\uristreamfactory.obj
c:\users\administrator\workspace\bobsgame\lib\poco-1.7.5\foundation\obj\foundation\debug_shared\uristreamopener.obj
c:\users\administrator\workspace\bobsgame\lib\poco-1.7.5\foundation\obj\foundation\debug_shared\task.obj
c:\users\administrator\workspace\bobsgame\lib\poco-1.7.5\foundation\obj\foundation\debug_shared\taskmanager.obj
c:\users\administrator\workspace\bobsgame\lib\poco-1.7.5\foundation\obj\foundation\debug_shared\tasknotification.obj
c:\users\administrator\workspace\bobsgame\lib\poco-1.7.5\foundation\obj\foundation\debug_shared\eventargs.obj
c:\users\administrator\workspace\bobsgame\lib\poco-1.7.5\foundation\obj\foundation\debug_shared\hash.obj
c:\users\administrator\workspace\bobsgame\lib\poco-1.7.5\foundation\obj\foundation\debug_shared\hashstatistic.obj
c:\users\administrator\workspace\bobsgame\lib\poco-1.7.5\foundation\obj\foundation\debug_shared\pipeimpl.obj
c:\users\administrator\workspace\bobsgame\lib\poco-1.7.5\foundation\obj\foundation\debug_shared\pipestream.obj
c:\users\administrator\workspace\bobsgame\lib\poco-1.7.5\foundation\obj\foundation\debug_shared\process.obj
c:\users\administrator\workspace\bobsgame\lib\poco-1.7.5\foundation\obj\foundation\debug_shared\sharedmemory.obj
c:\users\administrator\workspace\bobsgame\lib\poco-1.7.5\foundation\obj\foundation\debug_shared\uuid.obj
c:\users\administrator\workspace\bobsgame\lib\poco-1.7.5\foundation\obj\foundation\debug_shared\uuidgenerator.obj
c:\users\administrator\workspace\bobsgame\lib\poco-1.7.5\foundation\obj\foundation\debug_shared\clock.obj
c:\users\administrator\workspace\bobsgame\lib\poco-1.7.5\foundation\obj\foundation\debug_shared\datetime.obj
c:\users\administrator\workspace\bobsgame\lib\poco-1.7.5\foundation\obj\foundation\debug_shared\datetimeformat.obj
c:\users\administrator\workspace\bobsgame\lib\poco-1.7.5\foundation\obj\foundation\debug_shared\datetimeformatter.obj
c:\users\administrator\workspace\bobsgame\lib\poco-1.7.5\foundation\obj\foundation\debug_shared\datetimeparser.obj
c:\users\administrator\workspace\bobsgame\lib\poco-1.7.5\foundation\obj\foundation\debug_shared\localdatetime.obj
c:\users\administrator\workspace\bobsgame\lib\poco-1.7.5\foundation\obj\foundation\debug_shared\stopwatch.obj
c:\users\administrator\workspace\bobsgame\lib\poco-1.7.5\foundation\obj\foundation\debug_shared\timespan.obj
c:\users\administrator\workspace\bobsgame\lib\poco-1.7.5\foundation\obj\foundation\debug_shared\timestamp.obj
c:\users\administrator\workspace\bobsgame\lib\poco-1.7.5\foundation\obj\foundation\debug_shared\timezone.obj
c:\users\administrator\workspace\bobsgame\lib\poco-1.7.5\foundation\obj\foundation\debug_shared\asciiencoding.obj
c:\users\administrator\workspace\bobsgame\lib\poco-1.7.5\foundation\obj\foundation\debug_shared\latin1encoding.obj
c:\users\administrator\workspace\bobsgame\lib\poco-1.7.5\foundation\obj\foundation\debug_shared\latin9encoding.obj
c:\users\administrator\workspace\bobsgame\lib\poco-1.7.5\foundation\obj\foundation\debug_shared\streamconverter.obj
c:\users\administrator\workspace\bobsgame\lib\poco-1.7.5\foundation\obj\foundation\debug_shared\purgestrategy.obj
c:\users\administrator\workspace\bobsgame\lib\poco-1.7.5\foundation\obj\foundation\debug_shared\rotatestrategy.obj
c:\users\administrator\workspace\bobsgame\lib\poco-1.7.5\foundation\obj\foundation\debug_shared\simplefilechannel.obj
c:\users\administrator\workspace\bobsgame\lib\poco-1.7.5\foundation\obj\foundation\debug_shared\splitterchannel.obj
c:\users\administrator\workspace\bobsgame\lib\poco-1.7.5\foundation\obj\foundation\debug_shared\streamchannel.obj
c:\users\administrator\workspace\bobsgame\lib\poco-1.7.5\foundation\obj\foundation\debug_shared\windowsconsolechannel.obj
c:\users\administrator\workspace\bobsgame\lib\poco-1.7.5\foundation\obj\foundation\debug_shared\abstractobserver.obj
c:\users\administrator\workspace\bobsgame\lib\poco-1.7.5\foundation\obj\foundation\debug_shared\notification.obj
c:\users\administrator\workspace\bobsgame\lib\poco-1.7.5\foundation\obj\foundation\debug_shared\notificationcenter.obj
c:\users\administrator\workspace\bobsgame\lib\poco-1.7.5\foundation\obj\foundation\debug_shared\notificationqueue.obj
c:\users\administrator\workspace\bobsgame\lib\poco-1.7.5\foundation\obj\foundation\debug_shared\prioritynotificationqueue.obj
c:\users\administrator\workspace\bobsgame\lib\poco-1.7.5\foundation\obj\foundation\debug_shared\timednotificationqueue.obj
c:\users\administrator\workspace\bobsgame\lib\poco-1.7.5\foundation\obj\foundation\debug_shared\directoryiterator.obj
c:\users\administrator\workspace\bobsgame\lib\poco-1.7.5\foundation\obj\foundation\debug_shared\file.obj
c:\users\administrator\workspace\bobsgame\lib\poco-1.7.5\foundation\obj\foundation\debug_shared\glob.obj
c:\users\administrator\workspace\bobsgame\lib\poco-1.7.5\foundation\obj\foundation\debug_shared\path.obj
c:\users\administrator\workspace\bobsgame\lib\poco-1.7.5\foundation\obj\foundation\debug_shared\temporaryfile.obj
c:\users\administrator\workspace\bobsgame\lib\poco-1.7.5\foundation\obj\foundation\debug_shared\namedevent.obj
c:\users\administrator\workspace\bobsgame\lib\poco-1.7.5\foundation\obj\foundation\debug_shared\namedmutex.obj
c:\users\administrator\workspace\bobsgame\lib\poco-1.7.5\foundation\obj\foundation\debug_shared\pipe.obj
c:\users\administrator\workspace\bobsgame\lib\poco-1.7.5\foundation\obj\foundation\debug_shared\manifest.obj
c:\users\administrator\workspace\bobsgame\lib\poco-1.7.5\foundation\obj\foundation\debug_shared\sharedlibrary.obj
c:\users\administrator\workspace\bobsgame\lib\poco-1.7.5\foundation\obj\foundation\debug_shared\regularexpression.obj
c:\users\administrator\workspace\bobsgame\lib\poco-1.7.5\foundation\obj\foundation\debug_shared\archivestrategy.obj
c:\users\administrator\workspace\bobsgame\lib\poco-1.7.5\foundation\obj\foundation\debug_shared\asyncchannel.obj
c:\users\administrator\workspace\bobsgame\lib\poco-1.7.5\foundation\obj\foundation\debug_shared\channel.obj
c:\users\administrator\workspace\bobsgame\lib\poco-1.7.5\foundation\obj\foundation\debug_shared\configurable.obj
c:\users\administrator\workspace\bobsgame\lib\poco-1.7.5\foundation\obj\foundation\debug_shared\consolechannel.obj
c:\users\administrator\workspace\bobsgame\lib\poco-1.7.5\foundation\obj\foundation\debug_shared\eventlogchannel.obj
c:\users\administrator\workspace\bobsgame\lib\poco-1.7.5\foundation\obj\foundation\debug_shared\filechannel.obj
c:\users\administrator\workspace\bobsgame\lib\poco-1.7.5\foundation\obj\foundation\debug_shared\formatter.obj
c:\users\administrator\workspace\bobsgame\lib\poco-1.7.5\foundation\obj\foundation\debug_shared\formattingchannel.obj
c:\users\administrator\workspace\bobsgame\lib\poco-1.7.5\foundation\obj\foundation\debug_shared\logfile.obj
c:\users\administrator\workspace\bobsgame\lib\poco-1.7.5\foundation\obj\foundation\debug_shared\logger.obj
c:\users\administrator\workspace\bobsgame\lib\poco-1.7.5\foundation\obj\foundation\debug_shared\loggingfactory.obj
c:\users\administrator\workspace\bobsgame\lib\poco-1.7.5\foundation\obj\foundation\debug_shared\loggingregistry.obj
c:\users\administrator\workspace\bobsgame\lib\poco-1.7.5\foundation\obj\foundation\debug_shared\logstream.obj
c:\users\administrator\workspace\bobsgame\lib\poco-1.7.5\foundation\obj\foundation\debug_shared\message.obj
c:\users\administrator\workspace\bobsgame\lib\poco-1.7.5\foundation\obj\foundation\debug_shared\nullchannel.obj
c:\users\administrator\workspace\bobsgame\lib\poco-1.7.5\foundation\obj\foundation\debug_shared\patternformatter.obj
c:\users\administrator\workspace\bobsgame\lib\poco-1.7.5\foundation\obj\foundation\debug_shared\condition.obj
c:\users\administrator\workspace\bobsgame\lib\poco-1.7.5\foundation\obj\foundation\debug_shared\errorhandler.obj
c:\users\administrator\workspace\bobsgame\lib\poco-1.7.5\foundation\obj\foundation\debug_shared\event.obj
c:\users\administrator\workspace\bobsgame\lib\poco-1.7.5\foundation\obj\foundation\debug_shared\mutex.obj
c:\users\administrator\workspace\bobsgame\lib\poco-1.7.5\foundation\obj\foundation\debug_shared\runnable.obj
c:\users\administrator\workspace\bobsgame\lib\poco-1.7.5\foundation\obj\foundation\debug_shared\rwlock.obj
c:\users\administrator\workspace\bobsgame\lib\poco-1.7.5\foundation\obj\foundation\debug_shared\semaphore.obj
c:\users\administrator\workspace\bobsgame\lib\poco-1.7.5\foundation\obj\foundation\debug_shared\synchronizedobject.obj
c:\users\administrator\workspace\bobsgame\lib\poco-1.7.5\foundation\obj\foundation\debug_shared\thread.obj
c:\users\administrator\workspace\bobsgame\lib\poco-1.7.5\foundation\obj\foundation\debug_shared\threadlocal.obj
c:\users\administrator\workspace\bobsgame\lib\poco-1.7.5\foundation\obj\foundation\debug_shared\threadpool.obj
c:\users\administrator\workspace\bobsgame\lib\poco-1.7.5\foundation\obj\foundation\debug_shared\threadtarget.obj
c:\users\administrator\workspace\bobsgame\lib\poco-1.7.5\foundation\obj\foundation\debug_shared\timer.obj
c:\users\administrator\workspace\bobsgame\lib\poco-1.7.5\foundation\obj\foundation\debug_shared\digestengine.obj
c:\users\administrator\workspace\bobsgame\lib\poco-1.7.5\foundation\obj\foundation\debug_shared\digeststream.obj
c:\users\administrator\workspace\bobsgame\lib\poco-1.7.5\foundation\obj\foundation\debug_shared\md4engine.obj
c:\users\administrator\workspace\bobsgame\lib\poco-1.7.5\foundation\obj\foundation\debug_shared\md5engine.obj
c:\users\administrator\workspace\bobsgame\lib\poco-1.7.5\foundation\obj\foundation\debug_shared\random.obj
c:\users\administrator\workspace\bobsgame\lib\poco-1.7.5\foundation\obj\foundation\debug_shared\randomstream.obj
c:\users\administrator\workspace\bobsgame\lib\poco-1.7.5\foundation\obj\foundation\debug_shared\sha1engine.obj
c:\users\administrator\workspace\bobsgame\lib\poco-1.7.5\foundation\obj\foundation\debug_shared\base64decoder.obj
c:\users\administrator\workspace\bobsgame\lib\poco-1.7.5\foundation\obj\foundation\debug_shared\base64encoder.obj
c:\users\administrator\workspace\bobsgame\lib\poco-1.7.5\foundation\obj\foundation\debug_shared\binaryreader.obj
c:\users\administrator\workspace\bobsgame\lib\poco-1.7.5\foundation\obj\foundation\debug_shared\binarywriter.obj
c:\users\administrator\workspace\bobsgame\lib\poco-1.7.5\foundation\obj\foundation\debug_shared\countingstream.obj
c:\users\administrator\workspace\bobsgame\lib\poco-1.7.5\foundation\obj\foundation\debug_shared\deflatingstream.obj
c:\users\administrator\workspace\bobsgame\lib\poco-1.7.5\foundation\obj\foundation\debug_shared\filestream.obj
c:\users\administrator\workspace\bobsgame\lib\poco-1.7.5\foundation\obj\foundation\debug_shared\hexbinarydecoder.obj
c:\users\administrator\workspace\bobsgame\lib\poco-1.7.5\foundation\obj\foundation\debug_shared\hexbinaryencoder.obj
c:\users\administrator\workspace\bobsgame\lib\poco-1.7.5\foundation\obj\foundation\debug_shared\inflatingstream.obj
c:\users\administrator\workspace\bobsgame\lib\poco-1.7.5\foundation\obj\foundation\debug_shared\lineendingconverter.obj
c:\users\administrator\workspace\bobsgame\lib\poco-1.7.5\foundation\obj\foundation\debug_shared\memorystream.obj
c:\users\administrator\workspace\bobsgame\lib\poco-1.7.5\foundation\obj\foundation\debug_shared\nullstream.obj
c:\users\administrator\workspace\bobsgame\lib\poco-1.7.5\foundation\obj\foundation\debug_shared\streamcopier.obj
c:\users\administrator\workspace\bobsgame\lib\poco-1.7.5\foundation\obj\foundation\debug_shared\streamtokenizer.obj
c:\users\administrator\workspace\bobsgame\lib\poco-1.7.5\foundation\obj\foundation\debug_shared\teestream.obj
c:\users\administrator\workspace\bobsgame\lib\poco-1.7.5\foundation\obj\foundation\debug_shared\token.obj
c:\users\administrator\workspace\bobsgame\lib\poco-1.7.5\foundation\obj\foundation\debug_shared\windows1250encoding.obj
c:\users\administrator\workspace\bobsgame\lib\poco-1.7.5\foundation\obj\foundation\debug_shared\windows1251encoding.obj
c:\users\administrator\workspace\bobsgame\lib\poco-1.7.5\foundation\obj\foundation\debug_shared\activedispatcher.obj
c:\users\administrator\workspace\bobsgame\lib\poco-1.7.5\foundation\obj\foundation\debug_shared\fifobufferstream.obj
c:\users\administrator\workspace\bobsgame\lib\poco-1.7.5\foundation\obj\foundation\debug_shared\format.obj
c:\users\administrator\workspace\bobsgame\lib\poco-1.7.5\foundation\obj\foundation\debug_shared\fpenvironment.obj
c:\users\administrator\workspace\bobsgame\lib\poco-1.7.5\foundation\obj\foundation\debug_shared\latin2encoding.obj
c:\users\administrator\workspace\bobsgame\lib\poco-1.7.5\foundation\obj\foundation\debug_shared\memorypool.obj
c:\users\administrator\workspace\bobsgame\lib\poco-1.7.5\foundation\obj\foundation\debug_shared\nesteddiagnosticcontext.obj
c:\users\administrator\workspace\bobsgame\lib\poco-1.7.5\foundation\obj\foundation\debug_shared\numberformatter.obj
c:\users\administrator\workspace\bobsgame\lib\poco-1.7.5\foundation\obj\foundation\debug_shared\numberparser.obj
c:\users\administrator\workspace\bobsgame\lib\poco-1.7.5\foundation\obj\foundation\debug_shared\refcountedobject.obj
c:\users\administrator\workspace\bobsgame\lib\poco-1.7.5\foundation\obj\foundation\debug_shared\sorteddirectoryiterator.obj
c:\users\administrator\workspace\bobsgame\lib\poco-1.7.5\foundation\obj\foundation\debug_shared\numericstring.obj
c:\users\administrator\workspace\bobsgame\lib\poco-1.7.5\foundation\obj\foundation\debug_shared\directoryiteratorstrategy.obj
c:\users\administrator\workspace\bobsgame\lib\poco-1.7.5\foundation\obj\foundation\debug_shared\stringtokenizer.obj
c:\users\administrator\workspace\bobsgame\lib\poco-1.7.5\foundation\obj\foundation\debug_shared\utf32encoding.obj
c:\users\administrator\workspace\bobsgame\lib\poco-1.7.5\foundation\obj\foundation\debug_shared\var.obj
c:\users\administrator\workspace\bobsgame\lib\poco-1.7.5\foundation\obj\foundation\debug_shared\varholder.obj
c:\users\administrator\workspace\bobsgame\lib\poco-1.7.5\foundation\obj\foundation\debug_shared\variterator.obj
c:\users\administrator\workspace\bobsgame\lib\poco-1.7.5\foundation\obj\foundation\debug_shared\void.obj
c:\users\administrator\workspace\bobsgame\lib\poco-1.7.5\foundation\obj\foundation\debug_shared\base32decoder.obj
c:\users\administrator\workspace\bobsgame\lib\poco-1.7.5\foundation\obj\foundation\debug_shared\base32encoder.obj
c:\users\administrator\workspace\bobsgame\lib\poco-1.7.5\foundation\obj\foundation\debug_shared\ascii.obj
c:\users\administrator\workspace\bobsgame\lib\poco-1.7.5\foundation\obj\foundation\debug_shared\atomiccounter.obj
c:\users\administrator\workspace\bobsgame\lib\poco-1.7.5\foundation\obj\foundation\debug_shared\bugcheck.obj
c:\users\administrator\workspace\bobsgame\lib\poco-1.7.5\foundation\obj\foundation\debug_shared\checksum.obj
c:\users\administrator\workspace\bobsgame\lib\poco-1.7.5\foundation\obj\foundation\debug_shared\debugger.obj
c:\users\administrator\workspace\bobsgame\lib\poco-1.7.5\foundation\obj\foundation\debug_shared\directorywatcher.obj
c:\users\administrator\workspace\bobsgame\lib\poco-1.7.5\foundation\obj\foundation\debug_shared\environment.obj
c:\users\administrator\workspace\bobsgame\lib\poco-1.7.5\foundation\obj\foundation\debug_shared\error.obj
c:\users\administrator\workspace\bobsgame\lib\poco-1.7.5\foundation\obj\foundation\debug_shared\eventchannel.obj
c:\users\administrator\workspace\bobsgame\lib\poco-1.7.5\foundation\obj\foundation\debug_shared\exception.obj
c:\users\administrator\workspace\bobsgame\lib\poco-1.7.5\foundation\obj\foundation\debug_shared\pcre_byte_order.obj
c:\users\administrator\workspace\bobsgame\lib\poco-1.7.5\foundation\obj\foundation\debug_shared\pcre_chartables.obj
c:\users\administrator\workspace\bobsgame\lib\poco-1.7.5\foundation\obj\foundation\debug_shared\pcre_config.obj
c:\users\administrator\workspace\bobsgame\lib\poco-1.7.5\foundation\obj\foundation\debug_shared\pcre_compile.obj
c:\users\administrator\workspace\bobsgame\lib\poco-1.7.5\foundation\obj\foundation\debug_shared\pcre_get.obj
c:\users\administrator\workspace\bobsgame\lib\poco-1.7.5\foundation\obj\foundation\debug_shared\pcre_jit_compile.obj
c:\users\administrator\workspace\bobsgame\lib\poco-1.7.5\foundation\obj\foundation\debug_shared\pcre_refcount.obj
c:\users\administrator\workspace\bobsgame\lib\poco-1.7.5\foundation\obj\foundation\debug_shared\pcre_string_utils.obj
c:\users\administrator\workspace\bobsgame\lib\poco-1.7.5\foundation\obj\foundation\debug_shared\pcre_dfa_exec.obj
c:\users\administrator\workspace\bobsgame\lib\poco-1.7.5\foundation\obj\foundation\debug_shared\pcre_exec.obj
c:\users\administrator\workspace\bobsgame\lib\poco-1.7.5\foundation\obj\foundation\debug_shared\pcre_fullinfo.obj
c:\users\administrator\workspace\bobsgame\lib\poco-1.7.5\foundation\obj\foundation\debug_shared\pcre_globals.obj
c:\users\administrator\workspace\bobsgame\lib\poco-1.7.5\foundation\obj\foundation\debug_shared\pcre_maketables.obj
c:\users\administrator\workspace\bobsgame\lib\poco-1.7.5\foundation\obj\foundation\debug_shared\pcre_newline.obj
c:\users\administrator\workspace\bobsgame\lib\poco-1.7.5\foundation\obj\foundation\debug_shared\pcre_ord2utf8.obj
c:\users\administrator\workspace\bobsgame\lib\poco-1.7.5\foundation\obj\foundation\debug_shared\pcre_study.obj
c:\users\administrator\workspace\bobsgame\lib\poco-1.7.5\foundation\obj\foundation\debug_shared\pcre_tables.obj
c:\users\administrator\workspace\bobsgame\lib\poco-1.7.5\foundation\obj\foundation\debug_shared\pcre_ucd.obj
c:\users\administrator\workspace\bobsgame\lib\poco-1.7.5\foundation\obj\foundation\debug_shared\pcre_valid_utf8.obj
c:\users\administrator\workspace\bobsgame\lib\poco-1.7.5\foundation\obj\foundation\debug_shared\pcre_xclass.obj
c:\users\administrator\workspace\bobsgame\lib\poco-1.7.5\foundation\obj\foundation\debug_shared\adler32.obj
c:\users\administrator\workspace\bobsgame\lib\poco-1.7.5\foundation\obj\foundation\debug_shared\compress.obj
c:\users\administrator\workspace\bobsgame\lib\poco-1.7.5\foundation\obj\foundation\debug_shared\crc32.obj
c:\users\administrator\workspace\bobsgame\lib\poco-1.7.5\foundation\obj\foundation\debug_shared\deflate.obj
c:\users\administrator\workspace\bobsgame\lib\poco-1.7.5\foundation\obj\foundation\debug_shared\infback.obj
c:\users\administrator\workspace\bobsgame\lib\poco-1.7.5\foundation\obj\foundation\debug_shared\inffast.obj
c:\users\administrator\workspace\bobsgame\lib\poco-1.7.5\foundation\obj\foundation\debug_shared\inflate.obj
c:\users\administrator\workspace\bobsgame\lib\poco-1.7.5\foundation\obj\foundation\debug_shared\inftrees.obj
c:\users\administrator\workspace\bobsgame\lib\poco-1.7.5\foundation\obj\foundation\debug_shared\trees.obj
c:\users\administrator\workspace\bobsgame\lib\poco-1.7.5\foundation\obj\foundation\debug_shared\zutil.obj
c:\users\administrator\workspace\bobsgame\lib\poco-1.7.5\foundation\obj\foundation\debug_shared\pcre_version.obj
c:\users\administrator\desktop\poco-1.7.5-all\poco-1.7.5-all\foundation\src\pocomsg.rc
c:\users\administrator\desktop\poco-1.7.5-all\poco-1.7.5-all\foundation\src\pocomsg.h
c:\users\administrator\workspace\bobsgame\lib\poco-1.7.5\foundation\src\pocomsg.rc
c:\users\administrator\workspace\bobsgame\lib\poco-1.7.5\foundation\src\pocomsg.h
c:\users\administrator\desktop\poco-1.7.5-all\poco-1.7.5-all\lib\pocofoundationd.lib
c:\users\administrator\desktop\poco-1.7.5-all\poco-1.7.5-all\lib\pocofoundationd.exp
c:\users\administrator\workspace\bobsgame\lib\poco-1.7.5\lib\pocofoundationd.lib
c:\users\administrator\workspace\bobsgame\lib\poco-1.7.5\lib\pocofoundationd.exp
c:\users\administrator\desktop\poco-1.7.5-all\poco-1.7.5-all\bin\pocofoundationd.ilk
c:\users\administrator\desktop\poco-1.7.5-all\poco-1.7.5-all\bin\pocofoundationd.dll
c:\users\administrator\desktop\poco-1.7.5-all\poco-1.7.5-all\bin\pocofoundationd.pdb
c:\users\administrator\workspace\bobsgame\lib\poco-1.7.5\bin\pocofoundationd.ilk
c:\users\administrator\workspace\bobsgame\lib\poco-1.7.5\bin\pocofoundationd.dll
c:\users\administrator\workspace\bobsgame\lib\poco-1.7.5\bin\pocofoundationd.pdb
c:\users\administrator\desktop\poco-1.7.5-all\poco-1.7.5-all\foundation\obj\foundation\debug_shared\dllversion.res
c:\users\administrator\desktop\poco-1.7.5-all\poco-1.7.5-all\foundation\obj\foundation\debug_shared\pocomsg.res
c:\users\administrator\workspace\bobsgame\lib\poco-1.7.5\foundation\obj\foundation\debug_shared\dllversion.res
c:\users\administrator\workspace\bobsgame\lib\poco-1.7.5\foundation\obj\foundation\debug_shared\pocomsg.res
c:\users\administrator\workspace\bobsgame\lib\poco-1.7.5\foundation\..\bin\pocofoundationd.dll
c:\users\administrator\workspace\bobsgame\lib\poco-1.7.5\foundation\obj\foundation\debug_shared\foundation.tlog\cl.command.1.tlog
c:\users\administrator\workspace\bobsgame\lib\poco-1.7.5\foundation\obj\foundation\debug_shared\foundation.tlog\cl.read.1.tlog
c:\users\administrator\workspace\bobsgame\lib\poco-1.7.5\foundation\obj\foundation\debug_shared\foundation.tlog\cl.write.1.tlog
c:\users\administrator\workspace\bobsgame\lib\poco-1.7.5\foundation\obj\foundation\debug_shared\foundation.tlog\custombuild.command.1.tlog
c:\users\administrator\workspace\bobsgame\lib\poco-1.7.5\foundation\obj\foundation\debug_shared\foundation.tlog\custombuild.read.1.tlog
c:\users\administrator\workspace\bobsgame\lib\poco-1.7.5\foundation\obj\foundation\debug_shared\foundation.tlog\custombuild.write.1.tlog
c:\users\administrator\workspace\bobsgame\lib\poco-1.7.5\foundation\obj\foundation\debug_shared\foundation.tlog\foundation.write.1u.tlog
c:\users\administrator\workspace\bobsgame\lib\poco-1.7.5\foundation\obj\foundation\debug_shared\foundation.tlog\link.command.1.tlog
c:\users\administrator\workspace\bobsgame\lib\poco-1.7.5\foundation\obj\foundation\debug_shared\foundation.tlog\link.read.1.tlog
c:\users\administrator\workspace\bobsgame\lib\poco-1.7.5\foundation\obj\foundation\debug_shared\foundation.tlog\link.write.1.tlog
c:\users\administrator\workspace\bobsgame\lib\poco-1.7.5\foundation\obj\foundation\debug_shared\foundation.tlog\rc.command.1.tlog
c:\users\administrator\workspace\bobsgame\lib\poco-1.7.5\foundation\obj\foundation\debug_shared\foundation.tlog\rc.read.1.tlog
c:\users\administrator\workspace\bobsgame\lib\poco-1.7.5\foundation\obj\foundation\debug_shared\foundation.tlog\rc.write.1.tlog
