c:\users\administrator\desktop\poco-1.7.5-all\poco-1.7.5-all\cppunit\obj\debug_shared\vc80.pdb
c:\users\administrator\desktop\poco-1.7.5-all\poco-1.7.5-all\cppunit\obj\debug_shared\texttestresult.obj
c:\users\administrator\desktop\poco-1.7.5-all\poco-1.7.5-all\cppunit\obj\debug_shared\testsuite.obj
c:\users\administrator\desktop\poco-1.7.5-all\poco-1.7.5-all\cppunit\obj\debug_shared\testrunner.obj
c:\users\administrator\desktop\poco-1.7.5-all\poco-1.7.5-all\cppunit\obj\debug_shared\testresult.obj
c:\users\administrator\desktop\poco-1.7.5-all\poco-1.7.5-all\cppunit\obj\debug_shared\testfailure.obj
c:\users\administrator\desktop\poco-1.7.5-all\poco-1.7.5-all\cppunit\obj\debug_shared\testdecorator.obj
c:\users\administrator\desktop\poco-1.7.5-all\poco-1.7.5-all\cppunit\obj\debug_shared\testcase.obj
c:\users\administrator\desktop\poco-1.7.5-all\poco-1.7.5-all\cppunit\obj\debug_shared\cppunitexception.obj
c:\users\administrator\workspace\bobsgame\lib\poco-1.7.5\cppunit\obj\debug_shared\vc80.pdb
c:\users\administrator\workspace\bobsgame\lib\poco-1.7.5\cppunit\obj\debug_shared\texttestresult.obj
c:\users\administrator\workspace\bobsgame\lib\poco-1.7.5\cppunit\obj\debug_shared\testsuite.obj
c:\users\administrator\workspace\bobsgame\lib\poco-1.7.5\cppunit\obj\debug_shared\testrunner.obj
c:\users\administrator\workspace\bobsgame\lib\poco-1.7.5\cppunit\obj\debug_shared\testresult.obj
c:\users\administrator\workspace\bobsgame\lib\poco-1.7.5\cppunit\obj\debug_shared\testfailure.obj
c:\users\administrator\workspace\bobsgame\lib\poco-1.7.5\cppunit\obj\debug_shared\testdecorator.obj
c:\users\administrator\workspace\bobsgame\lib\poco-1.7.5\cppunit\obj\debug_shared\testcase.obj
c:\users\administrator\workspace\bobsgame\lib\poco-1.7.5\cppunit\obj\debug_shared\cppunitexception.obj
c:\users\administrator\desktop\poco-1.7.5-all\poco-1.7.5-all\lib\cppunitd.lib
c:\users\administrator\desktop\poco-1.7.5-all\poco-1.7.5-all\lib\cppunitd.exp
c:\users\administrator\workspace\bobsgame\lib\poco-1.7.5\lib\cppunitd.lib
c:\users\administrator\workspace\bobsgame\lib\poco-1.7.5\lib\cppunitd.exp
c:\users\administrator\appdata\local\microsoft\applicationinsights\vstelaif-312cbd79-9dbb-4c48-a7da-3cc2a931cb70\20160930033954_3652fb8e468e4b0da39b43ae75fa109b.trn
c:\users\administrator\appdata\local\microsoft\applicationinsights\vstelaif-312cbd79-9dbb-4c48-a7da-3cc2a931cb70\20160930023856_3f3310cc7d5648fe91a80c334ff61761.trn
c:\users\administrator\appdata\local\microsoft\applicationinsights\vstelaif-312cbd79-9dbb-4c48-a7da-3cc2a931cb70\20160930030826_25471aee7bf142bb9e855fea3a06af4a.trn
c:\users\administrator\appdata\local\microsoft\applicationinsights\vstelaif-312cbd79-9dbb-4c48-a7da-3cc2a931cb70\20160930031326_9beb7f5e4ec84dd3b69406ec15b7fe9a.trn
c:\users\administrator\appdata\local\microsoft\applicationinsights\vstelaif-312cbd79-9dbb-4c48-a7da-3cc2a931cb70\20160930031826_2f26a46f61d646d4adcaec804ad6aa78.trn
c:\users\administrator\appdata\local\microsoft\applicationinsights\vstelaif-312cbd79-9dbb-4c48-a7da-3cc2a931cb70\20160930032326_f787184dd7194245b7a6ff48a432b40f.trn
c:\users\administrator\appdata\local\microsoft\applicationinsights\vstelaif-312cbd79-9dbb-4c48-a7da-3cc2a931cb70\20160930032826_042f63d5f9164e188fe23f82a33c4d5c.trn
c:\users\administrator\appdata\local\microsoft\applicationinsights\vstelaif-312cbd79-9dbb-4c48-a7da-3cc2a931cb70\20160930033326_8e55d7f53eac446c8b4193e2a67d153f.trn
c:\users\administrator\appdata\local\microsoft\applicationinsights\vstelaif-312cbd79-9dbb-4c48-a7da-3cc2a931cb70\20160930033826_3542e7a7ab074772b0ed82761c5c228c.trn
c:\users\administrator\appdata\local\microsoft\applicationinsights\vstelaif-312cbd79-9dbb-4c48-a7da-3cc2a931cb70\20160930024326_4c1ba6e7596c40ca9417e2530cb9539d.trn
c:\programdata\microsoft\windows\wer\reportqueue\noncritical_vctip.exe_ccf1977f65dcd3d36a361282fc5dda0f668b_00000000_0deacd14\report.wer
c:\users\administrator\appdata\local\microsoft\applicationinsights\vstelaif-312cbd79-9dbb-4c48-a7da-3cc2a931cb70\20160930024826_216985ad696b4861b08f4cfdbb6679a3.trn
c:\users\administrator\appdata\local\microsoft\applicationinsights\vstelaif-312cbd79-9dbb-4c48-a7da-3cc2a931cb70\20160930025326_ecfd4d9efb674db2bb4b736b2c392909.trn
c:\users\administrator\appdata\local\microsoft\applicationinsights\vstelaif-312cbd79-9dbb-4c48-a7da-3cc2a931cb70\20160930025826_342e382945174103ba65edf71415d028.trn
c:\users\administrator\appdata\local\microsoft\applicationinsights\vstelaif-312cbd79-9dbb-4c48-a7da-3cc2a931cb70\20160930030326_e7a3bd3067a947e48a5c080258e1b0b4.trn
c:\users\administrator\desktop\poco-1.7.5-all\poco-1.7.5-all\bin\cppunitd.ilk
c:\users\administrator\desktop\poco-1.7.5-all\poco-1.7.5-all\bin\cppunitd.dll
c:\users\administrator\desktop\poco-1.7.5-all\poco-1.7.5-all\bin\cppunitd.pdb
c:\users\administrator\workspace\bobsgame\lib\poco-1.7.5\bin\cppunitd.ilk
c:\users\administrator\workspace\bobsgame\lib\poco-1.7.5\bin\cppunitd.dll
c:\users\administrator\workspace\bobsgame\lib\poco-1.7.5\bin\cppunitd.pdb
c:\users\administrator\workspace\bobsgame\lib\poco-1.7.5\cppunit\..\bin\cppunitd.dll
c:\users\administrator\workspace\bobsgame\lib\poco-1.7.5\cppunit\obj\debug_shared\cppunit.tlog\cl.command.1.tlog
c:\users\administrator\workspace\bobsgame\lib\poco-1.7.5\cppunit\obj\debug_shared\cppunit.tlog\cl.read.1.tlog
c:\users\administrator\workspace\bobsgame\lib\poco-1.7.5\cppunit\obj\debug_shared\cppunit.tlog\cl.write.1.tlog
c:\users\administrator\workspace\bobsgame\lib\poco-1.7.5\cppunit\obj\debug_shared\cppunit.tlog\cppunit.write.1u.tlog
c:\users\administrator\workspace\bobsgame\lib\poco-1.7.5\cppunit\obj\debug_shared\cppunit.tlog\link-vctip.delete.1.tlog
c:\users\administrator\workspace\bobsgame\lib\poco-1.7.5\cppunit\obj\debug_shared\cppunit.tlog\link-vctip.delete.10.tlog
c:\users\administrator\workspace\bobsgame\lib\poco-1.7.5\cppunit\obj\debug_shared\cppunit.tlog\link-vctip.delete.11.tlog
c:\users\administrator\workspace\bobsgame\lib\poco-1.7.5\cppunit\obj\debug_shared\cppunit.tlog\link-vctip.delete.115.tlog
c:\users\administrator\workspace\bobsgame\lib\poco-1.7.5\cppunit\obj\debug_shared\cppunit.tlog\link-vctip.delete.122.tlog
c:\users\administrator\workspace\bobsgame\lib\poco-1.7.5\cppunit\obj\debug_shared\cppunit.tlog\link-vctip.delete.140.tlog
c:\users\administrator\workspace\bobsgame\lib\poco-1.7.5\cppunit\obj\debug_shared\cppunit.tlog\link-vctip.delete.153.tlog
c:\users\administrator\workspace\bobsgame\lib\poco-1.7.5\cppunit\obj\debug_shared\cppunit.tlog\link-vctip.delete.162.tlog
c:\users\administrator\workspace\bobsgame\lib\poco-1.7.5\cppunit\obj\debug_shared\cppunit.tlog\link-vctip.delete.173.tlog
c:\users\administrator\workspace\bobsgame\lib\poco-1.7.5\cppunit\obj\debug_shared\cppunit.tlog\link-vctip.delete.189.tlog
c:\users\administrator\workspace\bobsgame\lib\poco-1.7.5\cppunit\obj\debug_shared\cppunit.tlog\link-vctip.delete.32.tlog
c:\users\administrator\workspace\bobsgame\lib\poco-1.7.5\cppunit\obj\debug_shared\cppunit.tlog\link-vctip.delete.38.tlog
c:\users\administrator\workspace\bobsgame\lib\poco-1.7.5\cppunit\obj\debug_shared\cppunit.tlog\link-vctip.delete.41.tlog
c:\users\administrator\workspace\bobsgame\lib\poco-1.7.5\cppunit\obj\debug_shared\cppunit.tlog\link-vctip.delete.52.tlog
c:\users\administrator\workspace\bobsgame\lib\poco-1.7.5\cppunit\obj\debug_shared\cppunit.tlog\link-vctip.delete.81.tlog
c:\users\administrator\workspace\bobsgame\lib\poco-1.7.5\cppunit\obj\debug_shared\cppunit.tlog\link-vctip.delete.96.tlog
c:\users\administrator\workspace\bobsgame\lib\poco-1.7.5\cppunit\obj\debug_shared\cppunit.tlog\link-vctip.read.1.tlog
c:\users\administrator\workspace\bobsgame\lib\poco-1.7.5\cppunit\obj\debug_shared\cppunit.tlog\link-vctip.read.10.tlog
c:\users\administrator\workspace\bobsgame\lib\poco-1.7.5\cppunit\obj\debug_shared\cppunit.tlog\link-vctip.read.112.tlog
c:\users\administrator\workspace\bobsgame\lib\poco-1.7.5\cppunit\obj\debug_shared\cppunit.tlog\link-vctip.read.115.tlog
c:\users\administrator\workspace\bobsgame\lib\poco-1.7.5\cppunit\obj\debug_shared\cppunit.tlog\link-vctip.read.122.tlog
c:\users\administrator\workspace\bobsgame\lib\poco-1.7.5\cppunit\obj\debug_shared\cppunit.tlog\link-vctip.read.140.tlog
c:\users\administrator\workspace\bobsgame\lib\poco-1.7.5\cppunit\obj\debug_shared\cppunit.tlog\link-vctip.read.150.tlog
c:\users\administrator\workspace\bobsgame\lib\poco-1.7.5\cppunit\obj\debug_shared\cppunit.tlog\link-vctip.read.153.tlog
c:\users\administrator\workspace\bobsgame\lib\poco-1.7.5\cppunit\obj\debug_shared\cppunit.tlog\link-vctip.read.16.tlog
c:\users\administrator\workspace\bobsgame\lib\poco-1.7.5\cppunit\obj\debug_shared\cppunit.tlog\link-vctip.read.160.tlog
c:\users\administrator\workspace\bobsgame\lib\poco-1.7.5\cppunit\obj\debug_shared\cppunit.tlog\link-vctip.read.162.tlog
c:\users\administrator\workspace\bobsgame\lib\poco-1.7.5\cppunit\obj\debug_shared\cppunit.tlog\link-vctip.read.170.tlog
c:\users\administrator\workspace\bobsgame\lib\poco-1.7.5\cppunit\obj\debug_shared\cppunit.tlog\link-vctip.read.173.tlog
c:\users\administrator\workspace\bobsgame\lib\poco-1.7.5\cppunit\obj\debug_shared\cppunit.tlog\link-vctip.read.189.tlog
c:\users\administrator\workspace\bobsgame\lib\poco-1.7.5\cppunit\obj\debug_shared\cppunit.tlog\link-vctip.read.23.tlog
c:\users\administrator\workspace\bobsgame\lib\poco-1.7.5\cppunit\obj\debug_shared\cppunit.tlog\link-vctip.read.28.tlog
c:\users\administrator\workspace\bobsgame\lib\poco-1.7.5\cppunit\obj\debug_shared\cppunit.tlog\link-vctip.read.32.tlog
c:\users\administrator\workspace\bobsgame\lib\poco-1.7.5\cppunit\obj\debug_shared\cppunit.tlog\link-vctip.read.35.tlog
c:\users\administrator\workspace\bobsgame\lib\poco-1.7.5\cppunit\obj\debug_shared\cppunit.tlog\link-vctip.read.39.tlog
c:\users\administrator\workspace\bobsgame\lib\poco-1.7.5\cppunit\obj\debug_shared\cppunit.tlog\link-vctip.read.41.tlog
c:\users\administrator\workspace\bobsgame\lib\poco-1.7.5\cppunit\obj\debug_shared\cppunit.tlog\link-vctip.read.49.tlog
c:\users\administrator\workspace\bobsgame\lib\poco-1.7.5\cppunit\obj\debug_shared\cppunit.tlog\link-vctip.read.51.tlog
c:\users\administrator\workspace\bobsgame\lib\poco-1.7.5\cppunit\obj\debug_shared\cppunit.tlog\link-vctip.read.52.tlog
c:\users\administrator\workspace\bobsgame\lib\poco-1.7.5\cppunit\obj\debug_shared\cppunit.tlog\link-vctip.read.57.tlog
c:\users\administrator\workspace\bobsgame\lib\poco-1.7.5\cppunit\obj\debug_shared\cppunit.tlog\link-vctip.read.58.tlog
c:\users\administrator\workspace\bobsgame\lib\poco-1.7.5\cppunit\obj\debug_shared\cppunit.tlog\link-vctip.read.59.tlog
c:\users\administrator\workspace\bobsgame\lib\poco-1.7.5\cppunit\obj\debug_shared\cppunit.tlog\link-vctip.read.7.tlog
c:\users\administrator\workspace\bobsgame\lib\poco-1.7.5\cppunit\obj\debug_shared\cppunit.tlog\link-vctip.read.81.tlog
c:\users\administrator\workspace\bobsgame\lib\poco-1.7.5\cppunit\obj\debug_shared\cppunit.tlog\link-vctip.read.96.tlog
c:\users\administrator\workspace\bobsgame\lib\poco-1.7.5\cppunit\obj\debug_shared\cppunit.tlog\link-vctip.read.98.tlog
c:\users\administrator\workspace\bobsgame\lib\poco-1.7.5\cppunit\obj\debug_shared\cppunit.tlog\link-vctip.write.1.tlog
c:\users\administrator\workspace\bobsgame\lib\poco-1.7.5\cppunit\obj\debug_shared\cppunit.tlog\link-vctip.write.10.tlog
c:\users\administrator\workspace\bobsgame\lib\poco-1.7.5\cppunit\obj\debug_shared\cppunit.tlog\link-vctip.write.115.tlog
c:\users\administrator\workspace\bobsgame\lib\poco-1.7.5\cppunit\obj\debug_shared\cppunit.tlog\link-vctip.write.122.tlog
c:\users\administrator\workspace\bobsgame\lib\poco-1.7.5\cppunit\obj\debug_shared\cppunit.tlog\link-vctip.write.140.tlog
c:\users\administrator\workspace\bobsgame\lib\poco-1.7.5\cppunit\obj\debug_shared\cppunit.tlog\link-vctip.write.153.tlog
c:\users\administrator\workspace\bobsgame\lib\poco-1.7.5\cppunit\obj\debug_shared\cppunit.tlog\link-vctip.write.162.tlog
c:\users\administrator\workspace\bobsgame\lib\poco-1.7.5\cppunit\obj\debug_shared\cppunit.tlog\link-vctip.write.173.tlog
c:\users\administrator\workspace\bobsgame\lib\poco-1.7.5\cppunit\obj\debug_shared\cppunit.tlog\link-vctip.write.189.tlog
c:\users\administrator\workspace\bobsgame\lib\poco-1.7.5\cppunit\obj\debug_shared\cppunit.tlog\link-vctip.write.23.tlog
c:\users\administrator\workspace\bobsgame\lib\poco-1.7.5\cppunit\obj\debug_shared\cppunit.tlog\link-vctip.write.32.tlog
c:\users\administrator\workspace\bobsgame\lib\poco-1.7.5\cppunit\obj\debug_shared\cppunit.tlog\link-vctip.write.35.tlog
c:\users\administrator\workspace\bobsgame\lib\poco-1.7.5\cppunit\obj\debug_shared\cppunit.tlog\link-vctip.write.41.tlog
c:\users\administrator\workspace\bobsgame\lib\poco-1.7.5\cppunit\obj\debug_shared\cppunit.tlog\link-vctip.write.52.tlog
c:\users\administrator\workspace\bobsgame\lib\poco-1.7.5\cppunit\obj\debug_shared\cppunit.tlog\link-vctip.write.81.tlog
c:\users\administrator\workspace\bobsgame\lib\poco-1.7.5\cppunit\obj\debug_shared\cppunit.tlog\link-vctip.write.96.tlog
c:\users\administrator\workspace\bobsgame\lib\poco-1.7.5\cppunit\obj\debug_shared\cppunit.tlog\link.command.1.tlog
c:\users\administrator\workspace\bobsgame\lib\poco-1.7.5\cppunit\obj\debug_shared\cppunit.tlog\link.read.1.tlog
c:\users\administrator\workspace\bobsgame\lib\poco-1.7.5\cppunit\obj\debug_shared\cppunit.tlog\link.write.1.tlog
