c:\users\administrator\workspace\bobsgame\lib\poco-1.7.5\lib\pocojsonmtd.pdb
c:\users\administrator\workspace\bobsgame\lib\poco-1.7.5\lib\pocojsonmtd.idb
c:\users\administrator\workspace\bobsgame\lib\poco-1.7.5\json\obj\json\debug_static_mt\array.obj
c:\users\administrator\workspace\bobsgame\lib\poco-1.7.5\json\obj\json\debug_static_mt\handler.obj
c:\users\administrator\workspace\bobsgame\lib\poco-1.7.5\json\obj\json\debug_static_mt\jsonexception.obj
c:\users\administrator\workspace\bobsgame\lib\poco-1.7.5\json\obj\json\debug_static_mt\object.obj
c:\users\administrator\workspace\bobsgame\lib\poco-1.7.5\json\obj\json\debug_static_mt\parsehandler.obj
c:\users\administrator\workspace\bobsgame\lib\poco-1.7.5\json\obj\json\debug_static_mt\parser.obj
c:\users\administrator\workspace\bobsgame\lib\poco-1.7.5\json\obj\json\debug_static_mt\printhandler.obj
c:\users\administrator\workspace\bobsgame\lib\poco-1.7.5\json\obj\json\debug_static_mt\query.obj
c:\users\administrator\workspace\bobsgame\lib\poco-1.7.5\json\obj\json\debug_static_mt\stringifier.obj
c:\users\administrator\workspace\bobsgame\lib\poco-1.7.5\json\obj\json\debug_static_mt\template.obj
c:\users\administrator\workspace\bobsgame\lib\poco-1.7.5\json\obj\json\debug_static_mt\templatecache.obj
c:\users\administrator\workspace\bobsgame\lib\poco-1.7.5\lib\pocojsonmtd.lib
c:\users\administrator\workspace\bobsgame\lib\poco-1.7.5\json\..\lib\pocojsonmtd.lib
c:\users\administrator\workspace\bobsgame\lib\poco-1.7.5\json\obj\json\debug_static_mt\json.tlog\cl.command.1.tlog
c:\users\administrator\workspace\bobsgame\lib\poco-1.7.5\json\obj\json\debug_static_mt\json.tlog\cl.read.1.tlog
c:\users\administrator\workspace\bobsgame\lib\poco-1.7.5\json\obj\json\debug_static_mt\json.tlog\cl.write.1.tlog
c:\users\administrator\workspace\bobsgame\lib\poco-1.7.5\json\obj\json\debug_static_mt\json.tlog\lib-link.read.1.tlog
c:\users\administrator\workspace\bobsgame\lib\poco-1.7.5\json\obj\json\debug_static_mt\json.tlog\lib-link.write.1.tlog
c:\users\administrator\workspace\bobsgame\lib\poco-1.7.5\json\obj\json\debug_static_mt\json.tlog\lib.command.1.tlog
