c:\users\administrator\desktop\poco-1.7.5-all\poco-1.7.5-all\crypto\obj\crypto\debug_shared\vc140.pdb
c:\users\administrator\desktop\poco-1.7.5-all\poco-1.7.5-all\crypto\obj\crypto\debug_shared\vc140.idb
c:\users\administrator\desktop\poco-1.7.5-all\poco-1.7.5-all\crypto\obj\crypto\debug_shared\cipher.obj
c:\users\administrator\desktop\poco-1.7.5-all\poco-1.7.5-all\crypto\obj\crypto\debug_shared\cryptostream.obj
c:\users\administrator\desktop\poco-1.7.5-all\poco-1.7.5-all\crypto\obj\crypto\debug_shared\cryptotransform.obj
c:\users\administrator\workspace\bobsgame\lib\poco-1.7.5\crypto\obj\crypto\debug_shared\vc140.pdb
c:\users\administrator\workspace\bobsgame\lib\poco-1.7.5\crypto\obj\crypto\debug_shared\vc140.idb
c:\users\administrator\workspace\bobsgame\lib\poco-1.7.5\crypto\obj\crypto\debug_shared\cipher.obj
c:\users\administrator\workspace\bobsgame\lib\poco-1.7.5\crypto\obj\crypto\debug_shared\cipherfactory.obj
c:\users\administrator\workspace\bobsgame\lib\poco-1.7.5\crypto\obj\crypto\debug_shared\cipherkey.obj
c:\users\administrator\workspace\bobsgame\lib\poco-1.7.5\crypto\obj\crypto\debug_shared\cipherkeyimpl.obj
c:\users\administrator\workspace\bobsgame\lib\poco-1.7.5\crypto\obj\crypto\debug_shared\cryptostream.obj
c:\users\administrator\workspace\bobsgame\lib\poco-1.7.5\crypto\obj\crypto\debug_shared\cryptotransform.obj
c:\users\administrator\workspace\bobsgame\lib\poco-1.7.5\crypto\obj\crypto\debug_shared\opensslinitializer.obj
c:\users\administrator\workspace\bobsgame\lib\poco-1.7.5\crypto\obj\crypto\debug_shared\rsacipherimpl.obj
c:\users\administrator\workspace\bobsgame\lib\poco-1.7.5\crypto\obj\crypto\debug_shared\rsadigestengine.obj
c:\users\administrator\workspace\bobsgame\lib\poco-1.7.5\crypto\obj\crypto\debug_shared\rsakey.obj
c:\users\administrator\workspace\bobsgame\lib\poco-1.7.5\crypto\obj\crypto\debug_shared\crypto.tlog\cl.command.1.tlog
c:\users\administrator\workspace\bobsgame\lib\poco-1.7.5\crypto\obj\crypto\debug_shared\crypto.tlog\cl.read.1.tlog
c:\users\administrator\workspace\bobsgame\lib\poco-1.7.5\crypto\obj\crypto\debug_shared\crypto.tlog\cl.write.1.tlog
