c:\users\administrator\workspace\bobsgame\lib\poco-1.7.5\lib\pocofoundationmdd.pdb
c:\users\administrator\workspace\bobsgame\lib\poco-1.7.5\lib\pocofoundationmdd.idb
c:\users\administrator\workspace\bobsgame\lib\poco-1.7.5\foundation\obj\foundation\debug_static_md\textbufferiterator.obj
c:\users\administrator\workspace\bobsgame\lib\poco-1.7.5\foundation\obj\foundation\debug_static_md\textconverter.obj
c:\users\administrator\workspace\bobsgame\lib\poco-1.7.5\foundation\obj\foundation\debug_static_md\textencoding.obj
c:\users\administrator\workspace\bobsgame\lib\poco-1.7.5\foundation\obj\foundation\debug_static_md\textiterator.obj
c:\users\administrator\workspace\bobsgame\lib\poco-1.7.5\foundation\obj\foundation\debug_static_md\unicode.obj
c:\users\administrator\workspace\bobsgame\lib\poco-1.7.5\foundation\obj\foundation\debug_static_md\unicodeconverter.obj
c:\users\administrator\workspace\bobsgame\lib\poco-1.7.5\foundation\obj\foundation\debug_static_md\utf16encoding.obj
c:\users\administrator\workspace\bobsgame\lib\poco-1.7.5\foundation\obj\foundation\debug_static_md\utf8encoding.obj
c:\users\administrator\workspace\bobsgame\lib\poco-1.7.5\foundation\obj\foundation\debug_static_md\utf8string.obj
c:\users\administrator\workspace\bobsgame\lib\poco-1.7.5\foundation\obj\foundation\debug_static_md\windows1252encoding.obj
c:\users\administrator\workspace\bobsgame\lib\poco-1.7.5\foundation\obj\foundation\debug_static_md\filestreamfactory.obj
c:\users\administrator\workspace\bobsgame\lib\poco-1.7.5\foundation\obj\foundation\debug_static_md\uri.obj
c:\users\administrator\workspace\bobsgame\lib\poco-1.7.5\foundation\obj\foundation\debug_static_md\uristreamfactory.obj
c:\users\administrator\workspace\bobsgame\lib\poco-1.7.5\foundation\obj\foundation\debug_static_md\uristreamopener.obj
c:\users\administrator\workspace\bobsgame\lib\poco-1.7.5\foundation\obj\foundation\debug_static_md\task.obj
c:\users\administrator\workspace\bobsgame\lib\poco-1.7.5\foundation\obj\foundation\debug_static_md\taskmanager.obj
c:\users\administrator\workspace\bobsgame\lib\poco-1.7.5\foundation\obj\foundation\debug_static_md\tasknotification.obj
c:\users\administrator\workspace\bobsgame\lib\poco-1.7.5\foundation\obj\foundation\debug_static_md\eventargs.obj
c:\users\administrator\workspace\bobsgame\lib\poco-1.7.5\foundation\obj\foundation\debug_static_md\hash.obj
c:\users\administrator\workspace\bobsgame\lib\poco-1.7.5\foundation\obj\foundation\debug_static_md\hashstatistic.obj
c:\users\administrator\workspace\bobsgame\lib\poco-1.7.5\foundation\obj\foundation\debug_static_md\pipeimpl.obj
c:\users\administrator\workspace\bobsgame\lib\poco-1.7.5\foundation\obj\foundation\debug_static_md\pipestream.obj
c:\users\administrator\workspace\bobsgame\lib\poco-1.7.5\foundation\obj\foundation\debug_static_md\process.obj
c:\users\administrator\workspace\bobsgame\lib\poco-1.7.5\foundation\obj\foundation\debug_static_md\sharedmemory.obj
c:\users\administrator\workspace\bobsgame\lib\poco-1.7.5\foundation\obj\foundation\debug_static_md\uuid.obj
c:\users\administrator\workspace\bobsgame\lib\poco-1.7.5\foundation\obj\foundation\debug_static_md\uuidgenerator.obj
c:\users\administrator\workspace\bobsgame\lib\poco-1.7.5\foundation\obj\foundation\debug_static_md\clock.obj
c:\users\administrator\workspace\bobsgame\lib\poco-1.7.5\foundation\obj\foundation\debug_static_md\datetime.obj
c:\users\administrator\workspace\bobsgame\lib\poco-1.7.5\foundation\obj\foundation\debug_static_md\datetimeformat.obj
c:\users\administrator\workspace\bobsgame\lib\poco-1.7.5\foundation\obj\foundation\debug_static_md\datetimeformatter.obj
c:\users\administrator\workspace\bobsgame\lib\poco-1.7.5\foundation\obj\foundation\debug_static_md\datetimeparser.obj
c:\users\administrator\workspace\bobsgame\lib\poco-1.7.5\foundation\obj\foundation\debug_static_md\localdatetime.obj
c:\users\administrator\workspace\bobsgame\lib\poco-1.7.5\foundation\obj\foundation\debug_static_md\stopwatch.obj
c:\users\administrator\workspace\bobsgame\lib\poco-1.7.5\foundation\obj\foundation\debug_static_md\timespan.obj
c:\users\administrator\workspace\bobsgame\lib\poco-1.7.5\foundation\obj\foundation\debug_static_md\timestamp.obj
c:\users\administrator\workspace\bobsgame\lib\poco-1.7.5\foundation\obj\foundation\debug_static_md\timezone.obj
c:\users\administrator\workspace\bobsgame\lib\poco-1.7.5\foundation\obj\foundation\debug_static_md\asciiencoding.obj
c:\users\administrator\workspace\bobsgame\lib\poco-1.7.5\foundation\obj\foundation\debug_static_md\latin1encoding.obj
c:\users\administrator\workspace\bobsgame\lib\poco-1.7.5\foundation\obj\foundation\debug_static_md\latin9encoding.obj
c:\users\administrator\workspace\bobsgame\lib\poco-1.7.5\foundation\obj\foundation\debug_static_md\streamconverter.obj
c:\users\administrator\workspace\bobsgame\lib\poco-1.7.5\foundation\obj\foundation\debug_static_md\purgestrategy.obj
c:\users\administrator\workspace\bobsgame\lib\poco-1.7.5\foundation\obj\foundation\debug_static_md\rotatestrategy.obj
c:\users\administrator\workspace\bobsgame\lib\poco-1.7.5\foundation\obj\foundation\debug_static_md\simplefilechannel.obj
c:\users\administrator\workspace\bobsgame\lib\poco-1.7.5\foundation\obj\foundation\debug_static_md\splitterchannel.obj
c:\users\administrator\workspace\bobsgame\lib\poco-1.7.5\foundation\obj\foundation\debug_static_md\streamchannel.obj
c:\users\administrator\workspace\bobsgame\lib\poco-1.7.5\foundation\obj\foundation\debug_static_md\windowsconsolechannel.obj
c:\users\administrator\workspace\bobsgame\lib\poco-1.7.5\foundation\obj\foundation\debug_static_md\abstractobserver.obj
c:\users\administrator\workspace\bobsgame\lib\poco-1.7.5\foundation\obj\foundation\debug_static_md\notification.obj
c:\users\administrator\workspace\bobsgame\lib\poco-1.7.5\foundation\obj\foundation\debug_static_md\notificationcenter.obj
c:\users\administrator\workspace\bobsgame\lib\poco-1.7.5\foundation\obj\foundation\debug_static_md\notificationqueue.obj
c:\users\administrator\workspace\bobsgame\lib\poco-1.7.5\foundation\obj\foundation\debug_static_md\prioritynotificationqueue.obj
c:\users\administrator\workspace\bobsgame\lib\poco-1.7.5\foundation\obj\foundation\debug_static_md\timednotificationqueue.obj
c:\users\administrator\workspace\bobsgame\lib\poco-1.7.5\foundation\obj\foundation\debug_static_md\directoryiterator.obj
c:\users\administrator\workspace\bobsgame\lib\poco-1.7.5\foundation\obj\foundation\debug_static_md\file.obj
c:\users\administrator\workspace\bobsgame\lib\poco-1.7.5\foundation\obj\foundation\debug_static_md\glob.obj
c:\users\administrator\workspace\bobsgame\lib\poco-1.7.5\foundation\obj\foundation\debug_static_md\path.obj
c:\users\administrator\workspace\bobsgame\lib\poco-1.7.5\foundation\obj\foundation\debug_static_md\temporaryfile.obj
c:\users\administrator\workspace\bobsgame\lib\poco-1.7.5\foundation\obj\foundation\debug_static_md\namedevent.obj
c:\users\administrator\workspace\bobsgame\lib\poco-1.7.5\foundation\obj\foundation\debug_static_md\namedmutex.obj
c:\users\administrator\workspace\bobsgame\lib\poco-1.7.5\foundation\obj\foundation\debug_static_md\pipe.obj
c:\users\administrator\workspace\bobsgame\lib\poco-1.7.5\foundation\obj\foundation\debug_static_md\manifest.obj
c:\users\administrator\workspace\bobsgame\lib\poco-1.7.5\foundation\obj\foundation\debug_static_md\sharedlibrary.obj
c:\users\administrator\workspace\bobsgame\lib\poco-1.7.5\foundation\obj\foundation\debug_static_md\regularexpression.obj
c:\users\administrator\workspace\bobsgame\lib\poco-1.7.5\foundation\obj\foundation\debug_static_md\archivestrategy.obj
c:\users\administrator\workspace\bobsgame\lib\poco-1.7.5\foundation\obj\foundation\debug_static_md\asyncchannel.obj
c:\users\administrator\workspace\bobsgame\lib\poco-1.7.5\foundation\obj\foundation\debug_static_md\channel.obj
c:\users\administrator\workspace\bobsgame\lib\poco-1.7.5\foundation\obj\foundation\debug_static_md\configurable.obj
c:\users\administrator\workspace\bobsgame\lib\poco-1.7.5\foundation\obj\foundation\debug_static_md\consolechannel.obj
c:\users\administrator\workspace\bobsgame\lib\poco-1.7.5\foundation\obj\foundation\debug_static_md\eventlogchannel.obj
c:\users\administrator\workspace\bobsgame\lib\poco-1.7.5\foundation\obj\foundation\debug_static_md\filechannel.obj
c:\users\administrator\workspace\bobsgame\lib\poco-1.7.5\foundation\obj\foundation\debug_static_md\formatter.obj
c:\users\administrator\workspace\bobsgame\lib\poco-1.7.5\foundation\obj\foundation\debug_static_md\formattingchannel.obj
c:\users\administrator\workspace\bobsgame\lib\poco-1.7.5\foundation\obj\foundation\debug_static_md\logfile.obj
c:\users\administrator\workspace\bobsgame\lib\poco-1.7.5\foundation\obj\foundation\debug_static_md\logger.obj
c:\users\administrator\workspace\bobsgame\lib\poco-1.7.5\foundation\obj\foundation\debug_static_md\loggingfactory.obj
c:\users\administrator\workspace\bobsgame\lib\poco-1.7.5\foundation\obj\foundation\debug_static_md\loggingregistry.obj
c:\users\administrator\workspace\bobsgame\lib\poco-1.7.5\foundation\obj\foundation\debug_static_md\logstream.obj
c:\users\administrator\workspace\bobsgame\lib\poco-1.7.5\foundation\obj\foundation\debug_static_md\message.obj
c:\users\administrator\workspace\bobsgame\lib\poco-1.7.5\foundation\obj\foundation\debug_static_md\nullchannel.obj
c:\users\administrator\workspace\bobsgame\lib\poco-1.7.5\foundation\obj\foundation\debug_static_md\patternformatter.obj
c:\users\administrator\workspace\bobsgame\lib\poco-1.7.5\foundation\obj\foundation\debug_static_md\condition.obj
c:\users\administrator\workspace\bobsgame\lib\poco-1.7.5\foundation\obj\foundation\debug_static_md\errorhandler.obj
c:\users\administrator\workspace\bobsgame\lib\poco-1.7.5\foundation\obj\foundation\debug_static_md\event.obj
c:\users\administrator\workspace\bobsgame\lib\poco-1.7.5\foundation\obj\foundation\debug_static_md\mutex.obj
c:\users\administrator\workspace\bobsgame\lib\poco-1.7.5\foundation\obj\foundation\debug_static_md\runnable.obj
c:\users\administrator\workspace\bobsgame\lib\poco-1.7.5\foundation\obj\foundation\debug_static_md\rwlock.obj
c:\users\administrator\workspace\bobsgame\lib\poco-1.7.5\foundation\obj\foundation\debug_static_md\semaphore.obj
c:\users\administrator\workspace\bobsgame\lib\poco-1.7.5\foundation\obj\foundation\debug_static_md\synchronizedobject.obj
c:\users\administrator\workspace\bobsgame\lib\poco-1.7.5\foundation\obj\foundation\debug_static_md\thread.obj
c:\users\administrator\workspace\bobsgame\lib\poco-1.7.5\foundation\obj\foundation\debug_static_md\threadlocal.obj
c:\users\administrator\workspace\bobsgame\lib\poco-1.7.5\foundation\obj\foundation\debug_static_md\threadpool.obj
c:\users\administrator\workspace\bobsgame\lib\poco-1.7.5\foundation\obj\foundation\debug_static_md\threadtarget.obj
c:\users\administrator\workspace\bobsgame\lib\poco-1.7.5\foundation\obj\foundation\debug_static_md\timer.obj
c:\users\administrator\workspace\bobsgame\lib\poco-1.7.5\foundation\obj\foundation\debug_static_md\digestengine.obj
c:\users\administrator\workspace\bobsgame\lib\poco-1.7.5\foundation\obj\foundation\debug_static_md\digeststream.obj
c:\users\administrator\workspace\bobsgame\lib\poco-1.7.5\foundation\obj\foundation\debug_static_md\md4engine.obj
c:\users\administrator\workspace\bobsgame\lib\poco-1.7.5\foundation\obj\foundation\debug_static_md\md5engine.obj
c:\users\administrator\workspace\bobsgame\lib\poco-1.7.5\foundation\obj\foundation\debug_static_md\random.obj
c:\users\administrator\workspace\bobsgame\lib\poco-1.7.5\foundation\obj\foundation\debug_static_md\randomstream.obj
c:\users\administrator\workspace\bobsgame\lib\poco-1.7.5\foundation\obj\foundation\debug_static_md\sha1engine.obj
c:\users\administrator\workspace\bobsgame\lib\poco-1.7.5\foundation\obj\foundation\debug_static_md\base64decoder.obj
c:\users\administrator\workspace\bobsgame\lib\poco-1.7.5\foundation\obj\foundation\debug_static_md\base64encoder.obj
c:\users\administrator\workspace\bobsgame\lib\poco-1.7.5\foundation\obj\foundation\debug_static_md\binaryreader.obj
c:\users\administrator\workspace\bobsgame\lib\poco-1.7.5\foundation\obj\foundation\debug_static_md\binarywriter.obj
c:\users\administrator\workspace\bobsgame\lib\poco-1.7.5\foundation\obj\foundation\debug_static_md\countingstream.obj
c:\users\administrator\workspace\bobsgame\lib\poco-1.7.5\foundation\obj\foundation\debug_static_md\deflatingstream.obj
c:\users\administrator\workspace\bobsgame\lib\poco-1.7.5\foundation\obj\foundation\debug_static_md\filestream.obj
c:\users\administrator\workspace\bobsgame\lib\poco-1.7.5\foundation\obj\foundation\debug_static_md\hexbinarydecoder.obj
c:\users\administrator\workspace\bobsgame\lib\poco-1.7.5\foundation\obj\foundation\debug_static_md\hexbinaryencoder.obj
c:\users\administrator\workspace\bobsgame\lib\poco-1.7.5\foundation\obj\foundation\debug_static_md\inflatingstream.obj
c:\users\administrator\workspace\bobsgame\lib\poco-1.7.5\foundation\obj\foundation\debug_static_md\lineendingconverter.obj
c:\users\administrator\workspace\bobsgame\lib\poco-1.7.5\foundation\obj\foundation\debug_static_md\memorystream.obj
c:\users\administrator\workspace\bobsgame\lib\poco-1.7.5\foundation\obj\foundation\debug_static_md\nullstream.obj
c:\users\administrator\workspace\bobsgame\lib\poco-1.7.5\foundation\obj\foundation\debug_static_md\streamcopier.obj
c:\users\administrator\workspace\bobsgame\lib\poco-1.7.5\foundation\obj\foundation\debug_static_md\streamtokenizer.obj
c:\users\administrator\workspace\bobsgame\lib\poco-1.7.5\foundation\obj\foundation\debug_static_md\teestream.obj
c:\users\administrator\workspace\bobsgame\lib\poco-1.7.5\foundation\obj\foundation\debug_static_md\token.obj
c:\users\administrator\workspace\bobsgame\lib\poco-1.7.5\foundation\obj\foundation\debug_static_md\windows1250encoding.obj
c:\users\administrator\workspace\bobsgame\lib\poco-1.7.5\foundation\obj\foundation\debug_static_md\windows1251encoding.obj
c:\users\administrator\workspace\bobsgame\lib\poco-1.7.5\foundation\obj\foundation\debug_static_md\activedispatcher.obj
c:\users\administrator\workspace\bobsgame\lib\poco-1.7.5\foundation\obj\foundation\debug_static_md\fifobufferstream.obj
c:\users\administrator\workspace\bobsgame\lib\poco-1.7.5\foundation\obj\foundation\debug_static_md\format.obj
c:\users\administrator\workspace\bobsgame\lib\poco-1.7.5\foundation\obj\foundation\debug_static_md\fpenvironment.obj
c:\users\administrator\workspace\bobsgame\lib\poco-1.7.5\foundation\obj\foundation\debug_static_md\latin2encoding.obj
c:\users\administrator\workspace\bobsgame\lib\poco-1.7.5\foundation\obj\foundation\debug_static_md\memorypool.obj
c:\users\administrator\workspace\bobsgame\lib\poco-1.7.5\foundation\obj\foundation\debug_static_md\nesteddiagnosticcontext.obj
c:\users\administrator\workspace\bobsgame\lib\poco-1.7.5\foundation\obj\foundation\debug_static_md\numberformatter.obj
c:\users\administrator\workspace\bobsgame\lib\poco-1.7.5\foundation\obj\foundation\debug_static_md\numberparser.obj
c:\users\administrator\workspace\bobsgame\lib\poco-1.7.5\foundation\obj\foundation\debug_static_md\refcountedobject.obj
c:\users\administrator\workspace\bobsgame\lib\poco-1.7.5\foundation\obj\foundation\debug_static_md\sorteddirectoryiterator.obj
c:\users\administrator\workspace\bobsgame\lib\poco-1.7.5\foundation\obj\foundation\debug_static_md\numericstring.obj
c:\users\administrator\workspace\bobsgame\lib\poco-1.7.5\foundation\obj\foundation\debug_static_md\directoryiteratorstrategy.obj
c:\users\administrator\workspace\bobsgame\lib\poco-1.7.5\foundation\obj\foundation\debug_static_md\stringtokenizer.obj
c:\users\administrator\workspace\bobsgame\lib\poco-1.7.5\foundation\obj\foundation\debug_static_md\utf32encoding.obj
c:\users\administrator\workspace\bobsgame\lib\poco-1.7.5\foundation\obj\foundation\debug_static_md\var.obj
c:\users\administrator\workspace\bobsgame\lib\poco-1.7.5\foundation\obj\foundation\debug_static_md\varholder.obj
c:\users\administrator\workspace\bobsgame\lib\poco-1.7.5\foundation\obj\foundation\debug_static_md\variterator.obj
c:\users\administrator\workspace\bobsgame\lib\poco-1.7.5\foundation\obj\foundation\debug_static_md\void.obj
c:\users\administrator\workspace\bobsgame\lib\poco-1.7.5\foundation\obj\foundation\debug_static_md\base32decoder.obj
c:\users\administrator\workspace\bobsgame\lib\poco-1.7.5\foundation\obj\foundation\debug_static_md\base32encoder.obj
c:\users\administrator\workspace\bobsgame\lib\poco-1.7.5\foundation\obj\foundation\debug_static_md\ascii.obj
c:\users\administrator\workspace\bobsgame\lib\poco-1.7.5\foundation\obj\foundation\debug_static_md\atomiccounter.obj
c:\users\administrator\workspace\bobsgame\lib\poco-1.7.5\foundation\obj\foundation\debug_static_md\bugcheck.obj
c:\users\administrator\workspace\bobsgame\lib\poco-1.7.5\foundation\obj\foundation\debug_static_md\checksum.obj
c:\users\administrator\workspace\bobsgame\lib\poco-1.7.5\foundation\obj\foundation\debug_static_md\debugger.obj
c:\users\administrator\workspace\bobsgame\lib\poco-1.7.5\foundation\obj\foundation\debug_static_md\directorywatcher.obj
c:\users\administrator\workspace\bobsgame\lib\poco-1.7.5\foundation\obj\foundation\debug_static_md\environment.obj
c:\users\administrator\workspace\bobsgame\lib\poco-1.7.5\foundation\obj\foundation\debug_static_md\error.obj
c:\users\administrator\workspace\bobsgame\lib\poco-1.7.5\foundation\obj\foundation\debug_static_md\eventchannel.obj
c:\users\administrator\workspace\bobsgame\lib\poco-1.7.5\foundation\obj\foundation\debug_static_md\exception.obj
c:\users\administrator\workspace\bobsgame\lib\poco-1.7.5\foundation\obj\foundation\debug_static_md\pcre_byte_order.obj
c:\users\administrator\workspace\bobsgame\lib\poco-1.7.5\foundation\obj\foundation\debug_static_md\pcre_chartables.obj
c:\users\administrator\workspace\bobsgame\lib\poco-1.7.5\foundation\obj\foundation\debug_static_md\pcre_config.obj
c:\users\administrator\workspace\bobsgame\lib\poco-1.7.5\foundation\obj\foundation\debug_static_md\pcre_compile.obj
c:\users\administrator\workspace\bobsgame\lib\poco-1.7.5\foundation\obj\foundation\debug_static_md\pcre_get.obj
c:\users\administrator\workspace\bobsgame\lib\poco-1.7.5\foundation\obj\foundation\debug_static_md\pcre_jit_compile.obj
c:\users\administrator\workspace\bobsgame\lib\poco-1.7.5\foundation\obj\foundation\debug_static_md\pcre_refcount.obj
c:\users\administrator\workspace\bobsgame\lib\poco-1.7.5\foundation\obj\foundation\debug_static_md\pcre_string_utils.obj
c:\users\administrator\workspace\bobsgame\lib\poco-1.7.5\foundation\obj\foundation\debug_static_md\pcre_dfa_exec.obj
c:\users\administrator\workspace\bobsgame\lib\poco-1.7.5\foundation\obj\foundation\debug_static_md\pcre_exec.obj
c:\users\administrator\workspace\bobsgame\lib\poco-1.7.5\foundation\obj\foundation\debug_static_md\pcre_fullinfo.obj
c:\users\administrator\workspace\bobsgame\lib\poco-1.7.5\foundation\obj\foundation\debug_static_md\pcre_globals.obj
c:\users\administrator\workspace\bobsgame\lib\poco-1.7.5\foundation\obj\foundation\debug_static_md\pcre_maketables.obj
c:\users\administrator\workspace\bobsgame\lib\poco-1.7.5\foundation\obj\foundation\debug_static_md\pcre_newline.obj
c:\users\administrator\workspace\bobsgame\lib\poco-1.7.5\foundation\obj\foundation\debug_static_md\pcre_ord2utf8.obj
c:\users\administrator\workspace\bobsgame\lib\poco-1.7.5\foundation\obj\foundation\debug_static_md\pcre_study.obj
c:\users\administrator\workspace\bobsgame\lib\poco-1.7.5\foundation\obj\foundation\debug_static_md\pcre_tables.obj
c:\users\administrator\workspace\bobsgame\lib\poco-1.7.5\foundation\obj\foundation\debug_static_md\pcre_ucd.obj
c:\users\administrator\workspace\bobsgame\lib\poco-1.7.5\foundation\obj\foundation\debug_static_md\pcre_valid_utf8.obj
c:\users\administrator\workspace\bobsgame\lib\poco-1.7.5\foundation\obj\foundation\debug_static_md\pcre_xclass.obj
c:\users\administrator\workspace\bobsgame\lib\poco-1.7.5\foundation\obj\foundation\debug_static_md\adler32.obj
c:\users\administrator\workspace\bobsgame\lib\poco-1.7.5\foundation\obj\foundation\debug_static_md\compress.obj
c:\users\administrator\workspace\bobsgame\lib\poco-1.7.5\foundation\obj\foundation\debug_static_md\crc32.obj
c:\users\administrator\workspace\bobsgame\lib\poco-1.7.5\foundation\obj\foundation\debug_static_md\deflate.obj
c:\users\administrator\workspace\bobsgame\lib\poco-1.7.5\foundation\obj\foundation\debug_static_md\infback.obj
c:\users\administrator\workspace\bobsgame\lib\poco-1.7.5\foundation\obj\foundation\debug_static_md\inffast.obj
c:\users\administrator\workspace\bobsgame\lib\poco-1.7.5\foundation\obj\foundation\debug_static_md\inflate.obj
c:\users\administrator\workspace\bobsgame\lib\poco-1.7.5\foundation\obj\foundation\debug_static_md\inftrees.obj
c:\users\administrator\workspace\bobsgame\lib\poco-1.7.5\foundation\obj\foundation\debug_static_md\trees.obj
c:\users\administrator\workspace\bobsgame\lib\poco-1.7.5\foundation\obj\foundation\debug_static_md\zutil.obj
c:\users\administrator\workspace\bobsgame\lib\poco-1.7.5\foundation\obj\foundation\debug_static_md\pcre_version.obj
c:\users\administrator\workspace\bobsgame\lib\poco-1.7.5\foundation\src\pocomsg.rc
c:\users\administrator\workspace\bobsgame\lib\poco-1.7.5\foundation\src\pocomsg.h
c:\users\administrator\workspace\bobsgame\lib\poco-1.7.5\lib\pocofoundationmdd.lib
c:\users\administrator\workspace\bobsgame\lib\poco-1.7.5\foundation\obj\foundation\debug_static_md\pocomsg.res
c:\users\administrator\workspace\bobsgame\lib\poco-1.7.5\foundation\..\lib\pocofoundationmdd.lib
c:\users\administrator\workspace\bobsgame\lib\poco-1.7.5\foundation\obj\foundation\debug_static_md\foundation.tlog\cl.command.1.tlog
c:\users\administrator\workspace\bobsgame\lib\poco-1.7.5\foundation\obj\foundation\debug_static_md\foundation.tlog\cl.read.1.tlog
c:\users\administrator\workspace\bobsgame\lib\poco-1.7.5\foundation\obj\foundation\debug_static_md\foundation.tlog\cl.write.1.tlog
c:\users\administrator\workspace\bobsgame\lib\poco-1.7.5\foundation\obj\foundation\debug_static_md\foundation.tlog\custombuild.command.1.tlog
c:\users\administrator\workspace\bobsgame\lib\poco-1.7.5\foundation\obj\foundation\debug_static_md\foundation.tlog\custombuild.read.1.tlog
c:\users\administrator\workspace\bobsgame\lib\poco-1.7.5\foundation\obj\foundation\debug_static_md\foundation.tlog\custombuild.write.1.tlog
c:\users\administrator\workspace\bobsgame\lib\poco-1.7.5\foundation\obj\foundation\debug_static_md\foundation.tlog\lib-link-cvtres.read.1.tlog
c:\users\administrator\workspace\bobsgame\lib\poco-1.7.5\foundation\obj\foundation\debug_static_md\foundation.tlog\lib-link-cvtres.write.1.tlog
c:\users\administrator\workspace\bobsgame\lib\poco-1.7.5\foundation\obj\foundation\debug_static_md\foundation.tlog\lib.command.1.tlog
c:\users\administrator\workspace\bobsgame\lib\poco-1.7.5\foundation\obj\foundation\debug_static_md\foundation.tlog\rc.command.1.tlog
c:\users\administrator\workspace\bobsgame\lib\poco-1.7.5\foundation\obj\foundation\debug_static_md\foundation.tlog\rc.read.1.tlog
c:\users\administrator\workspace\bobsgame\lib\poco-1.7.5\foundation\obj\foundation\debug_static_md\foundation.tlog\rc.write.1.tlog
