c:\users\administrator\workspace\bobsgame\lib\poco-1.7.5\util\obj\util\release_static_md\regexpvalidator.obj
c:\users\administrator\workspace\bobsgame\lib\poco-1.7.5\util\obj\util\release_static_md\propertyfileconfiguration.obj
c:\users\administrator\workspace\bobsgame\lib\poco-1.7.5\util\obj\util\release_static_md\optionset.obj
c:\users\administrator\workspace\bobsgame\lib\poco-1.7.5\util\obj\util\release_static_md\optionprocessor.obj
c:\users\administrator\workspace\bobsgame\lib\poco-1.7.5\util\obj\util\release_static_md\optionexception.obj
c:\users\administrator\workspace\bobsgame\lib\poco-1.7.5\util\obj\util\release_static_md\optioncallback.obj
c:\users\administrator\workspace\bobsgame\lib\poco-1.7.5\util\obj\util\release_static_md\option.obj
c:\users\administrator\workspace\bobsgame\lib\poco-1.7.5\util\obj\util\release_static_md\mapconfiguration.obj
c:\users\administrator\workspace\bobsgame\lib\poco-1.7.5\util\obj\util\release_static_md\loggingsubsystem.obj
c:\users\administrator\workspace\bobsgame\lib\poco-1.7.5\util\obj\util\release_static_md\loggingconfigurator.obj
c:\users\administrator\workspace\bobsgame\lib\poco-1.7.5\util\obj\util\release_static_md\layeredconfiguration.obj
c:\users\administrator\workspace\bobsgame\lib\poco-1.7.5\util\obj\util\release_static_md\jsonconfiguration.obj
c:\users\administrator\workspace\bobsgame\lib\poco-1.7.5\util\obj\util\release_static_md\intvalidator.obj
c:\users\administrator\workspace\bobsgame\lib\poco-1.7.5\util\obj\util\release_static_md\inifileconfiguration.obj
c:\users\administrator\workspace\bobsgame\lib\poco-1.7.5\util\obj\util\release_static_md\helpformatter.obj
c:\users\administrator\workspace\bobsgame\lib\poco-1.7.5\util\obj\util\release_static_md\filesystemconfiguration.obj
c:\users\administrator\workspace\bobsgame\lib\poco-1.7.5\util\obj\util\release_static_md\configurationview.obj
c:\users\administrator\workspace\bobsgame\lib\poco-1.7.5\util\obj\util\release_static_md\configurationmapper.obj
c:\users\administrator\workspace\bobsgame\lib\poco-1.7.5\util\obj\util\release_static_md\application.obj
c:\users\administrator\workspace\bobsgame\lib\poco-1.7.5\util\obj\util\release_static_md\abstractconfiguration.obj
c:\users\administrator\workspace\bobsgame\lib\poco-1.7.5\util\obj\util\release_static_md\xmlconfiguration.obj
c:\users\administrator\workspace\bobsgame\lib\poco-1.7.5\util\obj\util\release_static_md\winservice.obj
c:\users\administrator\workspace\bobsgame\lib\poco-1.7.5\util\obj\util\release_static_md\winregistrykey.obj
c:\users\administrator\workspace\bobsgame\lib\poco-1.7.5\util\obj\util\release_static_md\winregistryconfiguration.obj
c:\users\administrator\workspace\bobsgame\lib\poco-1.7.5\util\obj\util\release_static_md\validator.obj
c:\users\administrator\workspace\bobsgame\lib\poco-1.7.5\util\obj\util\release_static_md\timertask.obj
c:\users\administrator\workspace\bobsgame\lib\poco-1.7.5\util\obj\util\release_static_md\timer.obj
c:\users\administrator\workspace\bobsgame\lib\poco-1.7.5\util\obj\util\release_static_md\systemconfiguration.obj
c:\users\administrator\workspace\bobsgame\lib\poco-1.7.5\util\obj\util\release_static_md\subsystem.obj
c:\users\administrator\workspace\bobsgame\lib\poco-1.7.5\util\obj\util\release_static_md\serverapplication.obj
c:\users\administrator\workspace\bobsgame\lib\poco-1.7.5\lib\pocoutilmd.lib
c:\users\administrator\workspace\bobsgame\lib\poco-1.7.5\util\..\lib\pocoutilmd.lib
c:\users\administrator\workspace\bobsgame\lib\poco-1.7.5\util\obj\util\release_static_md\util.tlog\cl.command.1.tlog
c:\users\administrator\workspace\bobsgame\lib\poco-1.7.5\util\obj\util\release_static_md\util.tlog\cl.read.1.tlog
c:\users\administrator\workspace\bobsgame\lib\poco-1.7.5\util\obj\util\release_static_md\util.tlog\cl.write.1.tlog
c:\users\administrator\workspace\bobsgame\lib\poco-1.7.5\util\obj\util\release_static_md\util.tlog\lib-link.read.1.tlog
c:\users\administrator\workspace\bobsgame\lib\poco-1.7.5\util\obj\util\release_static_md\util.tlog\lib-link.write.1.tlog
c:\users\administrator\workspace\bobsgame\lib\poco-1.7.5\util\obj\util\release_static_md\util.tlog\lib.command.1.tlog
