c:\users\administrator\desktop\poco-1.7.5-all\poco-1.7.5-all\json\obj\json\release_shared\templatecache.obj
c:\users\administrator\desktop\poco-1.7.5-all\poco-1.7.5-all\json\obj\json\release_shared\template.obj
c:\users\administrator\desktop\poco-1.7.5-all\poco-1.7.5-all\json\obj\json\release_shared\stringifier.obj
c:\users\administrator\desktop\poco-1.7.5-all\poco-1.7.5-all\json\obj\json\release_shared\query.obj
c:\users\administrator\desktop\poco-1.7.5-all\poco-1.7.5-all\json\obj\json\release_shared\printhandler.obj
c:\users\administrator\desktop\poco-1.7.5-all\poco-1.7.5-all\json\obj\json\release_shared\parser.obj
c:\users\administrator\desktop\poco-1.7.5-all\poco-1.7.5-all\json\obj\json\release_shared\parsehandler.obj
c:\users\administrator\desktop\poco-1.7.5-all\poco-1.7.5-all\json\obj\json\release_shared\object.obj
c:\users\administrator\desktop\poco-1.7.5-all\poco-1.7.5-all\json\obj\json\release_shared\jsonexception.obj
c:\users\administrator\desktop\poco-1.7.5-all\poco-1.7.5-all\json\obj\json\release_shared\handler.obj
c:\users\administrator\desktop\poco-1.7.5-all\poco-1.7.5-all\json\obj\json\release_shared\array.obj
c:\users\administrator\workspace\bobsgame\lib\poco-1.7.5\json\obj\json\release_shared\templatecache.obj
c:\users\administrator\workspace\bobsgame\lib\poco-1.7.5\json\obj\json\release_shared\template.obj
c:\users\administrator\workspace\bobsgame\lib\poco-1.7.5\json\obj\json\release_shared\stringifier.obj
c:\users\administrator\workspace\bobsgame\lib\poco-1.7.5\json\obj\json\release_shared\query.obj
c:\users\administrator\workspace\bobsgame\lib\poco-1.7.5\json\obj\json\release_shared\printhandler.obj
c:\users\administrator\workspace\bobsgame\lib\poco-1.7.5\json\obj\json\release_shared\parser.obj
c:\users\administrator\workspace\bobsgame\lib\poco-1.7.5\json\obj\json\release_shared\parsehandler.obj
c:\users\administrator\workspace\bobsgame\lib\poco-1.7.5\json\obj\json\release_shared\object.obj
c:\users\administrator\workspace\bobsgame\lib\poco-1.7.5\json\obj\json\release_shared\jsonexception.obj
c:\users\administrator\workspace\bobsgame\lib\poco-1.7.5\json\obj\json\release_shared\handler.obj
c:\users\administrator\workspace\bobsgame\lib\poco-1.7.5\json\obj\json\release_shared\array.obj
c:\users\administrator\desktop\poco-1.7.5-all\poco-1.7.5-all\lib\pocojson.lib
c:\users\administrator\desktop\poco-1.7.5-all\poco-1.7.5-all\lib\pocojson.exp
c:\users\administrator\workspace\bobsgame\lib\poco-1.7.5\lib\pocojson.lib
c:\users\administrator\workspace\bobsgame\lib\poco-1.7.5\lib\pocojson.exp
c:\users\administrator\desktop\poco-1.7.5-all\poco-1.7.5-all\bin\pocojson.dll
c:\users\administrator\workspace\bobsgame\lib\poco-1.7.5\bin\pocojson.dll
c:\users\administrator\workspace\bobsgame\lib\poco-1.7.5\json\..\bin\pocojson.dll
c:\users\administrator\workspace\bobsgame\lib\poco-1.7.5\json\obj\json\release_shared\json.tlog\cl.command.1.tlog
c:\users\administrator\workspace\bobsgame\lib\poco-1.7.5\json\obj\json\release_shared\json.tlog\cl.read.1.tlog
c:\users\administrator\workspace\bobsgame\lib\poco-1.7.5\json\obj\json\release_shared\json.tlog\cl.write.1.tlog
c:\users\administrator\workspace\bobsgame\lib\poco-1.7.5\json\obj\json\release_shared\json.tlog\json.write.1u.tlog
c:\users\administrator\workspace\bobsgame\lib\poco-1.7.5\json\obj\json\release_shared\json.tlog\link.command.1.tlog
c:\users\administrator\workspace\bobsgame\lib\poco-1.7.5\json\obj\json\release_shared\json.tlog\link.read.1.tlog
c:\users\administrator\workspace\bobsgame\lib\poco-1.7.5\json\obj\json\release_shared\json.tlog\link.write.1.tlog
