c:\users\administrator\desktop\poco-1.7.5-all\poco-1.7.5-all\xml\obj\xml\debug_shared\vc140.pdb
c:\users\administrator\desktop\poco-1.7.5-all\poco-1.7.5-all\xml\obj\xml\debug_shared\vc140.idb
c:\users\administrator\desktop\poco-1.7.5-all\poco-1.7.5-all\xml\obj\xml\debug_shared\namespacesupport.obj
c:\users\administrator\desktop\poco-1.7.5-all\poco-1.7.5-all\xml\obj\xml\debug_shared\node.obj
c:\users\administrator\desktop\poco-1.7.5-all\poco-1.7.5-all\xml\obj\xml\debug_shared\nodeappender.obj
c:\users\administrator\desktop\poco-1.7.5-all\poco-1.7.5-all\xml\obj\xml\debug_shared\nodefilter.obj
c:\users\administrator\desktop\poco-1.7.5-all\poco-1.7.5-all\xml\obj\xml\debug_shared\nodeiterator.obj
c:\users\administrator\desktop\poco-1.7.5-all\poco-1.7.5-all\xml\obj\xml\debug_shared\nodelist.obj
c:\users\administrator\desktop\poco-1.7.5-all\poco-1.7.5-all\xml\obj\xml\debug_shared\notation.obj
c:\users\administrator\desktop\poco-1.7.5-all\poco-1.7.5-all\xml\obj\xml\debug_shared\parserengine.obj
c:\users\administrator\desktop\poco-1.7.5-all\poco-1.7.5-all\xml\obj\xml\debug_shared\processinginstruction.obj
c:\users\administrator\desktop\poco-1.7.5-all\poco-1.7.5-all\xml\obj\xml\debug_shared\saxexception.obj
c:\users\administrator\desktop\poco-1.7.5-all\poco-1.7.5-all\xml\obj\xml\debug_shared\saxparser.obj
c:\users\administrator\desktop\poco-1.7.5-all\poco-1.7.5-all\xml\obj\xml\debug_shared\text.obj
c:\users\administrator\desktop\poco-1.7.5-all\poco-1.7.5-all\xml\obj\xml\debug_shared\treewalker.obj
c:\users\administrator\desktop\poco-1.7.5-all\poco-1.7.5-all\xml\obj\xml\debug_shared\whitespacefilter.obj
c:\users\administrator\desktop\poco-1.7.5-all\poco-1.7.5-all\xml\obj\xml\debug_shared\xmlexception.obj
c:\users\administrator\desktop\poco-1.7.5-all\poco-1.7.5-all\xml\obj\xml\debug_shared\xmlfilter.obj
c:\users\administrator\desktop\poco-1.7.5-all\poco-1.7.5-all\xml\obj\xml\debug_shared\xmlfilterimpl.obj
c:\users\administrator\desktop\poco-1.7.5-all\poco-1.7.5-all\xml\obj\xml\debug_shared\xmlparse.obj
c:\users\administrator\desktop\poco-1.7.5-all\poco-1.7.5-all\xml\obj\xml\debug_shared\xmlreader.obj
c:\users\administrator\desktop\poco-1.7.5-all\poco-1.7.5-all\xml\obj\xml\debug_shared\xmlwriter.obj
c:\users\administrator\desktop\poco-1.7.5-all\poco-1.7.5-all\xml\obj\xml\debug_shared\elementsbytagnamelist.obj
c:\users\administrator\desktop\poco-1.7.5-all\poco-1.7.5-all\xml\obj\xml\debug_shared\entity.obj
c:\users\administrator\desktop\poco-1.7.5-all\poco-1.7.5-all\xml\obj\xml\debug_shared\entityreference.obj
c:\users\administrator\desktop\poco-1.7.5-all\poco-1.7.5-all\xml\obj\xml\debug_shared\entityresolver.obj
c:\users\administrator\desktop\poco-1.7.5-all\poco-1.7.5-all\xml\obj\xml\debug_shared\entityresolverimpl.obj
c:\users\administrator\desktop\poco-1.7.5-all\poco-1.7.5-all\xml\obj\xml\debug_shared\errorhandler.obj
c:\users\administrator\desktop\poco-1.7.5-all\poco-1.7.5-all\xml\obj\xml\debug_shared\event.obj
c:\users\administrator\desktop\poco-1.7.5-all\poco-1.7.5-all\xml\obj\xml\debug_shared\eventdispatcher.obj
c:\users\administrator\desktop\poco-1.7.5-all\poco-1.7.5-all\xml\obj\xml\debug_shared\eventexception.obj
c:\users\administrator\desktop\poco-1.7.5-all\poco-1.7.5-all\xml\obj\xml\debug_shared\eventlistener.obj
c:\users\administrator\desktop\poco-1.7.5-all\poco-1.7.5-all\xml\obj\xml\debug_shared\eventtarget.obj
c:\users\administrator\desktop\poco-1.7.5-all\poco-1.7.5-all\xml\obj\xml\debug_shared\inputsource.obj
c:\users\administrator\desktop\poco-1.7.5-all\poco-1.7.5-all\xml\obj\xml\debug_shared\lexicalhandler.obj
c:\users\administrator\desktop\poco-1.7.5-all\poco-1.7.5-all\xml\obj\xml\debug_shared\locator.obj
c:\users\administrator\desktop\poco-1.7.5-all\poco-1.7.5-all\xml\obj\xml\debug_shared\locatorimpl.obj
c:\users\administrator\desktop\poco-1.7.5-all\poco-1.7.5-all\xml\obj\xml\debug_shared\mutationevent.obj
c:\users\administrator\desktop\poco-1.7.5-all\poco-1.7.5-all\xml\obj\xml\debug_shared\name.obj
c:\users\administrator\desktop\poco-1.7.5-all\poco-1.7.5-all\xml\obj\xml\debug_shared\namednodemap.obj
c:\users\administrator\desktop\poco-1.7.5-all\poco-1.7.5-all\xml\obj\xml\debug_shared\namepool.obj
c:\users\administrator\desktop\poco-1.7.5-all\poco-1.7.5-all\xml\obj\xml\debug_shared\namespacestrategy.obj
c:\users\administrator\desktop\poco-1.7.5-all\poco-1.7.5-all\xml\obj\xml\debug_shared\characterdata.obj
c:\users\administrator\desktop\poco-1.7.5-all\poco-1.7.5-all\xml\obj\xml\debug_shared\childnodeslist.obj
c:\users\administrator\desktop\poco-1.7.5-all\poco-1.7.5-all\xml\obj\xml\debug_shared\comment.obj
c:\users\administrator\desktop\poco-1.7.5-all\poco-1.7.5-all\xml\obj\xml\debug_shared\contenthandler.obj
c:\users\administrator\desktop\poco-1.7.5-all\poco-1.7.5-all\xml\obj\xml\debug_shared\declhandler.obj
c:\users\administrator\desktop\poco-1.7.5-all\poco-1.7.5-all\xml\obj\xml\debug_shared\defaulthandler.obj
c:\users\administrator\desktop\poco-1.7.5-all\poco-1.7.5-all\xml\obj\xml\debug_shared\document.obj
c:\users\administrator\desktop\poco-1.7.5-all\poco-1.7.5-all\xml\obj\xml\debug_shared\documentevent.obj
c:\users\administrator\desktop\poco-1.7.5-all\poco-1.7.5-all\xml\obj\xml\debug_shared\documentfragment.obj
c:\users\administrator\desktop\poco-1.7.5-all\poco-1.7.5-all\xml\obj\xml\debug_shared\documenttype.obj
c:\users\administrator\desktop\poco-1.7.5-all\poco-1.7.5-all\xml\obj\xml\debug_shared\dombuilder.obj
c:\users\administrator\desktop\poco-1.7.5-all\poco-1.7.5-all\xml\obj\xml\debug_shared\domexception.obj
c:\users\administrator\desktop\poco-1.7.5-all\poco-1.7.5-all\xml\obj\xml\debug_shared\domimplementation.obj
c:\users\administrator\desktop\poco-1.7.5-all\poco-1.7.5-all\xml\obj\xml\debug_shared\domobject.obj
c:\users\administrator\desktop\poco-1.7.5-all\poco-1.7.5-all\xml\obj\xml\debug_shared\domparser.obj
c:\users\administrator\desktop\poco-1.7.5-all\poco-1.7.5-all\xml\obj\xml\debug_shared\domserializer.obj
c:\users\administrator\desktop\poco-1.7.5-all\poco-1.7.5-all\xml\obj\xml\debug_shared\domwriter.obj
c:\users\administrator\desktop\poco-1.7.5-all\poco-1.7.5-all\xml\obj\xml\debug_shared\dtdhandler.obj
c:\users\administrator\desktop\poco-1.7.5-all\poco-1.7.5-all\xml\obj\xml\debug_shared\dtdmap.obj
c:\users\administrator\desktop\poco-1.7.5-all\poco-1.7.5-all\xml\obj\xml\debug_shared\element.obj
c:\users\administrator\desktop\poco-1.7.5-all\poco-1.7.5-all\xml\obj\xml\debug_shared\abstractcontainernode.obj
c:\users\administrator\desktop\poco-1.7.5-all\poco-1.7.5-all\xml\obj\xml\debug_shared\abstractnode.obj
c:\users\administrator\desktop\poco-1.7.5-all\poco-1.7.5-all\xml\obj\xml\debug_shared\attr.obj
c:\users\administrator\desktop\poco-1.7.5-all\poco-1.7.5-all\xml\obj\xml\debug_shared\attributes.obj
c:\users\administrator\desktop\poco-1.7.5-all\poco-1.7.5-all\xml\obj\xml\debug_shared\attributesimpl.obj
c:\users\administrator\desktop\poco-1.7.5-all\poco-1.7.5-all\xml\obj\xml\debug_shared\attrmap.obj
c:\users\administrator\desktop\poco-1.7.5-all\poco-1.7.5-all\xml\obj\xml\debug_shared\cdatasection.obj
c:\users\administrator\desktop\poco-1.7.5-all\poco-1.7.5-all\xml\obj\xml\debug_shared\xmlrole.obj
c:\users\administrator\desktop\poco-1.7.5-all\poco-1.7.5-all\xml\obj\xml\debug_shared\xmltok.obj
c:\users\administrator\workspace\bobsgame\lib\poco-1.7.5\xml\obj\xml\debug_shared\vc140.pdb
c:\users\administrator\workspace\bobsgame\lib\poco-1.7.5\xml\obj\xml\debug_shared\vc140.idb
c:\users\administrator\workspace\bobsgame\lib\poco-1.7.5\xml\obj\xml\debug_shared\namespacesupport.obj
c:\users\administrator\workspace\bobsgame\lib\poco-1.7.5\xml\obj\xml\debug_shared\node.obj
c:\users\administrator\workspace\bobsgame\lib\poco-1.7.5\xml\obj\xml\debug_shared\nodeappender.obj
c:\users\administrator\workspace\bobsgame\lib\poco-1.7.5\xml\obj\xml\debug_shared\nodefilter.obj
c:\users\administrator\workspace\bobsgame\lib\poco-1.7.5\xml\obj\xml\debug_shared\nodeiterator.obj
c:\users\administrator\workspace\bobsgame\lib\poco-1.7.5\xml\obj\xml\debug_shared\nodelist.obj
c:\users\administrator\workspace\bobsgame\lib\poco-1.7.5\xml\obj\xml\debug_shared\notation.obj
c:\users\administrator\workspace\bobsgame\lib\poco-1.7.5\xml\obj\xml\debug_shared\parserengine.obj
c:\users\administrator\workspace\bobsgame\lib\poco-1.7.5\xml\obj\xml\debug_shared\processinginstruction.obj
c:\users\administrator\workspace\bobsgame\lib\poco-1.7.5\xml\obj\xml\debug_shared\saxexception.obj
c:\users\administrator\workspace\bobsgame\lib\poco-1.7.5\xml\obj\xml\debug_shared\saxparser.obj
c:\users\administrator\workspace\bobsgame\lib\poco-1.7.5\xml\obj\xml\debug_shared\text.obj
c:\users\administrator\workspace\bobsgame\lib\poco-1.7.5\xml\obj\xml\debug_shared\treewalker.obj
c:\users\administrator\workspace\bobsgame\lib\poco-1.7.5\xml\obj\xml\debug_shared\whitespacefilter.obj
c:\users\administrator\workspace\bobsgame\lib\poco-1.7.5\xml\obj\xml\debug_shared\xmlexception.obj
c:\users\administrator\workspace\bobsgame\lib\poco-1.7.5\xml\obj\xml\debug_shared\xmlfilter.obj
c:\users\administrator\workspace\bobsgame\lib\poco-1.7.5\xml\obj\xml\debug_shared\xmlfilterimpl.obj
c:\users\administrator\workspace\bobsgame\lib\poco-1.7.5\xml\obj\xml\debug_shared\xmlparse.obj
c:\users\administrator\workspace\bobsgame\lib\poco-1.7.5\xml\obj\xml\debug_shared\xmlreader.obj
c:\users\administrator\workspace\bobsgame\lib\poco-1.7.5\xml\obj\xml\debug_shared\xmlwriter.obj
c:\users\administrator\workspace\bobsgame\lib\poco-1.7.5\xml\obj\xml\debug_shared\elementsbytagnamelist.obj
c:\users\administrator\workspace\bobsgame\lib\poco-1.7.5\xml\obj\xml\debug_shared\entity.obj
c:\users\administrator\workspace\bobsgame\lib\poco-1.7.5\xml\obj\xml\debug_shared\entityreference.obj
c:\users\administrator\workspace\bobsgame\lib\poco-1.7.5\xml\obj\xml\debug_shared\entityresolver.obj
c:\users\administrator\workspace\bobsgame\lib\poco-1.7.5\xml\obj\xml\debug_shared\entityresolverimpl.obj
c:\users\administrator\workspace\bobsgame\lib\poco-1.7.5\xml\obj\xml\debug_shared\errorhandler.obj
c:\users\administrator\workspace\bobsgame\lib\poco-1.7.5\xml\obj\xml\debug_shared\event.obj
c:\users\administrator\workspace\bobsgame\lib\poco-1.7.5\xml\obj\xml\debug_shared\eventdispatcher.obj
c:\users\administrator\workspace\bobsgame\lib\poco-1.7.5\xml\obj\xml\debug_shared\eventexception.obj
c:\users\administrator\workspace\bobsgame\lib\poco-1.7.5\xml\obj\xml\debug_shared\eventlistener.obj
c:\users\administrator\workspace\bobsgame\lib\poco-1.7.5\xml\obj\xml\debug_shared\eventtarget.obj
c:\users\administrator\workspace\bobsgame\lib\poco-1.7.5\xml\obj\xml\debug_shared\inputsource.obj
c:\users\administrator\workspace\bobsgame\lib\poco-1.7.5\xml\obj\xml\debug_shared\lexicalhandler.obj
c:\users\administrator\workspace\bobsgame\lib\poco-1.7.5\xml\obj\xml\debug_shared\locator.obj
c:\users\administrator\workspace\bobsgame\lib\poco-1.7.5\xml\obj\xml\debug_shared\locatorimpl.obj
c:\users\administrator\workspace\bobsgame\lib\poco-1.7.5\xml\obj\xml\debug_shared\mutationevent.obj
c:\users\administrator\workspace\bobsgame\lib\poco-1.7.5\xml\obj\xml\debug_shared\name.obj
c:\users\administrator\workspace\bobsgame\lib\poco-1.7.5\xml\obj\xml\debug_shared\namednodemap.obj
c:\users\administrator\workspace\bobsgame\lib\poco-1.7.5\xml\obj\xml\debug_shared\namepool.obj
c:\users\administrator\workspace\bobsgame\lib\poco-1.7.5\xml\obj\xml\debug_shared\namespacestrategy.obj
c:\users\administrator\workspace\bobsgame\lib\poco-1.7.5\xml\obj\xml\debug_shared\characterdata.obj
c:\users\administrator\workspace\bobsgame\lib\poco-1.7.5\xml\obj\xml\debug_shared\childnodeslist.obj
c:\users\administrator\workspace\bobsgame\lib\poco-1.7.5\xml\obj\xml\debug_shared\comment.obj
c:\users\administrator\workspace\bobsgame\lib\poco-1.7.5\xml\obj\xml\debug_shared\contenthandler.obj
c:\users\administrator\workspace\bobsgame\lib\poco-1.7.5\xml\obj\xml\debug_shared\declhandler.obj
c:\users\administrator\workspace\bobsgame\lib\poco-1.7.5\xml\obj\xml\debug_shared\defaulthandler.obj
c:\users\administrator\workspace\bobsgame\lib\poco-1.7.5\xml\obj\xml\debug_shared\document.obj
c:\users\administrator\workspace\bobsgame\lib\poco-1.7.5\xml\obj\xml\debug_shared\documentevent.obj
c:\users\administrator\workspace\bobsgame\lib\poco-1.7.5\xml\obj\xml\debug_shared\documentfragment.obj
c:\users\administrator\workspace\bobsgame\lib\poco-1.7.5\xml\obj\xml\debug_shared\documenttype.obj
c:\users\administrator\workspace\bobsgame\lib\poco-1.7.5\xml\obj\xml\debug_shared\dombuilder.obj
c:\users\administrator\workspace\bobsgame\lib\poco-1.7.5\xml\obj\xml\debug_shared\domexception.obj
c:\users\administrator\workspace\bobsgame\lib\poco-1.7.5\xml\obj\xml\debug_shared\domimplementation.obj
c:\users\administrator\workspace\bobsgame\lib\poco-1.7.5\xml\obj\xml\debug_shared\domobject.obj
c:\users\administrator\workspace\bobsgame\lib\poco-1.7.5\xml\obj\xml\debug_shared\domparser.obj
c:\users\administrator\workspace\bobsgame\lib\poco-1.7.5\xml\obj\xml\debug_shared\domserializer.obj
c:\users\administrator\workspace\bobsgame\lib\poco-1.7.5\xml\obj\xml\debug_shared\domwriter.obj
c:\users\administrator\workspace\bobsgame\lib\poco-1.7.5\xml\obj\xml\debug_shared\dtdhandler.obj
c:\users\administrator\workspace\bobsgame\lib\poco-1.7.5\xml\obj\xml\debug_shared\dtdmap.obj
c:\users\administrator\workspace\bobsgame\lib\poco-1.7.5\xml\obj\xml\debug_shared\element.obj
c:\users\administrator\workspace\bobsgame\lib\poco-1.7.5\xml\obj\xml\debug_shared\abstractcontainernode.obj
c:\users\administrator\workspace\bobsgame\lib\poco-1.7.5\xml\obj\xml\debug_shared\abstractnode.obj
c:\users\administrator\workspace\bobsgame\lib\poco-1.7.5\xml\obj\xml\debug_shared\attr.obj
c:\users\administrator\workspace\bobsgame\lib\poco-1.7.5\xml\obj\xml\debug_shared\attributes.obj
c:\users\administrator\workspace\bobsgame\lib\poco-1.7.5\xml\obj\xml\debug_shared\attributesimpl.obj
c:\users\administrator\workspace\bobsgame\lib\poco-1.7.5\xml\obj\xml\debug_shared\attrmap.obj
c:\users\administrator\workspace\bobsgame\lib\poco-1.7.5\xml\obj\xml\debug_shared\cdatasection.obj
c:\users\administrator\workspace\bobsgame\lib\poco-1.7.5\xml\obj\xml\debug_shared\xmlrole.obj
c:\users\administrator\workspace\bobsgame\lib\poco-1.7.5\xml\obj\xml\debug_shared\xmltok.obj
c:\users\administrator\desktop\poco-1.7.5-all\poco-1.7.5-all\bin\pocoxmld.ilk
c:\users\administrator\desktop\poco-1.7.5-all\poco-1.7.5-all\bin\pocoxmld.dll
c:\users\administrator\desktop\poco-1.7.5-all\poco-1.7.5-all\bin\pocoxmld.pdb
c:\users\administrator\workspace\bobsgame\lib\poco-1.7.5\bin\pocoxmld.ilk
c:\users\administrator\workspace\bobsgame\lib\poco-1.7.5\bin\pocoxmld.dll
c:\users\administrator\workspace\bobsgame\lib\poco-1.7.5\bin\pocoxmld.pdb
c:\users\administrator\desktop\poco-1.7.5-all\poco-1.7.5-all\lib\pocoxmld.lib
c:\users\administrator\desktop\poco-1.7.5-all\poco-1.7.5-all\lib\pocoxmld.exp
c:\users\administrator\workspace\bobsgame\lib\poco-1.7.5\lib\pocoxmld.lib
c:\users\administrator\workspace\bobsgame\lib\poco-1.7.5\lib\pocoxmld.exp
c:\users\administrator\workspace\bobsgame\lib\poco-1.7.5\xml\..\bin\pocoxmld.dll
c:\users\administrator\workspace\bobsgame\lib\poco-1.7.5\xml\obj\xml\debug_shared\xml.tlog\cl.command.1.tlog
c:\users\administrator\workspace\bobsgame\lib\poco-1.7.5\xml\obj\xml\debug_shared\xml.tlog\cl.read.1.tlog
c:\users\administrator\workspace\bobsgame\lib\poco-1.7.5\xml\obj\xml\debug_shared\xml.tlog\cl.write.1.tlog
c:\users\administrator\workspace\bobsgame\lib\poco-1.7.5\xml\obj\xml\debug_shared\xml.tlog\link.command.1.tlog
c:\users\administrator\workspace\bobsgame\lib\poco-1.7.5\xml\obj\xml\debug_shared\xml.tlog\link.read.1.tlog
c:\users\administrator\workspace\bobsgame\lib\poco-1.7.5\xml\obj\xml\debug_shared\xml.tlog\link.write.1.tlog
c:\users\administrator\workspace\bobsgame\lib\poco-1.7.5\xml\obj\xml\debug_shared\xml.tlog\xml.write.1u.tlog
