c:\users\administrator\workspace\bobsgame\lib\poco-1.7.5\lib\pocojsonmdd.pdb
c:\users\administrator\workspace\bobsgame\lib\poco-1.7.5\lib\pocojsonmdd.idb
c:\users\administrator\workspace\bobsgame\lib\poco-1.7.5\json\obj\json\debug_static_md\array.obj
c:\users\administrator\workspace\bobsgame\lib\poco-1.7.5\json\obj\json\debug_static_md\handler.obj
c:\users\administrator\workspace\bobsgame\lib\poco-1.7.5\json\obj\json\debug_static_md\jsonexception.obj
c:\users\administrator\workspace\bobsgame\lib\poco-1.7.5\json\obj\json\debug_static_md\object.obj
c:\users\administrator\workspace\bobsgame\lib\poco-1.7.5\json\obj\json\debug_static_md\parsehandler.obj
c:\users\administrator\workspace\bobsgame\lib\poco-1.7.5\json\obj\json\debug_static_md\parser.obj
c:\users\administrator\workspace\bobsgame\lib\poco-1.7.5\json\obj\json\debug_static_md\printhandler.obj
c:\users\administrator\workspace\bobsgame\lib\poco-1.7.5\json\obj\json\debug_static_md\query.obj
c:\users\administrator\workspace\bobsgame\lib\poco-1.7.5\json\obj\json\debug_static_md\stringifier.obj
c:\users\administrator\workspace\bobsgame\lib\poco-1.7.5\json\obj\json\debug_static_md\template.obj
c:\users\administrator\workspace\bobsgame\lib\poco-1.7.5\json\obj\json\debug_static_md\templatecache.obj
c:\users\administrator\workspace\bobsgame\lib\poco-1.7.5\lib\pocojsonmdd.lib
c:\users\administrator\workspace\bobsgame\lib\poco-1.7.5\json\..\lib\pocojsonmdd.lib
c:\users\administrator\workspace\bobsgame\lib\poco-1.7.5\json\obj\json\debug_static_md\json.tlog\cl.command.1.tlog
c:\users\administrator\workspace\bobsgame\lib\poco-1.7.5\json\obj\json\debug_static_md\json.tlog\cl.read.1.tlog
c:\users\administrator\workspace\bobsgame\lib\poco-1.7.5\json\obj\json\debug_static_md\json.tlog\cl.write.1.tlog
c:\users\administrator\workspace\bobsgame\lib\poco-1.7.5\json\obj\json\debug_static_md\json.tlog\lib-link.read.1.tlog
c:\users\administrator\workspace\bobsgame\lib\poco-1.7.5\json\obj\json\debug_static_md\json.tlog\lib-link.write.1.tlog
c:\users\administrator\workspace\bobsgame\lib\poco-1.7.5\json\obj\json\debug_static_md\json.tlog\lib.command.1.tlog
