c:\users\administrator\desktop\poco-1.7.5-all\poco-1.7.5-all\cppunit\obj\release_shared\vc70.pdb
c:\users\administrator\desktop\poco-1.7.5-all\poco-1.7.5-all\cppunit\obj\release_shared\texttestresult.obj
c:\users\administrator\desktop\poco-1.7.5-all\poco-1.7.5-all\cppunit\obj\release_shared\testsuite.obj
c:\users\administrator\desktop\poco-1.7.5-all\poco-1.7.5-all\cppunit\obj\release_shared\testrunner.obj
c:\users\administrator\desktop\poco-1.7.5-all\poco-1.7.5-all\cppunit\obj\release_shared\testresult.obj
c:\users\administrator\desktop\poco-1.7.5-all\poco-1.7.5-all\cppunit\obj\release_shared\testfailure.obj
c:\users\administrator\desktop\poco-1.7.5-all\poco-1.7.5-all\cppunit\obj\release_shared\testdecorator.obj
c:\users\administrator\desktop\poco-1.7.5-all\poco-1.7.5-all\cppunit\obj\release_shared\testcase.obj
c:\users\administrator\desktop\poco-1.7.5-all\poco-1.7.5-all\cppunit\obj\release_shared\cppunitexception.obj
c:\users\administrator\workspace\bobsgame\lib\poco-1.7.5\cppunit\obj\release_shared\vc70.pdb
c:\users\administrator\workspace\bobsgame\lib\poco-1.7.5\cppunit\obj\release_shared\texttestresult.obj
c:\users\administrator\workspace\bobsgame\lib\poco-1.7.5\cppunit\obj\release_shared\testsuite.obj
c:\users\administrator\workspace\bobsgame\lib\poco-1.7.5\cppunit\obj\release_shared\testrunner.obj
c:\users\administrator\workspace\bobsgame\lib\poco-1.7.5\cppunit\obj\release_shared\testresult.obj
c:\users\administrator\workspace\bobsgame\lib\poco-1.7.5\cppunit\obj\release_shared\testfailure.obj
c:\users\administrator\workspace\bobsgame\lib\poco-1.7.5\cppunit\obj\release_shared\testdecorator.obj
c:\users\administrator\workspace\bobsgame\lib\poco-1.7.5\cppunit\obj\release_shared\testcase.obj
c:\users\administrator\workspace\bobsgame\lib\poco-1.7.5\cppunit\obj\release_shared\cppunitexception.obj
c:\users\administrator\desktop\poco-1.7.5-all\poco-1.7.5-all\lib\cppunit.lib
c:\users\administrator\desktop\poco-1.7.5-all\poco-1.7.5-all\lib\cppunit.exp
c:\users\administrator\workspace\bobsgame\lib\poco-1.7.5\lib\cppunit.lib
c:\users\administrator\workspace\bobsgame\lib\poco-1.7.5\lib\cppunit.exp
c:\users\administrator\desktop\poco-1.7.5-all\poco-1.7.5-all\bin\cppunit.dll
c:\users\administrator\workspace\bobsgame\lib\poco-1.7.5\bin\cppunit.dll
c:\users\administrator\workspace\bobsgame\lib\poco-1.7.5\cppunit\..\bin\cppunit.dll
c:\users\administrator\workspace\bobsgame\lib\poco-1.7.5\cppunit\obj\release_shared\cppunit.tlog\cl.command.1.tlog
c:\users\administrator\workspace\bobsgame\lib\poco-1.7.5\cppunit\obj\release_shared\cppunit.tlog\cl.read.1.tlog
c:\users\administrator\workspace\bobsgame\lib\poco-1.7.5\cppunit\obj\release_shared\cppunit.tlog\cl.write.1.tlog
c:\users\administrator\workspace\bobsgame\lib\poco-1.7.5\cppunit\obj\release_shared\cppunit.tlog\cppunit.write.1u.tlog
c:\users\administrator\workspace\bobsgame\lib\poco-1.7.5\cppunit\obj\release_shared\cppunit.tlog\link.command.1.tlog
c:\users\administrator\workspace\bobsgame\lib\poco-1.7.5\cppunit\obj\release_shared\cppunit.tlog\link.read.1.tlog
c:\users\administrator\workspace\bobsgame\lib\poco-1.7.5\cppunit\obj\release_shared\cppunit.tlog\link.write.1.tlog
