c:\users\administrator\workspace\bobsgame\lib\poco-1.7.5\net\obj\net\release_static_mt\httpheaderstream.obj
c:\users\administrator\workspace\bobsgame\lib\poco-1.7.5\net\obj\net\release_static_mt\httpfixedlengthstream.obj
c:\users\administrator\workspace\bobsgame\lib\poco-1.7.5\net\obj\net\release_static_mt\httpdigestcredentials.obj
c:\users\administrator\workspace\bobsgame\lib\poco-1.7.5\net\obj\net\release_static_mt\httpcredentials.obj
c:\users\administrator\workspace\bobsgame\lib\poco-1.7.5\net\obj\net\release_static_mt\httpcookie.obj
c:\users\administrator\workspace\bobsgame\lib\poco-1.7.5\net\obj\net\release_static_mt\httpclientsession.obj
c:\users\administrator\workspace\bobsgame\lib\poco-1.7.5\net\obj\net\release_static_mt\httpchunkedstream.obj
c:\users\administrator\workspace\bobsgame\lib\poco-1.7.5\net\obj\net\release_static_mt\httpbufferallocator.obj
c:\users\administrator\workspace\bobsgame\lib\poco-1.7.5\net\obj\net\release_static_mt\httpbasiccredentials.obj
c:\users\administrator\workspace\bobsgame\lib\poco-1.7.5\net\obj\net\release_static_mt\httpauthenticationparams.obj
c:\users\administrator\workspace\bobsgame\lib\poco-1.7.5\net\obj\net\release_static_mt\htmlform.obj
c:\users\administrator\workspace\bobsgame\lib\poco-1.7.5\net\obj\net\release_static_mt\hostentry.obj
c:\users\administrator\workspace\bobsgame\lib\poco-1.7.5\net\obj\net\release_static_mt\ftpstreamfactory.obj
c:\users\administrator\workspace\bobsgame\lib\poco-1.7.5\net\obj\net\release_static_mt\ftpclientsession.obj
c:\users\administrator\workspace\bobsgame\lib\poco-1.7.5\net\obj\net\release_static_mt\filepartsource.obj
c:\users\administrator\workspace\bobsgame\lib\poco-1.7.5\net\obj\net\release_static_mt\dns.obj
c:\users\administrator\workspace\bobsgame\lib\poco-1.7.5\net\obj\net\release_static_mt\dialogsocket.obj
c:\users\administrator\workspace\bobsgame\lib\poco-1.7.5\net\obj\net\release_static_mt\datagramsocketimpl.obj
c:\users\administrator\workspace\bobsgame\lib\poco-1.7.5\net\obj\net\release_static_mt\datagramsocket.obj
c:\users\administrator\workspace\bobsgame\lib\poco-1.7.5\net\obj\net\release_static_mt\abstracthttprequesthandler.obj
c:\users\administrator\workspace\bobsgame\lib\poco-1.7.5\net\obj\net\release_static_mt\httpstreamfactory.obj
c:\users\administrator\workspace\bobsgame\lib\poco-1.7.5\net\obj\net\release_static_mt\httpstream.obj
c:\users\administrator\workspace\bobsgame\lib\poco-1.7.5\net\obj\net\release_static_mt\httpsessioninstantiator.obj
c:\users\administrator\workspace\bobsgame\lib\poco-1.7.5\net\obj\net\release_static_mt\httpsessionfactory.obj
c:\users\administrator\workspace\bobsgame\lib\poco-1.7.5\net\obj\net\release_static_mt\httpsession.obj
c:\users\administrator\workspace\bobsgame\lib\poco-1.7.5\net\obj\net\release_static_mt\httpserversession.obj
c:\users\administrator\workspace\bobsgame\lib\poco-1.7.5\net\obj\net\release_static_mt\httpserverresponseimpl.obj
c:\users\administrator\workspace\bobsgame\lib\poco-1.7.5\net\obj\net\release_static_mt\httpserverresponse.obj
c:\users\administrator\workspace\bobsgame\lib\poco-1.7.5\net\obj\net\release_static_mt\httpserverrequestimpl.obj
c:\users\administrator\workspace\bobsgame\lib\poco-1.7.5\net\obj\net\release_static_mt\httpserverrequest.obj
c:\users\administrator\workspace\bobsgame\lib\poco-1.7.5\net\obj\net\release_static_mt\httpserverparams.obj
c:\users\administrator\workspace\bobsgame\lib\poco-1.7.5\net\obj\net\release_static_mt\httpserverconnectionfactory.obj
c:\users\administrator\workspace\bobsgame\lib\poco-1.7.5\net\obj\net\release_static_mt\httpserverconnection.obj
c:\users\administrator\workspace\bobsgame\lib\poco-1.7.5\net\obj\net\release_static_mt\httpserver.obj
c:\users\administrator\workspace\bobsgame\lib\poco-1.7.5\net\obj\net\release_static_mt\httpresponse.obj
c:\users\administrator\workspace\bobsgame\lib\poco-1.7.5\net\obj\net\release_static_mt\httprequesthandlerfactory.obj
c:\users\administrator\workspace\bobsgame\lib\poco-1.7.5\net\obj\net\release_static_mt\httprequesthandler.obj
c:\users\administrator\workspace\bobsgame\lib\poco-1.7.5\net\obj\net\release_static_mt\httprequest.obj
c:\users\administrator\workspace\bobsgame\lib\poco-1.7.5\net\obj\net\release_static_mt\httpmessage.obj
c:\users\administrator\workspace\bobsgame\lib\poco-1.7.5\net\obj\net\release_static_mt\httpiostream.obj
c:\users\administrator\workspace\bobsgame\lib\poco-1.7.5\net\obj\net\release_static_mt\netexception.obj
c:\users\administrator\workspace\bobsgame\lib\poco-1.7.5\net\obj\net\release_static_mt\net.obj
c:\users\administrator\workspace\bobsgame\lib\poco-1.7.5\net\obj\net\release_static_mt\namevaluecollection.obj
c:\users\administrator\workspace\bobsgame\lib\poco-1.7.5\net\obj\net\release_static_mt\multipartwriter.obj
c:\users\administrator\workspace\bobsgame\lib\poco-1.7.5\net\obj\net\release_static_mt\multipartreader.obj
c:\users\administrator\workspace\bobsgame\lib\poco-1.7.5\net\obj\net\release_static_mt\multicastsocket.obj
c:\users\administrator\workspace\bobsgame\lib\poco-1.7.5\net\obj\net\release_static_mt\messageheader.obj
c:\users\administrator\workspace\bobsgame\lib\poco-1.7.5\net\obj\net\release_static_mt\mediatype.obj
c:\users\administrator\workspace\bobsgame\lib\poco-1.7.5\net\obj\net\release_static_mt\mailstream.obj
c:\users\administrator\workspace\bobsgame\lib\poco-1.7.5\net\obj\net\release_static_mt\mailrecipient.obj
c:\users\administrator\workspace\bobsgame\lib\poco-1.7.5\net\obj\net\release_static_mt\mailmessage.obj
c:\users\administrator\workspace\bobsgame\lib\poco-1.7.5\net\obj\net\release_static_mt\ipaddressimpl.obj
c:\users\administrator\workspace\bobsgame\lib\poco-1.7.5\net\obj\net\release_static_mt\ipaddress.obj
c:\users\administrator\workspace\bobsgame\lib\poco-1.7.5\net\obj\net\release_static_mt\icmpv4packetimpl.obj
c:\users\administrator\workspace\bobsgame\lib\poco-1.7.5\net\obj\net\release_static_mt\icmpsocketimpl.obj
c:\users\administrator\workspace\bobsgame\lib\poco-1.7.5\net\obj\net\release_static_mt\icmpsocket.obj
c:\users\administrator\workspace\bobsgame\lib\poco-1.7.5\net\obj\net\release_static_mt\icmppacketimpl.obj
c:\users\administrator\workspace\bobsgame\lib\poco-1.7.5\net\obj\net\release_static_mt\icmppacket.obj
c:\users\administrator\workspace\bobsgame\lib\poco-1.7.5\net\obj\net\release_static_mt\icmpeventargs.obj
c:\users\administrator\workspace\bobsgame\lib\poco-1.7.5\net\obj\net\release_static_mt\icmpclient.obj
c:\users\administrator\workspace\bobsgame\lib\poco-1.7.5\net\obj\net\release_static_mt\smtpchannel.obj
c:\users\administrator\workspace\bobsgame\lib\poco-1.7.5\net\obj\net\release_static_mt\serversocketimpl.obj
c:\users\administrator\workspace\bobsgame\lib\poco-1.7.5\net\obj\net\release_static_mt\serversocket.obj
c:\users\administrator\workspace\bobsgame\lib\poco-1.7.5\net\obj\net\release_static_mt\remotesysloglistener.obj
c:\users\administrator\workspace\bobsgame\lib\poco-1.7.5\net\obj\net\release_static_mt\remotesyslogchannel.obj
c:\users\administrator\workspace\bobsgame\lib\poco-1.7.5\net\obj\net\release_static_mt\rawsocketimpl.obj
c:\users\administrator\workspace\bobsgame\lib\poco-1.7.5\net\obj\net\release_static_mt\rawsocket.obj
c:\users\administrator\workspace\bobsgame\lib\poco-1.7.5\net\obj\net\release_static_mt\quotedprintableencoder.obj
c:\users\administrator\workspace\bobsgame\lib\poco-1.7.5\net\obj\net\release_static_mt\quotedprintabledecoder.obj
c:\users\administrator\workspace\bobsgame\lib\poco-1.7.5\net\obj\net\release_static_mt\pop3clientsession.obj
c:\users\administrator\workspace\bobsgame\lib\poco-1.7.5\net\obj\net\release_static_mt\partstore.obj
c:\users\administrator\workspace\bobsgame\lib\poco-1.7.5\net\obj\net\release_static_mt\partsource.obj
c:\users\administrator\workspace\bobsgame\lib\poco-1.7.5\net\obj\net\release_static_mt\parthandler.obj
c:\users\administrator\workspace\bobsgame\lib\poco-1.7.5\net\obj\net\release_static_mt\oauth20credentials.obj
c:\users\administrator\workspace\bobsgame\lib\poco-1.7.5\net\obj\net\release_static_mt\oauth10credentials.obj
c:\users\administrator\workspace\bobsgame\lib\poco-1.7.5\net\obj\net\release_static_mt\nullparthandler.obj
c:\users\administrator\workspace\bobsgame\lib\poco-1.7.5\net\obj\net\release_static_mt\ntppacket.obj
c:\users\administrator\workspace\bobsgame\lib\poco-1.7.5\net\obj\net\release_static_mt\ntpeventargs.obj
c:\users\administrator\workspace\bobsgame\lib\poco-1.7.5\net\obj\net\release_static_mt\ntpclient.obj
c:\users\administrator\workspace\bobsgame\lib\poco-1.7.5\net\obj\net\release_static_mt\networkinterface.obj
c:\users\administrator\workspace\bobsgame\lib\poco-1.7.5\net\obj\net\release_static_mt\websocketimpl.obj
c:\users\administrator\workspace\bobsgame\lib\poco-1.7.5\net\obj\net\release_static_mt\websocket.obj
c:\users\administrator\workspace\bobsgame\lib\poco-1.7.5\net\obj\net\release_static_mt\tcpserverparams.obj
c:\users\administrator\workspace\bobsgame\lib\poco-1.7.5\net\obj\net\release_static_mt\tcpserverdispatcher.obj
c:\users\administrator\workspace\bobsgame\lib\poco-1.7.5\net\obj\net\release_static_mt\tcpserverconnectionfactory.obj
c:\users\administrator\workspace\bobsgame\lib\poco-1.7.5\net\obj\net\release_static_mt\tcpserverconnection.obj
c:\users\administrator\workspace\bobsgame\lib\poco-1.7.5\net\obj\net\release_static_mt\tcpserver.obj
c:\users\administrator\workspace\bobsgame\lib\poco-1.7.5\net\obj\net\release_static_mt\stringpartsource.obj
c:\users\administrator\workspace\bobsgame\lib\poco-1.7.5\net\obj\net\release_static_mt\streamsocketimpl.obj
c:\users\administrator\workspace\bobsgame\lib\poco-1.7.5\net\obj\net\release_static_mt\streamsocket.obj
c:\users\administrator\workspace\bobsgame\lib\poco-1.7.5\net\obj\net\release_static_mt\socketstream.obj
c:\users\administrator\workspace\bobsgame\lib\poco-1.7.5\net\obj\net\release_static_mt\socketreactor.obj
c:\users\administrator\workspace\bobsgame\lib\poco-1.7.5\net\obj\net\release_static_mt\socketnotifier.obj
c:\users\administrator\workspace\bobsgame\lib\poco-1.7.5\net\obj\net\release_static_mt\socketnotification.obj
c:\users\administrator\workspace\bobsgame\lib\poco-1.7.5\net\obj\net\release_static_mt\socketimpl.obj
c:\users\administrator\workspace\bobsgame\lib\poco-1.7.5\net\obj\net\release_static_mt\socketaddressimpl.obj
c:\users\administrator\workspace\bobsgame\lib\poco-1.7.5\net\obj\net\release_static_mt\socketaddress.obj
c:\users\administrator\workspace\bobsgame\lib\poco-1.7.5\net\obj\net\release_static_mt\socket.obj
c:\users\administrator\workspace\bobsgame\lib\poco-1.7.5\net\obj\net\release_static_mt\smtpclientsession.obj
c:\users\administrator\workspace\bobsgame\lib\poco-1.7.5\lib\poconetmt.lib
c:\users\administrator\workspace\bobsgame\lib\poco-1.7.5\net\..\lib\poconetmt.lib
c:\users\administrator\workspace\bobsgame\lib\poco-1.7.5\net\obj\net\release_static_mt\net.tlog\cl.command.1.tlog
c:\users\administrator\workspace\bobsgame\lib\poco-1.7.5\net\obj\net\release_static_mt\net.tlog\cl.read.1.tlog
c:\users\administrator\workspace\bobsgame\lib\poco-1.7.5\net\obj\net\release_static_mt\net.tlog\cl.write.1.tlog
c:\users\administrator\workspace\bobsgame\lib\poco-1.7.5\net\obj\net\release_static_mt\net.tlog\lib-link.read.1.tlog
c:\users\administrator\workspace\bobsgame\lib\poco-1.7.5\net\obj\net\release_static_mt\net.tlog\lib-link.write.1.tlog
c:\users\administrator\workspace\bobsgame\lib\poco-1.7.5\net\obj\net\release_static_mt\net.tlog\lib.command.1.tlog
