  Performing Custom Build Tools
  MC: Compiling C:\Users\Administrator\workspace\bobsgame\lib\poco-1.7.5\Foundation\src\pocomsg.mc
  HashStatistic.cpp
  Hash.cpp
  EventArgs.cpp
  TaskNotification.cpp
  TaskManager.cpp
  Task.cpp
  URIStreamOpener.cpp
  URIStreamFactory.cpp
  URI.cpp
  FileStreamFactory.cpp
  Windows1252Encoding.cpp
  UTF8String.cpp
  UTF8Encoding.cpp
  UTF16Encoding.cpp
  UnicodeConverter.cpp
  Unicode.cpp
  TextIterator.cpp
  TextEncoding.cpp
  TextConverter.cpp
  TextBufferIterator.cpp
  Generating Code...
  Compiling...
  StreamConverter.cpp
  Latin9Encoding.cpp
  Latin1Encoding.cpp
  ASCIIEncoding.cpp
  Timezone.cpp
  Timestamp.cpp
  Timespan.cpp
  Stopwatch.cpp
  LocalDateTime.cpp
  DateTimeParser.cpp
  DateTimeFormatter.cpp
  DateTimeFormat.cpp
  DateTime.cpp
  Clock.cpp
  UUIDGenerator.cpp
  UUID.cpp
  SharedMemory.cpp
  Process.cpp
  PipeStream.cpp
  PipeImpl.cpp
  Generating Code...
  Compiling...
  Pipe.cpp
  NamedMutex.cpp
  NamedEvent.cpp
  TemporaryFile.cpp
  Path.cpp
  Glob.cpp
  File.cpp
  DirectoryIterator.cpp
  TimedNotificationQueue.cpp
  PriorityNotificationQueue.cpp
  NotificationQueue.cpp
  NotificationCenter.cpp
  Notification.cpp
  AbstractObserver.cpp
  WindowsConsoleChannel.cpp
  StreamChannel.cpp
  SplitterChannel.cpp
  SimpleFileChannel.cpp
  RotateStrategy.cpp
  PurgeStrategy.cpp
  Generating Code...
  Compiling...
  PatternFormatter.cpp
  NullChannel.cpp
  Message.cpp
  LogStream.cpp
  LoggingRegistry.cpp
  LoggingFactory.cpp
  Logger.cpp
  LogFile.cpp
  FormattingChannel.cpp
  Formatter.cpp
  FileChannel.cpp
  EventLogChannel.cpp
  ConsoleChannel.cpp
  Configurable.cpp
  Channel.cpp
  AsyncChannel.cpp
  ArchiveStrategy.cpp
  RegularExpression.cpp
  SharedLibrary.cpp
  Manifest.cpp
  Generating Code...
  Compiling...
  SHA1Engine.cpp
  RandomStream.cpp
  Random.cpp
  MD5Engine.cpp
  MD4Engine.cpp
  DigestStream.cpp
  DigestEngine.cpp
  Timer.cpp
  ThreadTarget.cpp
  ThreadPool.cpp
  ThreadLocal.cpp
  Thread.cpp
  SynchronizedObject.cpp
  Semaphore.cpp
  RWLock.cpp
  Runnable.cpp
  Mutex.cpp
  Event.cpp
  ErrorHandler.cpp
  Condition.cpp
  Generating Code...
  Compiling...
  ActiveDispatcher.cpp
  Windows1251Encoding.cpp
  Windows1250Encoding.cpp
  Token.cpp
  TeeStream.cpp
  StreamTokenizer.cpp
  StreamCopier.cpp
  NullStream.cpp
  MemoryStream.cpp
  LineEndingConverter.cpp
  InflatingStream.cpp
  HexBinaryEncoder.cpp
  HexBinaryDecoder.cpp
  FileStream.cpp
  DeflatingStream.cpp
  CountingStream.cpp
  BinaryWriter.cpp
  BinaryReader.cpp
  Base64Encoder.cpp
  Base64Decoder.cpp
  Generating Code...
  Compiling...
  Base32Encoder.cpp
  Base32Decoder.cpp
  Void.cpp
  VarIterator.cpp
  VarHolder.cpp
  Var.cpp
  UTF32Encoding.cpp
  StringTokenizer.cpp
  DirectoryIteratorStrategy.cpp
  NumericString.cpp
  SortedDirectoryIterator.cpp
  RefCountedObject.cpp
  NumberParser.cpp
  NumberFormatter.cpp
  NestedDiagnosticContext.cpp
  MemoryPool.cpp
  Latin2Encoding.cpp
  FPEnvironment.cpp
  Format.cpp
  FIFOBufferStream.cpp
  Generating Code...
  Compiling...
  Exception.cpp
  EventChannel.cpp
  Error.cpp
  Environment.cpp
  DirectoryWatcher.cpp
  Debugger.cpp
  Checksum.cpp
  Bugcheck.cpp
  AtomicCounter.cpp
  Ascii.cpp
  Generating Code...
  pcre_xclass.c
  pcre_valid_utf8.c
  pcre_ucd.c
  pcre_tables.c
  pcre_study.c
  pcre_ord2utf8.c
  pcre_newline.c
  pcre_maketables.c
  pcre_globals.c
  pcre_fullinfo.c
  pcre_exec.c
  pcre_dfa_exec.c
  pcre_string_utils.c
  pcre_refcount.c
  pcre_jit_compile.c
  pcre_get.c
  pcre_compile.c
  pcre_config.c
  pcre_chartables.c
  pcre_byte_order.c
  Generating Code...
  Compiling...
  pcre_version.c
  zutil.c
  trees.c
  inftrees.c
  inflate.c
  inffast.c
  infback.c
  deflate.c
  crc32.c
  compress.c
  adler32.c
  Generating Code...
iphlpapi.lib(IPHLPAPI.DLL) : warning LNK4006: __NULL_IMPORT_DESCRIPTOR already defined in ws2_32.lib(WS2_32.dll); second definition ignored
  Foundation_vs140.vcxproj -> C:\Users\Administrator\workspace\bobsgame\lib\poco-1.7.5\Foundation\..\lib\PocoFoundationmtd.lib
