  XMLConfiguration.cpp
  WinService.cpp
  WinRegistryKey.cpp
  WinRegistryConfiguration.cpp
  Validator.cpp
  TimerTask.cpp
  Timer.cpp
  SystemConfiguration.cpp
  Subsystem.cpp
  ServerApplication.cpp
  RegExpValidator.cpp
  PropertyFileConfiguration.cpp
  OptionSet.cpp
  OptionProcessor.cpp
  OptionException.cpp
  OptionCallback.cpp
  Option.cpp
  MapConfiguration.cpp
  LoggingSubsystem.cpp
  LoggingConfigurator.cpp
  Generating Code...
  Compiling...
  LayeredConfiguration.cpp
  JSONConfiguration.cpp
  IntValidator.cpp
  IniFileConfiguration.cpp
  HelpFormatter.cpp
  FilesystemConfiguration.cpp
  ConfigurationView.cpp
  ConfigurationMapper.cpp
  Application.cpp
  AbstractConfiguration.cpp
  Generating Code...
  Util_vs140.vcxproj -> C:\Users\Administrator\workspace\bobsgame\lib\poco-1.7.5\Util\..\lib\PocoUtilmdd.lib
