c:\users\administrator\workspace\bobsgame\lib\poco-1.7.5\xml\obj\xml\release_static_md\domimplementation.obj
c:\users\administrator\workspace\bobsgame\lib\poco-1.7.5\xml\obj\xml\release_static_md\domexception.obj
c:\users\administrator\workspace\bobsgame\lib\poco-1.7.5\xml\obj\xml\release_static_md\dombuilder.obj
c:\users\administrator\workspace\bobsgame\lib\poco-1.7.5\xml\obj\xml\release_static_md\documenttype.obj
c:\users\administrator\workspace\bobsgame\lib\poco-1.7.5\xml\obj\xml\release_static_md\documentfragment.obj
c:\users\administrator\workspace\bobsgame\lib\poco-1.7.5\xml\obj\xml\release_static_md\documentevent.obj
c:\users\administrator\workspace\bobsgame\lib\poco-1.7.5\xml\obj\xml\release_static_md\document.obj
c:\users\administrator\workspace\bobsgame\lib\poco-1.7.5\xml\obj\xml\release_static_md\defaulthandler.obj
c:\users\administrator\workspace\bobsgame\lib\poco-1.7.5\xml\obj\xml\release_static_md\declhandler.obj
c:\users\administrator\workspace\bobsgame\lib\poco-1.7.5\xml\obj\xml\release_static_md\contenthandler.obj
c:\users\administrator\workspace\bobsgame\lib\poco-1.7.5\xml\obj\xml\release_static_md\comment.obj
c:\users\administrator\workspace\bobsgame\lib\poco-1.7.5\xml\obj\xml\release_static_md\childnodeslist.obj
c:\users\administrator\workspace\bobsgame\lib\poco-1.7.5\xml\obj\xml\release_static_md\characterdata.obj
c:\users\administrator\workspace\bobsgame\lib\poco-1.7.5\xml\obj\xml\release_static_md\cdatasection.obj
c:\users\administrator\workspace\bobsgame\lib\poco-1.7.5\xml\obj\xml\release_static_md\attrmap.obj
c:\users\administrator\workspace\bobsgame\lib\poco-1.7.5\xml\obj\xml\release_static_md\attributesimpl.obj
c:\users\administrator\workspace\bobsgame\lib\poco-1.7.5\xml\obj\xml\release_static_md\attributes.obj
c:\users\administrator\workspace\bobsgame\lib\poco-1.7.5\xml\obj\xml\release_static_md\attr.obj
c:\users\administrator\workspace\bobsgame\lib\poco-1.7.5\xml\obj\xml\release_static_md\abstractnode.obj
c:\users\administrator\workspace\bobsgame\lib\poco-1.7.5\xml\obj\xml\release_static_md\abstractcontainernode.obj
c:\users\administrator\workspace\bobsgame\lib\poco-1.7.5\xml\obj\xml\release_static_md\lexicalhandler.obj
c:\users\administrator\workspace\bobsgame\lib\poco-1.7.5\xml\obj\xml\release_static_md\inputsource.obj
c:\users\administrator\workspace\bobsgame\lib\poco-1.7.5\xml\obj\xml\release_static_md\eventtarget.obj
c:\users\administrator\workspace\bobsgame\lib\poco-1.7.5\xml\obj\xml\release_static_md\eventlistener.obj
c:\users\administrator\workspace\bobsgame\lib\poco-1.7.5\xml\obj\xml\release_static_md\eventexception.obj
c:\users\administrator\workspace\bobsgame\lib\poco-1.7.5\xml\obj\xml\release_static_md\eventdispatcher.obj
c:\users\administrator\workspace\bobsgame\lib\poco-1.7.5\xml\obj\xml\release_static_md\event.obj
c:\users\administrator\workspace\bobsgame\lib\poco-1.7.5\xml\obj\xml\release_static_md\errorhandler.obj
c:\users\administrator\workspace\bobsgame\lib\poco-1.7.5\xml\obj\xml\release_static_md\entityresolverimpl.obj
c:\users\administrator\workspace\bobsgame\lib\poco-1.7.5\xml\obj\xml\release_static_md\entityresolver.obj
c:\users\administrator\workspace\bobsgame\lib\poco-1.7.5\xml\obj\xml\release_static_md\entityreference.obj
c:\users\administrator\workspace\bobsgame\lib\poco-1.7.5\xml\obj\xml\release_static_md\entity.obj
c:\users\administrator\workspace\bobsgame\lib\poco-1.7.5\xml\obj\xml\release_static_md\elementsbytagnamelist.obj
c:\users\administrator\workspace\bobsgame\lib\poco-1.7.5\xml\obj\xml\release_static_md\element.obj
c:\users\administrator\workspace\bobsgame\lib\poco-1.7.5\xml\obj\xml\release_static_md\dtdmap.obj
c:\users\administrator\workspace\bobsgame\lib\poco-1.7.5\xml\obj\xml\release_static_md\dtdhandler.obj
c:\users\administrator\workspace\bobsgame\lib\poco-1.7.5\xml\obj\xml\release_static_md\domwriter.obj
c:\users\administrator\workspace\bobsgame\lib\poco-1.7.5\xml\obj\xml\release_static_md\domserializer.obj
c:\users\administrator\workspace\bobsgame\lib\poco-1.7.5\xml\obj\xml\release_static_md\domparser.obj
c:\users\administrator\workspace\bobsgame\lib\poco-1.7.5\xml\obj\xml\release_static_md\domobject.obj
c:\users\administrator\workspace\bobsgame\lib\poco-1.7.5\xml\obj\xml\release_static_md\treewalker.obj
c:\users\administrator\workspace\bobsgame\lib\poco-1.7.5\xml\obj\xml\release_static_md\text.obj
c:\users\administrator\workspace\bobsgame\lib\poco-1.7.5\xml\obj\xml\release_static_md\saxparser.obj
c:\users\administrator\workspace\bobsgame\lib\poco-1.7.5\xml\obj\xml\release_static_md\saxexception.obj
c:\users\administrator\workspace\bobsgame\lib\poco-1.7.5\xml\obj\xml\release_static_md\processinginstruction.obj
c:\users\administrator\workspace\bobsgame\lib\poco-1.7.5\xml\obj\xml\release_static_md\parserengine.obj
c:\users\administrator\workspace\bobsgame\lib\poco-1.7.5\xml\obj\xml\release_static_md\notation.obj
c:\users\administrator\workspace\bobsgame\lib\poco-1.7.5\xml\obj\xml\release_static_md\nodelist.obj
c:\users\administrator\workspace\bobsgame\lib\poco-1.7.5\xml\obj\xml\release_static_md\nodeiterator.obj
c:\users\administrator\workspace\bobsgame\lib\poco-1.7.5\xml\obj\xml\release_static_md\nodefilter.obj
c:\users\administrator\workspace\bobsgame\lib\poco-1.7.5\xml\obj\xml\release_static_md\nodeappender.obj
c:\users\administrator\workspace\bobsgame\lib\poco-1.7.5\xml\obj\xml\release_static_md\node.obj
c:\users\administrator\workspace\bobsgame\lib\poco-1.7.5\xml\obj\xml\release_static_md\namespacesupport.obj
c:\users\administrator\workspace\bobsgame\lib\poco-1.7.5\xml\obj\xml\release_static_md\namespacestrategy.obj
c:\users\administrator\workspace\bobsgame\lib\poco-1.7.5\xml\obj\xml\release_static_md\namepool.obj
c:\users\administrator\workspace\bobsgame\lib\poco-1.7.5\xml\obj\xml\release_static_md\namednodemap.obj
c:\users\administrator\workspace\bobsgame\lib\poco-1.7.5\xml\obj\xml\release_static_md\name.obj
c:\users\administrator\workspace\bobsgame\lib\poco-1.7.5\xml\obj\xml\release_static_md\mutationevent.obj
c:\users\administrator\workspace\bobsgame\lib\poco-1.7.5\xml\obj\xml\release_static_md\locatorimpl.obj
c:\users\administrator\workspace\bobsgame\lib\poco-1.7.5\xml\obj\xml\release_static_md\locator.obj
c:\users\administrator\workspace\bobsgame\lib\poco-1.7.5\xml\obj\xml\release_static_md\xmlwriter.obj
c:\users\administrator\workspace\bobsgame\lib\poco-1.7.5\xml\obj\xml\release_static_md\xmlreader.obj
c:\users\administrator\workspace\bobsgame\lib\poco-1.7.5\xml\obj\xml\release_static_md\xmlparse.obj
c:\users\administrator\workspace\bobsgame\lib\poco-1.7.5\xml\obj\xml\release_static_md\xmlfilterimpl.obj
c:\users\administrator\workspace\bobsgame\lib\poco-1.7.5\xml\obj\xml\release_static_md\xmlfilter.obj
c:\users\administrator\workspace\bobsgame\lib\poco-1.7.5\xml\obj\xml\release_static_md\xmlexception.obj
c:\users\administrator\workspace\bobsgame\lib\poco-1.7.5\xml\obj\xml\release_static_md\whitespacefilter.obj
c:\users\administrator\workspace\bobsgame\lib\poco-1.7.5\xml\obj\xml\release_static_md\xmltok.obj
c:\users\administrator\workspace\bobsgame\lib\poco-1.7.5\xml\obj\xml\release_static_md\xmlrole.obj
c:\users\administrator\workspace\bobsgame\lib\poco-1.7.5\lib\pocoxmlmd.lib
c:\users\administrator\workspace\bobsgame\lib\poco-1.7.5\xml\..\lib\pocoxmlmd.lib
c:\users\administrator\workspace\bobsgame\lib\poco-1.7.5\xml\obj\xml\release_static_md\xml.tlog\cl.command.1.tlog
c:\users\administrator\workspace\bobsgame\lib\poco-1.7.5\xml\obj\xml\release_static_md\xml.tlog\cl.read.1.tlog
c:\users\administrator\workspace\bobsgame\lib\poco-1.7.5\xml\obj\xml\release_static_md\xml.tlog\cl.write.1.tlog
c:\users\administrator\workspace\bobsgame\lib\poco-1.7.5\xml\obj\xml\release_static_md\xml.tlog\lib-link.read.1.tlog
c:\users\administrator\workspace\bobsgame\lib\poco-1.7.5\xml\obj\xml\release_static_md\xml.tlog\lib-link.write.1.tlog
c:\users\administrator\workspace\bobsgame\lib\poco-1.7.5\xml\obj\xml\release_static_md\xml.tlog\lib.command.1.tlog
