c:\users\administrator\desktop\poco-1.7.5-all\poco-1.7.5-all\xml\obj\xml\release_shared\domimplementation.obj
c:\users\administrator\desktop\poco-1.7.5-all\poco-1.7.5-all\xml\obj\xml\release_shared\domexception.obj
c:\users\administrator\desktop\poco-1.7.5-all\poco-1.7.5-all\xml\obj\xml\release_shared\dombuilder.obj
c:\users\administrator\desktop\poco-1.7.5-all\poco-1.7.5-all\xml\obj\xml\release_shared\documenttype.obj
c:\users\administrator\desktop\poco-1.7.5-all\poco-1.7.5-all\xml\obj\xml\release_shared\documentfragment.obj
c:\users\administrator\desktop\poco-1.7.5-all\poco-1.7.5-all\xml\obj\xml\release_shared\documentevent.obj
c:\users\administrator\desktop\poco-1.7.5-all\poco-1.7.5-all\xml\obj\xml\release_shared\document.obj
c:\users\administrator\desktop\poco-1.7.5-all\poco-1.7.5-all\xml\obj\xml\release_shared\defaulthandler.obj
c:\users\administrator\desktop\poco-1.7.5-all\poco-1.7.5-all\xml\obj\xml\release_shared\declhandler.obj
c:\users\administrator\desktop\poco-1.7.5-all\poco-1.7.5-all\xml\obj\xml\release_shared\contenthandler.obj
c:\users\administrator\desktop\poco-1.7.5-all\poco-1.7.5-all\xml\obj\xml\release_shared\comment.obj
c:\users\administrator\desktop\poco-1.7.5-all\poco-1.7.5-all\xml\obj\xml\release_shared\childnodeslist.obj
c:\users\administrator\desktop\poco-1.7.5-all\poco-1.7.5-all\xml\obj\xml\release_shared\characterdata.obj
c:\users\administrator\desktop\poco-1.7.5-all\poco-1.7.5-all\xml\obj\xml\release_shared\cdatasection.obj
c:\users\administrator\desktop\poco-1.7.5-all\poco-1.7.5-all\xml\obj\xml\release_shared\attrmap.obj
c:\users\administrator\desktop\poco-1.7.5-all\poco-1.7.5-all\xml\obj\xml\release_shared\attributesimpl.obj
c:\users\administrator\desktop\poco-1.7.5-all\poco-1.7.5-all\xml\obj\xml\release_shared\attributes.obj
c:\users\administrator\desktop\poco-1.7.5-all\poco-1.7.5-all\xml\obj\xml\release_shared\attr.obj
c:\users\administrator\desktop\poco-1.7.5-all\poco-1.7.5-all\xml\obj\xml\release_shared\abstractnode.obj
c:\users\administrator\desktop\poco-1.7.5-all\poco-1.7.5-all\xml\obj\xml\release_shared\abstractcontainernode.obj
c:\users\administrator\desktop\poco-1.7.5-all\poco-1.7.5-all\xml\obj\xml\release_shared\lexicalhandler.obj
c:\users\administrator\desktop\poco-1.7.5-all\poco-1.7.5-all\xml\obj\xml\release_shared\inputsource.obj
c:\users\administrator\desktop\poco-1.7.5-all\poco-1.7.5-all\xml\obj\xml\release_shared\eventtarget.obj
c:\users\administrator\desktop\poco-1.7.5-all\poco-1.7.5-all\xml\obj\xml\release_shared\eventlistener.obj
c:\users\administrator\desktop\poco-1.7.5-all\poco-1.7.5-all\xml\obj\xml\release_shared\eventexception.obj
c:\users\administrator\desktop\poco-1.7.5-all\poco-1.7.5-all\xml\obj\xml\release_shared\eventdispatcher.obj
c:\users\administrator\desktop\poco-1.7.5-all\poco-1.7.5-all\xml\obj\xml\release_shared\event.obj
c:\users\administrator\desktop\poco-1.7.5-all\poco-1.7.5-all\xml\obj\xml\release_shared\errorhandler.obj
c:\users\administrator\desktop\poco-1.7.5-all\poco-1.7.5-all\xml\obj\xml\release_shared\entityresolverimpl.obj
c:\users\administrator\desktop\poco-1.7.5-all\poco-1.7.5-all\xml\obj\xml\release_shared\entityresolver.obj
c:\users\administrator\desktop\poco-1.7.5-all\poco-1.7.5-all\xml\obj\xml\release_shared\entityreference.obj
c:\users\administrator\desktop\poco-1.7.5-all\poco-1.7.5-all\xml\obj\xml\release_shared\entity.obj
c:\users\administrator\desktop\poco-1.7.5-all\poco-1.7.5-all\xml\obj\xml\release_shared\elementsbytagnamelist.obj
c:\users\administrator\desktop\poco-1.7.5-all\poco-1.7.5-all\xml\obj\xml\release_shared\element.obj
c:\users\administrator\desktop\poco-1.7.5-all\poco-1.7.5-all\xml\obj\xml\release_shared\dtdmap.obj
c:\users\administrator\desktop\poco-1.7.5-all\poco-1.7.5-all\xml\obj\xml\release_shared\dtdhandler.obj
c:\users\administrator\desktop\poco-1.7.5-all\poco-1.7.5-all\xml\obj\xml\release_shared\domwriter.obj
c:\users\administrator\desktop\poco-1.7.5-all\poco-1.7.5-all\xml\obj\xml\release_shared\domserializer.obj
c:\users\administrator\desktop\poco-1.7.5-all\poco-1.7.5-all\xml\obj\xml\release_shared\domparser.obj
c:\users\administrator\desktop\poco-1.7.5-all\poco-1.7.5-all\xml\obj\xml\release_shared\domobject.obj
c:\users\administrator\desktop\poco-1.7.5-all\poco-1.7.5-all\xml\obj\xml\release_shared\treewalker.obj
c:\users\administrator\desktop\poco-1.7.5-all\poco-1.7.5-all\xml\obj\xml\release_shared\text.obj
c:\users\administrator\desktop\poco-1.7.5-all\poco-1.7.5-all\xml\obj\xml\release_shared\saxparser.obj
c:\users\administrator\desktop\poco-1.7.5-all\poco-1.7.5-all\xml\obj\xml\release_shared\saxexception.obj
c:\users\administrator\desktop\poco-1.7.5-all\poco-1.7.5-all\xml\obj\xml\release_shared\processinginstruction.obj
c:\users\administrator\desktop\poco-1.7.5-all\poco-1.7.5-all\xml\obj\xml\release_shared\parserengine.obj
c:\users\administrator\desktop\poco-1.7.5-all\poco-1.7.5-all\xml\obj\xml\release_shared\notation.obj
c:\users\administrator\desktop\poco-1.7.5-all\poco-1.7.5-all\xml\obj\xml\release_shared\nodelist.obj
c:\users\administrator\desktop\poco-1.7.5-all\poco-1.7.5-all\xml\obj\xml\release_shared\nodeiterator.obj
c:\users\administrator\desktop\poco-1.7.5-all\poco-1.7.5-all\xml\obj\xml\release_shared\nodefilter.obj
c:\users\administrator\desktop\poco-1.7.5-all\poco-1.7.5-all\xml\obj\xml\release_shared\nodeappender.obj
c:\users\administrator\desktop\poco-1.7.5-all\poco-1.7.5-all\xml\obj\xml\release_shared\node.obj
c:\users\administrator\desktop\poco-1.7.5-all\poco-1.7.5-all\xml\obj\xml\release_shared\namespacesupport.obj
c:\users\administrator\desktop\poco-1.7.5-all\poco-1.7.5-all\xml\obj\xml\release_shared\namespacestrategy.obj
c:\users\administrator\desktop\poco-1.7.5-all\poco-1.7.5-all\xml\obj\xml\release_shared\namepool.obj
c:\users\administrator\desktop\poco-1.7.5-all\poco-1.7.5-all\xml\obj\xml\release_shared\namednodemap.obj
c:\users\administrator\desktop\poco-1.7.5-all\poco-1.7.5-all\xml\obj\xml\release_shared\name.obj
c:\users\administrator\desktop\poco-1.7.5-all\poco-1.7.5-all\xml\obj\xml\release_shared\mutationevent.obj
c:\users\administrator\desktop\poco-1.7.5-all\poco-1.7.5-all\xml\obj\xml\release_shared\locatorimpl.obj
c:\users\administrator\desktop\poco-1.7.5-all\poco-1.7.5-all\xml\obj\xml\release_shared\locator.obj
c:\users\administrator\desktop\poco-1.7.5-all\poco-1.7.5-all\xml\obj\xml\release_shared\xmlwriter.obj
c:\users\administrator\desktop\poco-1.7.5-all\poco-1.7.5-all\xml\obj\xml\release_shared\xmlreader.obj
c:\users\administrator\desktop\poco-1.7.5-all\poco-1.7.5-all\xml\obj\xml\release_shared\xmlparse.obj
c:\users\administrator\desktop\poco-1.7.5-all\poco-1.7.5-all\xml\obj\xml\release_shared\xmlfilterimpl.obj
c:\users\administrator\desktop\poco-1.7.5-all\poco-1.7.5-all\xml\obj\xml\release_shared\xmlfilter.obj
c:\users\administrator\desktop\poco-1.7.5-all\poco-1.7.5-all\xml\obj\xml\release_shared\xmlexception.obj
c:\users\administrator\desktop\poco-1.7.5-all\poco-1.7.5-all\xml\obj\xml\release_shared\whitespacefilter.obj
c:\users\administrator\desktop\poco-1.7.5-all\poco-1.7.5-all\xml\obj\xml\release_shared\xmltok.obj
c:\users\administrator\desktop\poco-1.7.5-all\poco-1.7.5-all\xml\obj\xml\release_shared\xmlrole.obj
c:\users\administrator\workspace\bobsgame\lib\poco-1.7.5\xml\obj\xml\release_shared\domimplementation.obj
c:\users\administrator\workspace\bobsgame\lib\poco-1.7.5\xml\obj\xml\release_shared\domexception.obj
c:\users\administrator\workspace\bobsgame\lib\poco-1.7.5\xml\obj\xml\release_shared\dombuilder.obj
c:\users\administrator\workspace\bobsgame\lib\poco-1.7.5\xml\obj\xml\release_shared\documenttype.obj
c:\users\administrator\workspace\bobsgame\lib\poco-1.7.5\xml\obj\xml\release_shared\documentfragment.obj
c:\users\administrator\workspace\bobsgame\lib\poco-1.7.5\xml\obj\xml\release_shared\documentevent.obj
c:\users\administrator\workspace\bobsgame\lib\poco-1.7.5\xml\obj\xml\release_shared\document.obj
c:\users\administrator\workspace\bobsgame\lib\poco-1.7.5\xml\obj\xml\release_shared\defaulthandler.obj
c:\users\administrator\workspace\bobsgame\lib\poco-1.7.5\xml\obj\xml\release_shared\declhandler.obj
c:\users\administrator\workspace\bobsgame\lib\poco-1.7.5\xml\obj\xml\release_shared\contenthandler.obj
c:\users\administrator\workspace\bobsgame\lib\poco-1.7.5\xml\obj\xml\release_shared\comment.obj
c:\users\administrator\workspace\bobsgame\lib\poco-1.7.5\xml\obj\xml\release_shared\childnodeslist.obj
c:\users\administrator\workspace\bobsgame\lib\poco-1.7.5\xml\obj\xml\release_shared\characterdata.obj
c:\users\administrator\workspace\bobsgame\lib\poco-1.7.5\xml\obj\xml\release_shared\cdatasection.obj
c:\users\administrator\workspace\bobsgame\lib\poco-1.7.5\xml\obj\xml\release_shared\attrmap.obj
c:\users\administrator\workspace\bobsgame\lib\poco-1.7.5\xml\obj\xml\release_shared\attributesimpl.obj
c:\users\administrator\workspace\bobsgame\lib\poco-1.7.5\xml\obj\xml\release_shared\attributes.obj
c:\users\administrator\workspace\bobsgame\lib\poco-1.7.5\xml\obj\xml\release_shared\attr.obj
c:\users\administrator\workspace\bobsgame\lib\poco-1.7.5\xml\obj\xml\release_shared\abstractnode.obj
c:\users\administrator\workspace\bobsgame\lib\poco-1.7.5\xml\obj\xml\release_shared\abstractcontainernode.obj
c:\users\administrator\workspace\bobsgame\lib\poco-1.7.5\xml\obj\xml\release_shared\lexicalhandler.obj
c:\users\administrator\workspace\bobsgame\lib\poco-1.7.5\xml\obj\xml\release_shared\inputsource.obj
c:\users\administrator\workspace\bobsgame\lib\poco-1.7.5\xml\obj\xml\release_shared\eventtarget.obj
c:\users\administrator\workspace\bobsgame\lib\poco-1.7.5\xml\obj\xml\release_shared\eventlistener.obj
c:\users\administrator\workspace\bobsgame\lib\poco-1.7.5\xml\obj\xml\release_shared\eventexception.obj
c:\users\administrator\workspace\bobsgame\lib\poco-1.7.5\xml\obj\xml\release_shared\eventdispatcher.obj
c:\users\administrator\workspace\bobsgame\lib\poco-1.7.5\xml\obj\xml\release_shared\event.obj
c:\users\administrator\workspace\bobsgame\lib\poco-1.7.5\xml\obj\xml\release_shared\errorhandler.obj
c:\users\administrator\workspace\bobsgame\lib\poco-1.7.5\xml\obj\xml\release_shared\entityresolverimpl.obj
c:\users\administrator\workspace\bobsgame\lib\poco-1.7.5\xml\obj\xml\release_shared\entityresolver.obj
c:\users\administrator\workspace\bobsgame\lib\poco-1.7.5\xml\obj\xml\release_shared\entityreference.obj
c:\users\administrator\workspace\bobsgame\lib\poco-1.7.5\xml\obj\xml\release_shared\entity.obj
c:\users\administrator\workspace\bobsgame\lib\poco-1.7.5\xml\obj\xml\release_shared\elementsbytagnamelist.obj
c:\users\administrator\workspace\bobsgame\lib\poco-1.7.5\xml\obj\xml\release_shared\element.obj
c:\users\administrator\workspace\bobsgame\lib\poco-1.7.5\xml\obj\xml\release_shared\dtdmap.obj
c:\users\administrator\workspace\bobsgame\lib\poco-1.7.5\xml\obj\xml\release_shared\dtdhandler.obj
c:\users\administrator\workspace\bobsgame\lib\poco-1.7.5\xml\obj\xml\release_shared\domwriter.obj
c:\users\administrator\workspace\bobsgame\lib\poco-1.7.5\xml\obj\xml\release_shared\domserializer.obj
c:\users\administrator\workspace\bobsgame\lib\poco-1.7.5\xml\obj\xml\release_shared\domparser.obj
c:\users\administrator\workspace\bobsgame\lib\poco-1.7.5\xml\obj\xml\release_shared\domobject.obj
c:\users\administrator\workspace\bobsgame\lib\poco-1.7.5\xml\obj\xml\release_shared\treewalker.obj
c:\users\administrator\workspace\bobsgame\lib\poco-1.7.5\xml\obj\xml\release_shared\text.obj
c:\users\administrator\workspace\bobsgame\lib\poco-1.7.5\xml\obj\xml\release_shared\saxparser.obj
c:\users\administrator\workspace\bobsgame\lib\poco-1.7.5\xml\obj\xml\release_shared\saxexception.obj
c:\users\administrator\workspace\bobsgame\lib\poco-1.7.5\xml\obj\xml\release_shared\processinginstruction.obj
c:\users\administrator\workspace\bobsgame\lib\poco-1.7.5\xml\obj\xml\release_shared\parserengine.obj
c:\users\administrator\workspace\bobsgame\lib\poco-1.7.5\xml\obj\xml\release_shared\notation.obj
c:\users\administrator\workspace\bobsgame\lib\poco-1.7.5\xml\obj\xml\release_shared\nodelist.obj
c:\users\administrator\workspace\bobsgame\lib\poco-1.7.5\xml\obj\xml\release_shared\nodeiterator.obj
c:\users\administrator\workspace\bobsgame\lib\poco-1.7.5\xml\obj\xml\release_shared\nodefilter.obj
c:\users\administrator\workspace\bobsgame\lib\poco-1.7.5\xml\obj\xml\release_shared\nodeappender.obj
c:\users\administrator\workspace\bobsgame\lib\poco-1.7.5\xml\obj\xml\release_shared\node.obj
c:\users\administrator\workspace\bobsgame\lib\poco-1.7.5\xml\obj\xml\release_shared\namespacesupport.obj
c:\users\administrator\workspace\bobsgame\lib\poco-1.7.5\xml\obj\xml\release_shared\namespacestrategy.obj
c:\users\administrator\workspace\bobsgame\lib\poco-1.7.5\xml\obj\xml\release_shared\namepool.obj
c:\users\administrator\workspace\bobsgame\lib\poco-1.7.5\xml\obj\xml\release_shared\namednodemap.obj
c:\users\administrator\workspace\bobsgame\lib\poco-1.7.5\xml\obj\xml\release_shared\name.obj
c:\users\administrator\workspace\bobsgame\lib\poco-1.7.5\xml\obj\xml\release_shared\mutationevent.obj
c:\users\administrator\workspace\bobsgame\lib\poco-1.7.5\xml\obj\xml\release_shared\locatorimpl.obj
c:\users\administrator\workspace\bobsgame\lib\poco-1.7.5\xml\obj\xml\release_shared\locator.obj
c:\users\administrator\workspace\bobsgame\lib\poco-1.7.5\xml\obj\xml\release_shared\xmlwriter.obj
c:\users\administrator\workspace\bobsgame\lib\poco-1.7.5\xml\obj\xml\release_shared\xmlreader.obj
c:\users\administrator\workspace\bobsgame\lib\poco-1.7.5\xml\obj\xml\release_shared\xmlparse.obj
c:\users\administrator\workspace\bobsgame\lib\poco-1.7.5\xml\obj\xml\release_shared\xmlfilterimpl.obj
c:\users\administrator\workspace\bobsgame\lib\poco-1.7.5\xml\obj\xml\release_shared\xmlfilter.obj
c:\users\administrator\workspace\bobsgame\lib\poco-1.7.5\xml\obj\xml\release_shared\xmlexception.obj
c:\users\administrator\workspace\bobsgame\lib\poco-1.7.5\xml\obj\xml\release_shared\whitespacefilter.obj
c:\users\administrator\workspace\bobsgame\lib\poco-1.7.5\xml\obj\xml\release_shared\xmltok.obj
c:\users\administrator\workspace\bobsgame\lib\poco-1.7.5\xml\obj\xml\release_shared\xmlrole.obj
c:\users\administrator\desktop\poco-1.7.5-all\poco-1.7.5-all\bin\pocoxml.dll
c:\users\administrator\workspace\bobsgame\lib\poco-1.7.5\bin\pocoxml.dll
c:\users\administrator\desktop\poco-1.7.5-all\poco-1.7.5-all\lib\pocoxml.lib
c:\users\administrator\desktop\poco-1.7.5-all\poco-1.7.5-all\lib\pocoxml.exp
c:\users\administrator\workspace\bobsgame\lib\poco-1.7.5\lib\pocoxml.lib
c:\users\administrator\workspace\bobsgame\lib\poco-1.7.5\lib\pocoxml.exp
c:\users\administrator\workspace\bobsgame\lib\poco-1.7.5\xml\..\bin\pocoxml.dll
c:\users\administrator\workspace\bobsgame\lib\poco-1.7.5\xml\obj\xml\release_shared\xml.tlog\cl.command.1.tlog
c:\users\administrator\workspace\bobsgame\lib\poco-1.7.5\xml\obj\xml\release_shared\xml.tlog\cl.read.1.tlog
c:\users\administrator\workspace\bobsgame\lib\poco-1.7.5\xml\obj\xml\release_shared\xml.tlog\cl.write.1.tlog
c:\users\administrator\workspace\bobsgame\lib\poco-1.7.5\xml\obj\xml\release_shared\xml.tlog\link.command.1.tlog
c:\users\administrator\workspace\bobsgame\lib\poco-1.7.5\xml\obj\xml\release_shared\xml.tlog\link.read.1.tlog
c:\users\administrator\workspace\bobsgame\lib\poco-1.7.5\xml\obj\xml\release_shared\xml.tlog\link.write.1.tlog
c:\users\administrator\workspace\bobsgame\lib\poco-1.7.5\xml\obj\xml\release_shared\xml.tlog\xml.write.1u.tlog
