  XMLWriter.cpp
  XMLReader.cpp
  xmlparse.cpp
  XMLFilterImpl.cpp
  XMLFilter.cpp
  XMLException.cpp
  WhitespaceFilter.cpp
  TreeWalker.cpp
  Text.cpp
  SAXParser.cpp
  SAXException.cpp
  ProcessingInstruction.cpp
  ParserEngine.cpp
  Notation.cpp
  NodeList.cpp
  NodeIterator.cpp
  NodeFilter.cpp
  NodeAppender.cpp
  Node.cpp
  NamespaceSupport.cpp
  Generating Code...
  Compiling...
  NamespaceStrategy.cpp
  NamePool.cpp
  NamedNodeMap.cpp
  Name.cpp
  MutationEvent.cpp
  LocatorImpl.cpp
  Locator.cpp
  LexicalHandler.cpp
  InputSource.cpp
  EventTarget.cpp
  EventListener.cpp
  EventException.cpp
  EventDispatcher.cpp
  Event.cpp
  ErrorHandler.cpp
  EntityResolverImpl.cpp
  EntityResolver.cpp
  EntityReference.cpp
  Entity.cpp
  ElementsByTagNameList.cpp
  Generating Code...
  Compiling...
  Element.cpp
  DTDMap.cpp
  DTDHandler.cpp
  DOMWriter.cpp
  DOMSerializer.cpp
  DOMParser.cpp
  DOMObject.cpp
  DOMImplementation.cpp
  DOMException.cpp
  DOMBuilder.cpp
  DocumentType.cpp
  DocumentFragment.cpp
  DocumentEvent.cpp
  Document.cpp
  DefaultHandler.cpp
  DeclHandler.cpp
  ContentHandler.cpp
  Comment.cpp
  ChildNodesList.cpp
  CharacterData.cpp
  Generating Code...
  Compiling...
  CDATASection.cpp
  AttrMap.cpp
  AttributesImpl.cpp
  Attributes.cpp
  Attr.cpp
  AbstractNode.cpp
  AbstractContainerNode.cpp
  Generating Code...
  xmltok.c
  xmlrole.c
  Generating Code...
  XML_vs140.vcxproj -> C:\Users\Administrator\workspace\bobsgame\lib\poco-1.7.5\XML\..\lib\PocoXMLmdd.lib
