c:\users\administrator\desktop\poco-1.7.5-all\poco-1.7.5-all\util\obj\util\release_shared\regexpvalidator.obj
c:\users\administrator\desktop\poco-1.7.5-all\poco-1.7.5-all\util\obj\util\release_shared\propertyfileconfiguration.obj
c:\users\administrator\desktop\poco-1.7.5-all\poco-1.7.5-all\util\obj\util\release_shared\optionset.obj
c:\users\administrator\desktop\poco-1.7.5-all\poco-1.7.5-all\util\obj\util\release_shared\optionprocessor.obj
c:\users\administrator\desktop\poco-1.7.5-all\poco-1.7.5-all\util\obj\util\release_shared\optionexception.obj
c:\users\administrator\desktop\poco-1.7.5-all\poco-1.7.5-all\util\obj\util\release_shared\optioncallback.obj
c:\users\administrator\desktop\poco-1.7.5-all\poco-1.7.5-all\util\obj\util\release_shared\option.obj
c:\users\administrator\desktop\poco-1.7.5-all\poco-1.7.5-all\util\obj\util\release_shared\mapconfiguration.obj
c:\users\administrator\desktop\poco-1.7.5-all\poco-1.7.5-all\util\obj\util\release_shared\loggingsubsystem.obj
c:\users\administrator\desktop\poco-1.7.5-all\poco-1.7.5-all\util\obj\util\release_shared\loggingconfigurator.obj
c:\users\administrator\desktop\poco-1.7.5-all\poco-1.7.5-all\util\obj\util\release_shared\layeredconfiguration.obj
c:\users\administrator\desktop\poco-1.7.5-all\poco-1.7.5-all\util\obj\util\release_shared\jsonconfiguration.obj
c:\users\administrator\desktop\poco-1.7.5-all\poco-1.7.5-all\util\obj\util\release_shared\intvalidator.obj
c:\users\administrator\desktop\poco-1.7.5-all\poco-1.7.5-all\util\obj\util\release_shared\inifileconfiguration.obj
c:\users\administrator\desktop\poco-1.7.5-all\poco-1.7.5-all\util\obj\util\release_shared\helpformatter.obj
c:\users\administrator\desktop\poco-1.7.5-all\poco-1.7.5-all\util\obj\util\release_shared\filesystemconfiguration.obj
c:\users\administrator\desktop\poco-1.7.5-all\poco-1.7.5-all\util\obj\util\release_shared\configurationview.obj
c:\users\administrator\desktop\poco-1.7.5-all\poco-1.7.5-all\util\obj\util\release_shared\configurationmapper.obj
c:\users\administrator\desktop\poco-1.7.5-all\poco-1.7.5-all\util\obj\util\release_shared\application.obj
c:\users\administrator\desktop\poco-1.7.5-all\poco-1.7.5-all\util\obj\util\release_shared\abstractconfiguration.obj
c:\users\administrator\desktop\poco-1.7.5-all\poco-1.7.5-all\util\obj\util\release_shared\xmlconfiguration.obj
c:\users\administrator\desktop\poco-1.7.5-all\poco-1.7.5-all\util\obj\util\release_shared\winservice.obj
c:\users\administrator\desktop\poco-1.7.5-all\poco-1.7.5-all\util\obj\util\release_shared\winregistrykey.obj
c:\users\administrator\desktop\poco-1.7.5-all\poco-1.7.5-all\util\obj\util\release_shared\winregistryconfiguration.obj
c:\users\administrator\desktop\poco-1.7.5-all\poco-1.7.5-all\util\obj\util\release_shared\validator.obj
c:\users\administrator\desktop\poco-1.7.5-all\poco-1.7.5-all\util\obj\util\release_shared\timertask.obj
c:\users\administrator\desktop\poco-1.7.5-all\poco-1.7.5-all\util\obj\util\release_shared\timer.obj
c:\users\administrator\desktop\poco-1.7.5-all\poco-1.7.5-all\util\obj\util\release_shared\systemconfiguration.obj
c:\users\administrator\desktop\poco-1.7.5-all\poco-1.7.5-all\util\obj\util\release_shared\subsystem.obj
c:\users\administrator\desktop\poco-1.7.5-all\poco-1.7.5-all\util\obj\util\release_shared\serverapplication.obj
c:\users\administrator\workspace\bobsgame\lib\poco-1.7.5\util\obj\util\release_shared\regexpvalidator.obj
c:\users\administrator\workspace\bobsgame\lib\poco-1.7.5\util\obj\util\release_shared\propertyfileconfiguration.obj
c:\users\administrator\workspace\bobsgame\lib\poco-1.7.5\util\obj\util\release_shared\optionset.obj
c:\users\administrator\workspace\bobsgame\lib\poco-1.7.5\util\obj\util\release_shared\optionprocessor.obj
c:\users\administrator\workspace\bobsgame\lib\poco-1.7.5\util\obj\util\release_shared\optionexception.obj
c:\users\administrator\workspace\bobsgame\lib\poco-1.7.5\util\obj\util\release_shared\optioncallback.obj
c:\users\administrator\workspace\bobsgame\lib\poco-1.7.5\util\obj\util\release_shared\option.obj
c:\users\administrator\workspace\bobsgame\lib\poco-1.7.5\util\obj\util\release_shared\mapconfiguration.obj
c:\users\administrator\workspace\bobsgame\lib\poco-1.7.5\util\obj\util\release_shared\loggingsubsystem.obj
c:\users\administrator\workspace\bobsgame\lib\poco-1.7.5\util\obj\util\release_shared\loggingconfigurator.obj
c:\users\administrator\workspace\bobsgame\lib\poco-1.7.5\util\obj\util\release_shared\layeredconfiguration.obj
c:\users\administrator\workspace\bobsgame\lib\poco-1.7.5\util\obj\util\release_shared\jsonconfiguration.obj
c:\users\administrator\workspace\bobsgame\lib\poco-1.7.5\util\obj\util\release_shared\intvalidator.obj
c:\users\administrator\workspace\bobsgame\lib\poco-1.7.5\util\obj\util\release_shared\inifileconfiguration.obj
c:\users\administrator\workspace\bobsgame\lib\poco-1.7.5\util\obj\util\release_shared\helpformatter.obj
c:\users\administrator\workspace\bobsgame\lib\poco-1.7.5\util\obj\util\release_shared\filesystemconfiguration.obj
c:\users\administrator\workspace\bobsgame\lib\poco-1.7.5\util\obj\util\release_shared\configurationview.obj
c:\users\administrator\workspace\bobsgame\lib\poco-1.7.5\util\obj\util\release_shared\configurationmapper.obj
c:\users\administrator\workspace\bobsgame\lib\poco-1.7.5\util\obj\util\release_shared\application.obj
c:\users\administrator\workspace\bobsgame\lib\poco-1.7.5\util\obj\util\release_shared\abstractconfiguration.obj
c:\users\administrator\workspace\bobsgame\lib\poco-1.7.5\util\obj\util\release_shared\xmlconfiguration.obj
c:\users\administrator\workspace\bobsgame\lib\poco-1.7.5\util\obj\util\release_shared\winservice.obj
c:\users\administrator\workspace\bobsgame\lib\poco-1.7.5\util\obj\util\release_shared\winregistrykey.obj
c:\users\administrator\workspace\bobsgame\lib\poco-1.7.5\util\obj\util\release_shared\winregistryconfiguration.obj
c:\users\administrator\workspace\bobsgame\lib\poco-1.7.5\util\obj\util\release_shared\validator.obj
c:\users\administrator\workspace\bobsgame\lib\poco-1.7.5\util\obj\util\release_shared\timertask.obj
c:\users\administrator\workspace\bobsgame\lib\poco-1.7.5\util\obj\util\release_shared\timer.obj
c:\users\administrator\workspace\bobsgame\lib\poco-1.7.5\util\obj\util\release_shared\systemconfiguration.obj
c:\users\administrator\workspace\bobsgame\lib\poco-1.7.5\util\obj\util\release_shared\subsystem.obj
c:\users\administrator\workspace\bobsgame\lib\poco-1.7.5\util\obj\util\release_shared\serverapplication.obj
c:\users\administrator\desktop\poco-1.7.5-all\poco-1.7.5-all\bin\pocoutil.dll
c:\users\administrator\workspace\bobsgame\lib\poco-1.7.5\bin\pocoutil.dll
c:\users\administrator\desktop\poco-1.7.5-all\poco-1.7.5-all\lib\pocoutil.lib
c:\users\administrator\desktop\poco-1.7.5-all\poco-1.7.5-all\lib\pocoutil.exp
c:\users\administrator\workspace\bobsgame\lib\poco-1.7.5\lib\pocoutil.lib
c:\users\administrator\workspace\bobsgame\lib\poco-1.7.5\lib\pocoutil.exp
c:\users\administrator\workspace\bobsgame\lib\poco-1.7.5\util\..\bin\pocoutil.dll
c:\users\administrator\workspace\bobsgame\lib\poco-1.7.5\util\obj\util\release_shared\util.tlog\cl.command.1.tlog
c:\users\administrator\workspace\bobsgame\lib\poco-1.7.5\util\obj\util\release_shared\util.tlog\cl.read.1.tlog
c:\users\administrator\workspace\bobsgame\lib\poco-1.7.5\util\obj\util\release_shared\util.tlog\cl.write.1.tlog
c:\users\administrator\workspace\bobsgame\lib\poco-1.7.5\util\obj\util\release_shared\util.tlog\link.command.1.tlog
c:\users\administrator\workspace\bobsgame\lib\poco-1.7.5\util\obj\util\release_shared\util.tlog\link.read.1.tlog
c:\users\administrator\workspace\bobsgame\lib\poco-1.7.5\util\obj\util\release_shared\util.tlog\link.write.1.tlog
c:\users\administrator\workspace\bobsgame\lib\poco-1.7.5\util\obj\util\release_shared\util.tlog\util.write.1u.tlog
