  AbstractContainerNode.cpp
  AbstractNode.cpp
  Attr.cpp
  Attributes.cpp
  AttributesImpl.cpp
  AttrMap.cpp
  CDATASection.cpp
  CharacterData.cpp
  ChildNodesList.cpp
  Comment.cpp
  ContentHandler.cpp
  DeclHandler.cpp
  DefaultHandler.cpp
  Document.cpp
  DocumentEvent.cpp
  DocumentFragment.cpp
  DocumentType.cpp
  DOMBuilder.cpp
  DOMException.cpp
  DOMImplementation.cpp
  Generating Code...
  Compiling...
  DOMObject.cpp
  DOMParser.cpp
  DOMSerializer.cpp
  DOMWriter.cpp
  DTDHandler.cpp
  DTDMap.cpp
  Element.cpp
  ElementsByTagNameList.cpp
  Entity.cpp
  EntityReference.cpp
  EntityResolver.cpp
  EntityResolverImpl.cpp
  ErrorHandler.cpp
  Event.cpp
  EventDispatcher.cpp
  EventException.cpp
  EventListener.cpp
  EventTarget.cpp
  InputSource.cpp
  LexicalHandler.cpp
  Generating Code...
  Compiling...
  Locator.cpp
  LocatorImpl.cpp
  MutationEvent.cpp
  Name.cpp
  NamedNodeMap.cpp
  NamePool.cpp
  NamespaceStrategy.cpp
  NamespaceSupport.cpp
  Node.cpp
  NodeAppender.cpp
  NodeFilter.cpp
  NodeIterator.cpp
  NodeList.cpp
  Notation.cpp
  ParserEngine.cpp
  ProcessingInstruction.cpp
  SAXException.cpp
  SAXParser.cpp
  Text.cpp
  TreeWalker.cpp
  Generating Code...
  Compiling...
  WhitespaceFilter.cpp
  XMLException.cpp
  XMLFilter.cpp
  XMLFilterImpl.cpp
  xmlparse.cpp
  XMLReader.cpp
  XMLWriter.cpp
  Generating Code...
  xmlrole.c
  xmltok.c
  Generating Code...
  XML_vs140.vcxproj -> C:\Users\Administrator\workspace\bobsgame\lib\poco-1.7.5\XML\..\lib\PocoXMLmt.lib
