  AbstractHTTPRequestHandler.cpp
  DatagramSocket.cpp
  DatagramSocketImpl.cpp
  DialogSocket.cpp
  DNS.cpp
  FilePartSource.cpp
  FTPClientSession.cpp
  FTPStreamFactory.cpp
  HostEntry.cpp
  HTMLForm.cpp
  HTTPAuthenticationParams.cpp
  HTTPBasicCredentials.cpp
  HTTPBufferAllocator.cpp
  HTTPChunkedStream.cpp
  HTTPClientSession.cpp
  HTTPCookie.cpp
  HTTPCredentials.cpp
  HTTPDigestCredentials.cpp
  HTTPFixedLengthStream.cpp
  HTTPHeaderStream.cpp
  Generating Code...
  Compiling...
  HTTPIOStream.cpp
  HTTPMessage.cpp
  HTTPRequest.cpp
  HTTPRequestHandler.cpp
  HTTPRequestHandlerFactory.cpp
  HTTPResponse.cpp
  HTTPServer.cpp
  HTTPServerConnection.cpp
  HTTPServerConnectionFactory.cpp
  HTTPServerParams.cpp
  HTTPServerRequest.cpp
  HTTPServerRequestImpl.cpp
  HTTPServerResponse.cpp
  HTTPServerResponseImpl.cpp
  HTTPServerSession.cpp
  HTTPSession.cpp
  HTTPSessionFactory.cpp
  HTTPSessionInstantiator.cpp
  HTTPStream.cpp
  HTTPStreamFactory.cpp
  Generating Code...
  Compiling...
  ICMPClient.cpp
  ICMPEventArgs.cpp
  ICMPPacket.cpp
  ICMPPacketImpl.cpp
  ICMPSocket.cpp
  ICMPSocketImpl.cpp
  ICMPv4PacketImpl.cpp
  IPAddress.cpp
  IPAddressImpl.cpp
  MailMessage.cpp
  MailRecipient.cpp
  MailStream.cpp
  MediaType.cpp
  MessageHeader.cpp
  MulticastSocket.cpp
  MultipartReader.cpp
  MultipartWriter.cpp
  NameValueCollection.cpp
  Net.cpp
  NetException.cpp
  Generating Code...
  Compiling...
  NetworkInterface.cpp
  NTPClient.cpp
  NTPEventArgs.cpp
  NTPPacket.cpp
  NullPartHandler.cpp
  OAuth10Credentials.cpp
  OAuth20Credentials.cpp
  PartHandler.cpp
  PartSource.cpp
  PartStore.cpp
  POP3ClientSession.cpp
  QuotedPrintableDecoder.cpp
  QuotedPrintableEncoder.cpp
  RawSocket.cpp
  RawSocketImpl.cpp
  RemoteSyslogChannel.cpp
  RemoteSyslogListener.cpp
  ServerSocket.cpp
  ServerSocketImpl.cpp
  SMTPChannel.cpp
  Generating Code...
  Compiling...
  SMTPClientSession.cpp
  Socket.cpp
  SocketAddress.cpp
  SocketAddressImpl.cpp
  SocketImpl.cpp
  SocketNotification.cpp
  SocketNotifier.cpp
  SocketReactor.cpp
src\SocketReactor.cpp(107): warning C4244: 'argument': conversion from 'Poco::Timespan::TimeDiff' to 'long', possible loss of data
  SocketStream.cpp
  StreamSocket.cpp
  StreamSocketImpl.cpp
  StringPartSource.cpp
  TCPServer.cpp
  TCPServerConnection.cpp
  TCPServerConnectionFactory.cpp
  TCPServerDispatcher.cpp
  TCPServerParams.cpp
  WebSocket.cpp
  WebSocketImpl.cpp
  Generating Code...
iphlpapi.lib(IPHLPAPI.DLL) : warning LNK4006: __NULL_IMPORT_DESCRIPTOR already defined in ws2_32.lib(WS2_32.dll); second definition ignored
iphlpapi.lib(IPHLPAPI.DLL) : warning LNK4221: This object file does not define any previously undefined public symbols, so it will not be used by any link operation that consumes this library
  Net_vs140.vcxproj -> C:\Users\Administrator\workspace\bobsgame\lib\poco-1.7.5\Net\..\lib\PocoNetmd.lib
